
 Global mass balance
 ===================

 No. of | Total time  | Total inlet | Total outlet| Total trans.| Relation    | Deviation of
 timest.|             | massflow    | massflow    | mass incr.  | trans./inlet| mass balance
 (nstep)|   (timet)   | (m_in_tot)  | (m_out_tot) (m_stored_cool) (m..trans)  | (m..deviat) 
   [-]  |     [s]     |   [kg/s]    |   [kg/s]    |   [kg/s]    |             |
=============================================================================================
    10        0.0448        0.2705        0.2711        0.0000         0.00 %        -0.20 %
    20        0.0946        0.2686        0.2711        0.0000         0.00 %        -0.90 %
    30        0.1444        0.2656        0.2711        0.0000         0.00 %        -2.06 %
    40        0.1941        0.2616        0.2711        0.0000         0.00 %        -3.63 %
    50        0.2439        0.2569        0.2710        0.0000         0.00 %        -5.51 %
    60        0.2937        0.2520        0.2710        0.0000         0.00 %        -7.55 %
    70        0.3435        0.2474        0.2710        0.0000         0.00 %        -9.56 %
    80        0.3932        0.2435        0.2710        0.0000         0.00 %       -11.30 %
    90        0.4430        0.2408        0.2710        0.0000         0.00 %       -12.51 %
   100        0.4928        0.2397        0.2707        0.0000         0.00 %       -12.92 %
   110        0.5425        0.2403        0.2697        0.0000         0.00 %       -12.24 %
   120        0.5923        0.2426        0.2678        0.0000         0.00 %       -10.39 %
   130        0.6421        0.2461        0.2647        0.0000         0.00 %        -7.55 %
   140        0.6919        0.2506        0.2608        0.0000         0.00 %        -4.06 %
   150        0.7416        0.2555        0.2563        0.0000         0.00 %        -0.32 %
   160        0.7914        0.2603        0.2516        0.0000         0.00 %         3.31 %
   170        0.8412        0.2645        0.2473        0.0000         0.00 %         6.51 %
   180        0.8910        0.2679        0.2437        0.0000         0.00 %         9.02 %
   190        0.9407        0.2701        0.2413        0.0000         0.00 %        10.65 %
   200        0.9905        0.2710        0.2404        0.0000         0.00 %        11.29 %
   210        1.0403        0.2706        0.2412        0.0000         0.00 %        10.87 %
   220        1.0901        0.2689        0.2435        0.0000         0.00 %         9.45 %
   230        1.1399        0.2659        0.2470        0.0000         0.00 %         7.12 %
   240        1.1896        0.2620        0.2513        0.0000         0.00 %         4.08 %
   250        1.2394        0.2573        0.2559        0.0000         0.00 %         0.55 %
   260        1.2892        0.2524        0.2604        0.0000         0.00 %        -3.17 %
   270        1.3390        0.2478        0.2644        0.0000         0.00 %        -6.73 %
   280        1.3887        0.2438        0.2675        0.0000         0.00 %        -9.74 %
   290        1.4385        0.2410        0.2696        0.0000         0.00 %       -11.85 %
   300        1.4883        0.2397        0.2703        0.0000         0.00 %       -12.75 %
   310        1.5380        0.2402        0.2698        0.0000         0.00 %       -12.31 %
   320        1.5878        0.2423        0.2680        0.0000         0.00 %       -10.59 %
   330        1.6376        0.2458        0.2650        0.0000         0.00 %        -7.84 %
   340        1.6874        0.2502        0.2612        0.0000         0.00 %        -4.39 %
   350        1.7371        0.2550        0.2567        0.0000         0.00 %        -0.66 %
   360        1.7869        0.2598        0.2521        0.0000         0.00 %         3.00 %
   370        1.8367        0.2641        0.2477        0.0000         0.00 %         6.25 %
   380        1.8865        0.2676        0.2440        0.0000         0.00 %         8.83 %
   390        1.9362        0.2700        0.2415        0.0000         0.00 %        10.55 %
   400        1.9860        0.2710        0.2405        0.0000         0.00 %        11.27 %
