 Time step information and convergence control
 =============================================

#     Step      Number of         Number of         Time Step         Begin Step
#              Outer Its.  Inner Iterations          Size (s)                (s)



                         new time domain reached

   minimum   maximum    time      long      short   graphics    dump
    time      time     domain     edit      edit      edit
    step      step       end    interval  interval  interval  interval

  1.000E-16 1.000E+02 2.000E+00 1.000E-08 0.000E+00 0.000E+00 1.000E+01


 time step ratio      =  1.000E+03

         1              1                 1     0.1000000E-15      0.0000000E+00  0.4977688E-02  0.3527354E-25  0.0000000E+00  0.0000000E+00
     1     0.000E+00      1   1.000E-16   0.000E+00
         2              1                 0     0.4977691E-02      0.4977691E-02  0.4977687E-02  0.0000000E+00  0.0000000E+00  0.0000000E+00
     2     4.978E-03      1   4.978E-03   0.000E+00
         3              1                 0     0.4977691E-02      0.9955383E-02  0.4976824E-02  0.0000000E+00  0.0000000E+00  0.0000000E+00
     3     9.955E-03      1   4.978E-03   0.000E+00
         4              1                 0     0.4977629E-02      0.1493301E-01  0.4974620E-02  0.0000000E+00  0.0000000E+00  0.0000000E+00
     4     1.493E-02      1   4.978E-03   0.000E+00
         5              1                 0     0.4977440E-02      0.1991045E-01  0.4971701E-02  0.0000000E+00  0.0000000E+00  0.0000000E+00
     5     1.991E-02      1   4.977E-03   0.000E+00
         6              1                 0     0.4977142E-02      0.2488759E-01  0.4968418E-02  0.0000000E+00  0.0000000E+00  0.0000000E+00
     6     2.489E-02      1   4.977E-03   0.000E+00
         7              1                 0     0.4976766E-02      0.2986436E-01  0.4964958E-02  0.0000000E+00  0.0000000E+00  0.0000000E+00
     7     2.986E-02      1   4.977E-03   0.000E+00
         8              1                 0     0.4976339E-02      0.3484070E-01  0.4961418E-02  0.0000000E+00  0.0000000E+00  0.0000000E+00
     8     3.484E-02      1   4.976E-03   0.000E+00
         9              1                 0     0.4975880E-02      0.3981658E-01  0.4957852E-02  0.0000000E+00  0.0000000E+00  0.0000000E+00
     9     3.982E-02      1   4.976E-03   0.000E+00
        10              1                 0     0.4975403E-02      0.4479198E-01  0.4954294E-02  0.0000000E+00  0.0000000E+00  0.0000000E+00
    10     4.479E-02      1   4.975E-03   0.000E+00
        11              1                 0     0.4974920E-02      0.4976690E-01  0.4950740E-02  0.0000000E+00  0.0000000E+00  0.0000000E+00
    11     4.977E-02      1   4.975E-03   0.000E+00
        12              1                 0     0.4974430E-02      0.5474133E-01  0.4947209E-02  0.0000000E+00  0.0000000E+00  0.0000000E+00
    12     5.474E-02      1   4.974E-03   0.000E+00
        13              1                 0     0.4973937E-02      0.5971527E-01  0.4943715E-02  0.0000000E+00  0.0000000E+00  0.0000000E+00
    13     5.972E-02      1   4.974E-03   0.000E+00
        14              1                 0     0.4973448E-02      0.6468872E-01  0.4940241E-02  0.0000000E+00  0.0000000E+00  0.0000000E+00
    14     6.469E-02      1   4.973E-03   0.000E+00
        15              1                 0     0.4972957E-02      0.6966168E-01  0.4936810E-02  0.0000000E+00  0.0000000E+00  0.0000000E+00
    15     6.966E-02      1   4.973E-03   0.000E+00
        16              1                 0     0.4972471E-02      0.7463415E-01  0.4933409E-02  0.0000000E+00  0.0000000E+00  0.0000000E+00
    16     7.463E-02      1   4.972E-03   0.000E+00
        17              1                 0     0.4971985E-02      0.7960613E-01  0.4930054E-02  0.0000000E+00  0.0000000E+00  0.0000000E+00
    17     7.961E-02      1   4.972E-03   0.000E+00
        18              1                 0     0.4971504E-02      0.8457763E-01  0.4926733E-02  0.0000000E+00  0.0000000E+00  0.0000000E+00
    18     8.458E-02      1   4.972E-03   0.000E+00
        19              1                 0     0.4971023E-02      0.8954866E-01  0.4923467E-02  0.0000000E+00  0.0000000E+00  0.0000000E+00
    19     8.955E-02      1   4.971E-03   0.000E+00
        20              1                 0     0.4970550E-02      0.9451921E-01  0.4920236E-02  0.0000000E+00  0.0000000E+00  0.0000000E+00
    20     9.452E-02      1   4.971E-03   0.000E+00
        21              1                 0     0.4970078E-02      0.9948929E-01  0.4917055E-02  0.0000000E+00  0.0000000E+00  0.0000000E+00
    21     9.949E-02      1   4.970E-03   0.000E+00
        22              1                 0     0.4969610E-02      0.1044589E+00  0.4913934E-02  0.0000000E+00  0.0000000E+00  0.0000000E+00
    22     1.045E-01      1   4.970E-03   0.000E+00
        23              1                 0     0.4969149E-02      0.1094280E+00  0.4910857E-02  0.0000000E+00  0.0000000E+00  0.0000000E+00
    23     1.094E-01      1   4.969E-03   0.000E+00
        24              1                 0     0.4968692E-02      0.1143967E+00  0.4907833E-02  0.0000000E+00  0.0000000E+00  0.0000000E+00
    24     1.144E-01      1   4.969E-03   0.000E+00
        25              1                 0     0.4968240E-02      0.1193650E+00  0.4904867E-02  0.0000000E+00  0.0000000E+00  0.0000000E+00
    25     1.194E-01      1   4.968E-03   0.000E+00
        26              1                 0     0.4967793E-02      0.1243328E+00  0.4901962E-02  0.0000000E+00  0.0000000E+00  0.0000000E+00
    26     1.243E-01      1   4.968E-03   0.000E+00
        27              1                 0     0.4967351E-02      0.1293001E+00  0.4899120E-02  0.0000000E+00  0.0000000E+00  0.0000000E+00
    27     1.293E-01      1   4.967E-03   0.000E+00
        28              1                 0     0.4966917E-02      0.1342670E+00  0.4896338E-02  0.0000000E+00  0.0000000E+00  0.0000000E+00
    28     1.343E-01      1   4.967E-03   0.000E+00
        29              1                 0     0.4966490E-02      0.1392335E+00  0.4893620E-02  0.0000000E+00  0.0000000E+00  0.0000000E+00
    29     1.392E-01      1   4.966E-03   0.000E+00
        30              1                 0     0.4966069E-02      0.1441996E+00  0.4890969E-02  0.0000000E+00  0.0000000E+00  0.0000000E+00
    30     1.442E-01      1   4.966E-03   0.000E+00
        31              1                 0     0.4965654E-02      0.1491653E+00  0.4888387E-02  0.0000000E+00  0.0000000E+00  0.0000000E+00
    31     1.492E-01      1   4.966E-03   0.000E+00
        32              1                 0     0.4965247E-02      0.1541305E+00  0.4885875E-02  0.0000000E+00  0.0000000E+00  0.0000000E+00
    32     1.541E-01      1   4.965E-03   0.000E+00
        33              1                 0     0.4964848E-02      0.1590953E+00  0.4883436E-02  0.0000000E+00  0.0000000E+00  0.0000000E+00
    33     1.591E-01      1   4.965E-03   0.000E+00
        34              1                 0     0.4964457E-02      0.1640598E+00  0.4881072E-02  0.0000000E+00  0.0000000E+00  0.0000000E+00
    34     1.641E-01      1   4.964E-03   0.000E+00
        35              1                 0     0.4964075E-02      0.1690239E+00  0.4878785E-02  0.0000000E+00  0.0000000E+00  0.0000000E+00
    35     1.690E-01      1   4.964E-03   0.000E+00
        36              1                 0     0.4963701E-02      0.1739876E+00  0.4876575E-02  0.0000000E+00  0.0000000E+00  0.0000000E+00
    36     1.740E-01      1   4.964E-03   0.000E+00
        37              1                 0     0.4963336E-02      0.1789509E+00  0.4874447E-02  0.0000000E+00  0.0000000E+00  0.0000000E+00
    37     1.790E-01      1   4.963E-03   0.000E+00
        38              1                 0     0.4962981E-02      0.1839139E+00  0.4872400E-02  0.0000000E+00  0.0000000E+00  0.0000000E+00
    38     1.839E-01      1   4.963E-03   0.000E+00
        39              1                 0     0.4962635E-02      0.1888765E+00  0.4870442E-02  0.0000000E+00  0.0000000E+00  0.0000000E+00
    39     1.889E-01      1   4.963E-03   0.000E+00
        40              1                 0     0.4962300E-02      0.1938388E+00  0.4868569E-02  0.0000000E+00  0.0000000E+00  0.0000000E+00
    40     1.938E-01      1   4.962E-03   0.000E+00
        41              1                 0     0.4961977E-02      0.1988008E+00  0.4866783E-02  0.0000000E+00  0.0000000E+00  0.0000000E+00
    41     1.988E-01      1   4.962E-03   0.000E+00
        42              1                 0     0.4961665E-02      0.2037625E+00  0.4865085E-02  0.0000000E+00  0.0000000E+00  0.0000000E+00
    42     2.038E-01      1   4.962E-03   0.000E+00
        43              1                 0     0.4961363E-02      0.2087238E+00  0.4863479E-02  0.0000000E+00  0.0000000E+00  0.0000000E+00
    43     2.087E-01      1   4.961E-03   0.000E+00
        44              1                 0     0.4961073E-02      0.2136849E+00  0.4861965E-02  0.0000000E+00  0.0000000E+00  0.0000000E+00
    44     2.137E-01      1   4.961E-03   0.000E+00
        45              1                 0     0.4960795E-02      0.2186457E+00  0.4860548E-02  0.0000000E+00  0.0000000E+00  0.0000000E+00
    45     2.186E-01      1   4.961E-03   0.000E+00
        46              1                 0     0.4960529E-02      0.2236062E+00  0.4859236E-02  0.0000000E+00  0.0000000E+00  0.0000000E+00
    46     2.236E-01      1   4.961E-03   0.000E+00
        47              1                 0     0.4960278E-02      0.2285665E+00  0.4858017E-02  0.0000000E+00  0.0000000E+00  0.0000000E+00
    47     2.286E-01      1   4.960E-03   0.000E+00
        48              1                 0     0.4960041E-02      0.2335266E+00  0.4856897E-02  0.0000000E+00  0.0000000E+00  0.0000000E+00
    48     2.335E-01      1   4.960E-03   0.000E+00
        49              1                 0     0.4959817E-02      0.2384864E+00  0.4855878E-02  0.0000000E+00  0.0000000E+00  0.0000000E+00
    49     2.385E-01      1   4.960E-03   0.000E+00
        50              1                 0     0.4959607E-02      0.2434460E+00  0.4854965E-02  0.0000000E+00  0.0000000E+00  0.0000000E+00
    50     2.434E-01      1   4.960E-03   0.000E+00
        51              1                 0     0.4959410E-02      0.2484054E+00  0.4854161E-02  0.0000000E+00  0.0000000E+00  0.0000000E+00
    51     2.484E-01      1   4.959E-03   0.000E+00
        52              1                 0     0.4959229E-02      0.2533646E+00  0.4853467E-02  0.0000000E+00  0.0000000E+00  0.0000000E+00
    52     2.534E-01      1   4.959E-03   0.000E+00
        53              1                 0     0.4959066E-02      0.2583237E+00  0.4852877E-02  0.0000000E+00  0.0000000E+00  0.0000000E+00
    53     2.583E-01      1   4.959E-03   0.000E+00
        54              1                 0     0.4958918E-02      0.2632826E+00  0.4852396E-02  0.0000000E+00  0.0000000E+00  0.0000000E+00
    54     2.633E-01      1   4.959E-03   0.000E+00
        55              1                 0     0.4958785E-02      0.2682414E+00  0.4852026E-02  0.0000000E+00  0.0000000E+00  0.0000000E+00
    55     2.682E-01      1   4.959E-03   0.000E+00
        56              1                 0     0.4958669E-02      0.2732001E+00  0.4851771E-02  0.0000000E+00  0.0000000E+00  0.0000000E+00
    56     2.732E-01      1   4.959E-03   0.000E+00
        57              1                 1     0.4958569E-02      0.2781586E+00  0.4851638E-02  0.1510068E-04  0.0000000E+00  0.0000000E+00
    57     2.782E-01      1   4.959E-03   0.000E+00
        58              1                 0     0.4958488E-02      0.2831171E+00  0.4851618E-02  0.0000000E+00  0.0000000E+00  0.0000000E+00
    58     2.831E-01      1   4.958E-03   0.000E+00
        59              1                 0     0.4958426E-02      0.2880755E+00  0.4851714E-02  0.0000000E+00  0.0000000E+00  0.0000000E+00
    59     2.881E-01      1   4.958E-03   0.000E+00
        60              1                 0     0.4958382E-02      0.2930339E+00  0.4851928E-02  0.0000000E+00  0.0000000E+00  0.0000000E+00
    60     2.930E-01      1   4.958E-03   0.000E+00
        61              1                 0     0.4958356E-02      0.2979923E+00  0.4852262E-02  0.0000000E+00  0.0000000E+00  0.0000000E+00
    61     2.980E-01      1   4.958E-03   0.000E+00
        62              1                 0     0.4958349E-02      0.3029506E+00  0.4852717E-02  0.0000000E+00  0.0000000E+00  0.0000000E+00
    62     3.030E-01      1   4.958E-03   0.000E+00
        63              1                 0     0.4958361E-02      0.3079090E+00  0.4853294E-02  0.0000000E+00  0.0000000E+00  0.0000000E+00
    63     3.079E-01      1   4.958E-03   0.000E+00
        64              1                 0     0.4958392E-02      0.3128674E+00  0.4853995E-02  0.0000000E+00  0.0000000E+00  0.0000000E+00
    64     3.129E-01      1   4.958E-03   0.000E+00
        65              1                 0     0.4958443E-02      0.3178258E+00  0.4854819E-02  0.0000000E+00  0.0000000E+00  0.0000000E+00
    65     3.178E-01      1   4.958E-03   0.000E+00
        66              1                 0     0.4958515E-02      0.3227843E+00  0.4855700E-02  0.0000000E+00  0.0000000E+00  0.0000000E+00
    66     3.228E-01      1   4.959E-03   0.000E+00
        67              1                 0     0.4958591E-02      0.3277429E+00  0.4856389E-02  0.0000000E+00  0.0000000E+00  0.0000000E+00
    67     3.277E-01      1   4.959E-03   0.000E+00
        68              1                 0     0.4958660E-02      0.3327016E+00  0.4856966E-02  0.0000000E+00  0.0000000E+00  0.0000000E+00
    68     3.327E-01      1   4.959E-03   0.000E+00
        69              1                 0     0.4958740E-02      0.3376603E+00  0.4857664E-02  0.0000000E+00  0.0000000E+00  0.0000000E+00
    69     3.377E-01      1   4.959E-03   0.000E+00
        70              1                 0     0.4958807E-02      0.3426191E+00  0.4858230E-02  0.0000000E+00  0.0000000E+00  0.0000000E+00
    70     3.426E-01      1   4.959E-03   0.000E+00
        71              1                 0     0.4958885E-02      0.3475780E+00  0.4858878E-02  0.0000000E+00  0.0000000E+00  0.0000000E+00
    71     3.476E-01      1   4.959E-03   0.000E+00
        72              1                 0     0.4958948E-02      0.3525370E+00  0.4859504E-02  0.0000000E+00  0.0000000E+00  0.0000000E+00
    72     3.525E-01      1   4.959E-03   0.000E+00
        73              1                 0     0.4959023E-02      0.3574960E+00  0.4860072E-02  0.0000000E+00  0.0000000E+00  0.0000000E+00
    73     3.575E-01      1   4.959E-03   0.000E+00
        74              1                 0     0.4959082E-02      0.3624551E+00  0.4860775E-02  0.0000000E+00  0.0000000E+00  0.0000000E+00
    74     3.625E-01      1   4.959E-03   0.000E+00
        75              1                 0     0.4959152E-02      0.3674142E+00  0.4861241E-02  0.0000000E+00  0.0000000E+00  0.0000000E+00
    75     3.674E-01      1   4.959E-03   0.000E+00
        76              1                 0     0.4959206E-02      0.3723734E+00  0.4861844E-02  0.0000000E+00  0.0000000E+00  0.0000000E+00
    76     3.724E-01      1   4.959E-03   0.000E+00
        77              1                 0     0.4959270E-02      0.3773327E+00  0.4862456E-02  0.0000000E+00  0.0000000E+00  0.0000000E+00
    77     3.773E-01      1   4.959E-03   0.000E+00
        78              1                 0     0.4959319E-02      0.3822920E+00  0.4862980E-02  0.0000000E+00  0.0000000E+00  0.0000000E+00
    78     3.823E-01      1   4.959E-03   0.000E+00
        79              1                 0     0.4959382E-02      0.3872514E+00  0.4863653E-02  0.0000000E+00  0.0000000E+00  0.0000000E+00
    79     3.873E-01      1   4.959E-03   0.000E+00
        80              1                 0     0.4959427E-02      0.3922108E+00  0.4864078E-02  0.0000000E+00  0.0000000E+00  0.0000000E+00
    80     3.922E-01      1   4.959E-03   0.000E+00
        81              1                 0     0.4959481E-02      0.3971703E+00  0.4864642E-02  0.0000000E+00  0.0000000E+00  0.0000000E+00
    81     3.972E-01      1   4.959E-03   0.000E+00
        82              1                 0     0.4959521E-02      0.4021298E+00  0.4865298E-02  0.0000000E+00  0.0000000E+00  0.0000000E+00
    82     4.021E-01      1   4.960E-03   0.000E+00
        83              1                 0     0.4959574E-02      0.4070894E+00  0.4865634E-02  0.0000000E+00  0.0000000E+00  0.0000000E+00
    83     4.071E-01      1   4.960E-03   0.000E+00
        84              1                 0     0.4959604E-02      0.4120490E+00  0.4866260E-02  0.0000000E+00  0.0000000E+00  0.0000000E+00
    84     4.120E-01      1   4.960E-03   0.000E+00
        85              1                 0     0.4959653E-02      0.4170087E+00  0.4866759E-02  0.0000000E+00  0.0000000E+00  0.0000000E+00
    85     4.170E-01      1   4.960E-03   0.000E+00
        86              1                 0     0.4959681E-02      0.4219683E+00  0.4867184E-02  0.0000000E+00  0.0000000E+00  0.0000000E+00
    86     4.220E-01      1   4.960E-03   0.000E+00
        87              1                 0     0.4959724E-02      0.4269281E+00  0.4867816E-02  0.0000000E+00  0.0000000E+00  0.0000000E+00
    87     4.269E-01      1   4.960E-03   0.000E+00
        88              1                 0     0.4959746E-02      0.4318878E+00  0.4868155E-02  0.0000000E+00  0.0000000E+00  0.0000000E+00
    88     4.319E-01      1   4.960E-03   0.000E+00
        89              1                 0     0.4959784E-02      0.4368476E+00  0.4868615E-02  0.0000000E+00  0.0000000E+00  0.0000000E+00
    89     4.368E-01      1   4.960E-03   0.000E+00
        90              1                 0     0.4959801E-02      0.4418074E+00  0.4869262E-02  0.0000000E+00  0.0000000E+00  0.0000000E+00
    90     4.418E-01      1   4.960E-03   0.000E+00
        91              1                 0     0.4959835E-02      0.4467672E+00  0.4869494E-02  0.0000000E+00  0.0000000E+00  0.0000000E+00
    91     4.468E-01      1   4.960E-03   0.000E+00
        92              1                 0     0.4959847E-02      0.4517271E+00  0.4870032E-02  0.0000000E+00  0.0000000E+00  0.0000000E+00
    92     4.517E-01      1   4.960E-03   0.000E+00
        93              1                 0     0.4959876E-02      0.4566869E+00  0.4870486E-02  0.0000000E+00  0.0000000E+00  0.0000000E+00
    93     4.567E-01      1   4.960E-03   0.000E+00
        94              1                 0     0.4959886E-02      0.4616468E+00  0.4870804E-02  0.0000000E+00  0.0000000E+00  0.0000000E+00
    94     4.616E-01      1   4.960E-03   0.000E+00
        95              1                 0     0.4959911E-02      0.4666067E+00  0.4871394E-02  0.0000000E+00  0.0000000E+00  0.0000000E+00
    95     4.666E-01      1   4.960E-03   0.000E+00
        96              1                 0     0.4959915E-02      0.4715667E+00  0.4871690E-02  0.0000000E+00  0.0000000E+00  0.0000000E+00
    96     4.716E-01      1   4.960E-03   0.000E+00
        97              1                 0     0.4959939E-02      0.4765266E+00  0.4872122E-02  0.0000000E+00  0.0000000E+00  0.0000000E+00
    97     4.765E-01      1   4.960E-03   0.000E+00
        98              1                 0     0.4959942E-02      0.4814865E+00  0.4872741E-02  0.0000000E+00  0.0000000E+00  0.0000000E+00
    98     4.815E-01      1   4.960E-03   0.000E+00
        99              1                 0     0.4959963E-02      0.4864465E+00  0.4872898E-02  0.0000000E+00  0.0000000E+00  0.0000000E+00
    99     4.864E-01      1   4.960E-03   0.000E+00
       100              1                 0     0.4959962E-02      0.4914065E+00  0.4873395E-02  0.0000000E+00  0.0000000E+00  0.0000000E+00
   100     4.914E-01      1   4.960E-03   0.000E+00
       101              1                 0     0.4959979E-02      0.4963664E+00  0.4873842E-02  0.0000000E+00  0.0000000E+00  0.0000000E+00
   101     4.964E-01      1   4.960E-03   0.000E+00
       102              1                 0     0.4959976E-02      0.5013264E+00  0.4874123E-02  0.0000000E+00  0.0000000E+00  0.0000000E+00
   102     5.013E-01      1   4.960E-03   0.000E+00
       103              1                 0     0.4959993E-02      0.5062864E+00  0.4874746E-02  0.0000000E+00  0.0000000E+00  0.0000000E+00
   103     5.063E-01      1   4.960E-03   0.000E+00
       104              1                 0     0.4959990E-02      0.5112464E+00  0.4875049E-02  0.0000000E+00  0.0000000E+00  0.0000000E+00
   104     5.112E-01      1   4.960E-03   0.000E+00
       105              1                 0     0.4960009E-02      0.5162064E+00  0.4875482E-02  0.0000000E+00  0.0000000E+00  0.0000000E+00
   105     5.162E-01      1   4.960E-03   0.000E+00
       106              1                 0     0.4960007E-02      0.5211664E+00  0.4876231E-02  0.0000000E+00  0.0000000E+00  0.0000000E+00
   106     5.212E-01      1   4.960E-03   0.000E+00
       107              1                 0     0.4960028E-02      0.5261264E+00  0.4876408E-02  0.0000000E+00  0.0000000E+00  0.0000000E+00
   107     5.261E-01      1   4.960E-03   0.000E+00
       108              1                 0     0.4960028E-02      0.5310865E+00  0.4876962E-02  0.0000000E+00  0.0000000E+00  0.0000000E+00
   108     5.311E-01      1   4.960E-03   0.000E+00
       109              1                 0     0.4960049E-02      0.5360465E+00  0.4877582E-02  0.0000000E+00  0.0000000E+00  0.0000000E+00
   109     5.360E-01      1   4.960E-03   0.000E+00
       110              1                 0     0.4960050E-02      0.5410066E+00  0.4877837E-02  0.0000000E+00  0.0000000E+00  0.0000000E+00
   110     5.410E-01      1   4.960E-03   0.000E+00
       111              1                 0     0.4960070E-02      0.5459666E+00  0.4878512E-02  0.0000000E+00  0.0000000E+00  0.0000000E+00
   111     5.460E-01      1   4.960E-03   0.000E+00
       112              1                 0     0.4960071E-02      0.5509267E+00  0.4879029E-02  0.0000000E+00  0.0000000E+00  0.0000000E+00
   112     5.509E-01      1   4.960E-03   0.000E+00
       113              1                 0     0.4960097E-02      0.5558868E+00  0.4879479E-02  0.0000000E+00  0.0000000E+00  0.0000000E+00
   113     5.559E-01      1   4.960E-03   0.000E+00
       114              1                 0     0.4960104E-02      0.5608469E+00  0.4880296E-02  0.0000000E+00  0.0000000E+00  0.0000000E+00
   114     5.608E-01      1   4.960E-03   0.000E+00
       115              1                 0     0.4960132E-02      0.5658070E+00  0.4880703E-02  0.0000000E+00  0.0000000E+00  0.0000000E+00
   115     5.658E-01      1   4.960E-03   0.000E+00
       116              1                 0     0.4960143E-02      0.5707672E+00  0.4881284E-02  0.0000000E+00  0.0000000E+00  0.0000000E+00
   116     5.708E-01      1   4.960E-03   0.000E+00
       117              1                 0     0.4960174E-02      0.5757274E+00  0.4882253E-02  0.0000000E+00  0.0000000E+00  0.0000000E+00
   117     5.757E-01      1   4.960E-03   0.000E+00
       118              1                 0     0.4960189E-02      0.5806876E+00  0.4882570E-02  0.0000000E+00  0.0000000E+00  0.0000000E+00
   118     5.807E-01      1   4.960E-03   0.000E+00
       119              1                 0     0.4960225E-02      0.5856478E+00  0.4883323E-02  0.0000000E+00  0.0000000E+00  0.0000000E+00
   119     5.856E-01      1   4.960E-03   0.000E+00
       120              1                 0     0.4960246E-02      0.5906080E+00  0.4884258E-02  0.0000000E+00  0.0000000E+00  0.0000000E+00
   120     5.906E-01      1   4.960E-03   0.000E+00
       121              1                 0     0.4960286E-02      0.5955683E+00  0.4884668E-02  0.0000000E+00  0.0000000E+00  0.0000000E+00
   121     5.956E-01      1   4.960E-03   0.000E+00
       122              1                 0     0.4960311E-02      0.6005286E+00  0.4885562E-02  0.0000000E+00  0.0000000E+00  0.0000000E+00
   122     6.005E-01      1   4.960E-03   0.000E+00
       123              1                 0     0.4960356E-02      0.6054890E+00  0.4886437E-02  0.0000000E+00  0.0000000E+00  0.0000000E+00
   123     6.055E-01      1   4.960E-03   0.000E+00
       124              1                 0     0.4960387E-02      0.6104494E+00  0.4887010E-02  0.0000000E+00  0.0000000E+00  0.0000000E+00
   124     6.104E-01      1   4.960E-03   0.000E+00
       125              1                 0     0.4960438E-02      0.6154098E+00  0.4888043E-02  0.0000000E+00  0.0000000E+00  0.0000000E+00
   125     6.154E-01      1   4.960E-03   0.000E+00
       126              1                 0     0.4960473E-02      0.6203703E+00  0.4888850E-02  0.0000000E+00  0.0000000E+00  0.0000000E+00
   126     6.204E-01      1   4.960E-03   0.000E+00
       127              1                 0     0.4960528E-02      0.6253308E+00  0.4889574E-02  0.0000000E+00  0.0000000E+00  0.0000000E+00
   127     6.253E-01      1   4.961E-03   0.000E+00
       128              1                 0     0.4960570E-02      0.6302914E+00  0.4890762E-02  0.0000000E+00  0.0000000E+00  0.0000000E+00
   128     6.303E-01      1   4.961E-03   0.000E+00
       129              1                 0     0.4960631E-02      0.6352520E+00  0.4891485E-02  0.0000000E+00  0.0000000E+00  0.0000000E+00
   129     6.353E-01      1   4.961E-03   0.000E+00
       130              1                 0     0.4960677E-02      0.6402127E+00  0.4892328E-02  0.0000000E+00  0.0000000E+00  0.0000000E+00
   130     6.402E-01      1   4.961E-03   0.000E+00
       131              1                 0     0.4960740E-02      0.6451734E+00  0.4893656E-02  0.0000000E+00  0.0000000E+00  0.0000000E+00
   131     6.452E-01      1   4.961E-03   0.000E+00
       132              1                 0     0.4960793E-02      0.6501342E+00  0.4894371E-02  0.0000000E+00  0.0000000E+00  0.0000000E+00
   132     6.501E-01      1   4.961E-03   0.000E+00
       133              1                 0     0.4960863E-02      0.6550951E+00  0.4895358E-02  0.0000000E+00  0.0000000E+00  0.0000000E+00
   133     6.551E-01      1   4.961E-03   0.000E+00
       134              1                 0     0.4960921E-02      0.6600560E+00  0.4896783E-02  0.0000000E+00  0.0000000E+00  0.0000000E+00
   134     6.601E-01      1   4.961E-03   0.000E+00
       135              1                 0     0.4960994E-02      0.6650170E+00  0.4897447E-02  0.0000000E+00  0.0000000E+00  0.0000000E+00
   135     6.650E-01      1   4.961E-03   0.000E+00
       136              1                 0     0.4961054E-02      0.6699780E+00  0.4898520E-02  0.0000000E+00  0.0000000E+00  0.0000000E+00
   136     6.700E-01      1   4.961E-03   0.000E+00
       137              1                 0     0.4961130E-02      0.6749392E+00  0.4900049E-02  0.0000000E+00  0.0000000E+00  0.0000000E+00
   137     6.749E-01      1   4.961E-03   0.000E+00
       138              1                 0     0.4961194E-02      0.6799004E+00  0.4900720E-02  0.0000000E+00  0.0000000E+00  0.0000000E+00
   138     6.799E-01      1   4.961E-03   0.000E+00
       139              1                 0     0.4961273E-02      0.6848616E+00  0.4902044E-02  0.0000000E+00  0.0000000E+00  0.0000000E+00
   139     6.849E-01      1   4.961E-03   0.000E+00
       140              1                 0     0.4961340E-02      0.6898230E+00  0.4903836E-02  0.0000000E+00  0.0000000E+00  0.0000000E+00
   140     6.898E-01      1   4.961E-03   0.000E+00
       141              1                 0     0.4961422E-02      0.6947844E+00  0.4910608E-02  0.0000000E+00  0.0000000E+00  0.0000000E+00
   141     6.948E-01      1   4.961E-03   0.000E+00
       142              1                 0     0.4961493E-02      0.6997459E+00  0.4932533E-02  0.0000000E+00  0.0000000E+00  0.0000000E+00
   142     6.997E-01      1   4.961E-03   0.000E+00
       143              1                 0     0.4961577E-02      0.7047075E+00  0.4928234E-02  0.0000000E+00  0.0000000E+00  0.0000000E+00
   143     7.047E-01      1   4.962E-03   0.000E+00
       144              1                 0     0.4961650E-02      0.7096691E+00  0.4952771E-02  0.0000000E+00  0.0000000E+00  0.0000000E+00
   144     7.097E-01      1   4.962E-03   0.000E+00
       145              1                 0     0.4961735E-02      0.7146309E+00  0.4976058E-02  0.0000000E+00  0.0000000E+00  0.0000000E+00
   145     7.146E-01      1   4.962E-03   0.000E+00
       146              1                 0     0.4961809E-02      0.7195927E+00  0.4980364E-02  0.0000000E+00  0.0000000E+00  0.0000000E+00
   146     7.196E-01      1   4.962E-03   0.000E+00
       147              1                 0     0.4961894E-02      0.7245546E+00  0.4982564E-02  0.0000000E+00  0.0000000E+00  0.0000000E+00
   147     7.246E-01      1   4.962E-03   0.000E+00
       148              1                 0     0.4961967E-02      0.7295165E+00  0.4988873E-02  0.0000000E+00  0.0000000E+00  0.0000000E+00
   148     7.295E-01      1   4.962E-03   0.000E+00
       149              1                 0     0.4962051E-02      0.7344786E+00  0.4991321E-02  0.0000000E+00  0.0000000E+00  0.0000000E+00
   149     7.345E-01      1   4.962E-03   0.000E+00
       150              1                 0     0.4962125E-02      0.7394407E+00  0.4995761E-02  0.0000000E+00  0.0000000E+00  0.0000000E+00
   150     7.394E-01      1   4.962E-03   0.000E+00
       151              1                 0     0.4962211E-02      0.7444029E+00  0.5003495E-02  0.0000000E+00  0.0000000E+00  0.0000000E+00
   151     7.444E-01      1   4.962E-03   0.000E+00
       152              1                 0     0.4962286E-02      0.7493652E+00  0.5004774E-02  0.0000000E+00  0.0000000E+00  0.0000000E+00
   152     7.494E-01      1   4.962E-03   0.000E+00
       153              1                 0     0.4962370E-02      0.7543276E+00  0.5012960E-02  0.0000000E+00  0.0000000E+00  0.0000000E+00
   153     7.543E-01      1   4.962E-03   0.000E+00
       154              1                 0     0.4962443E-02      0.7592900E+00  0.5016914E-02  0.0000000E+00  0.0000000E+00  0.0000000E+00
   154     7.593E-01      1   4.962E-03   0.000E+00
       155              1                 0     0.4962523E-02      0.7642525E+00  0.5030477E-02  0.0000000E+00  0.0000000E+00  0.0000000E+00
   155     7.643E-01      1   4.963E-03   0.000E+00
       156              1                 0     0.4962594E-02      0.7692151E+00  0.5022734E-02  0.0000000E+00  0.0000000E+00  0.0000000E+00
   156     7.692E-01      1   4.963E-03   0.000E+00
       157              1                 0     0.4962674E-02      0.7741778E+00  0.5035111E-02  0.0000000E+00  0.0000000E+00  0.0000000E+00
   157     7.742E-01      1   4.963E-03   0.000E+00
       158              1                 0     0.4962745E-02      0.7791406E+00  0.5039071E-02  0.0000000E+00  0.0000000E+00  0.0000000E+00
   158     7.791E-01      1   4.963E-03   0.000E+00
       159              1                 0     0.4962822E-02      0.7841034E+00  0.5042822E-02  0.0000000E+00  0.0000000E+00  0.0000000E+00
   159     7.841E-01      1   4.963E-03   0.000E+00
       160              1                 0     0.4962889E-02      0.7890663E+00  0.5047334E-02  0.0000000E+00  0.0000000E+00  0.0000000E+00
   160     7.891E-01      1   4.963E-03   0.000E+00
       161              1                 0     0.4962961E-02      0.7940292E+00  0.5049192E-02  0.0000000E+00  0.0000000E+00  0.0000000E+00
   161     7.940E-01      1   4.963E-03   0.000E+00
       162              1                 0     0.4963026E-02      0.7989923E+00  0.5055237E-02  0.0000000E+00  0.0000000E+00  0.0000000E+00
   162     7.990E-01      1   4.963E-03   0.000E+00
       163              1                 0     0.4963097E-02      0.8039553E+00  0.5057462E-02  0.0000000E+00  0.0000000E+00  0.0000000E+00
   163     8.040E-01      1   4.963E-03   0.000E+00
       164              1                 0     0.4963187E-02      0.8089185E+00  0.5061665E-02  0.0000000E+00  0.0000000E+00  0.0000000E+00
   164     8.089E-01      1   4.963E-03   0.000E+00
       165              1                 0     0.4963296E-02      0.8138818E+00  0.5067631E-02  0.0000000E+00  0.0000000E+00  0.0000000E+00
   165     8.139E-01      1   4.963E-03   0.000E+00
       166              1                 0     0.4963424E-02      0.8188453E+00  0.5069358E-02  0.0000000E+00  0.0000000E+00  0.0000000E+00
   166     8.188E-01      1   4.963E-03   0.000E+00
       167              1                 0     0.4963571E-02      0.8238088E+00  0.5077412E-02  0.0000000E+00  0.0000000E+00  0.0000000E+00
   167     8.238E-01      1   4.964E-03   0.000E+00
       168              1                 0     0.4963739E-02      0.8287726E+00  0.5080318E-02  0.0000000E+00  0.0000000E+00  0.0000000E+00
   168     8.288E-01      1   4.964E-03   0.000E+00
       169              1                 0     0.4963929E-02      0.8337365E+00  0.5099661E-02  0.0000000E+00  0.0000000E+00  0.0000000E+00
   169     8.337E-01      1   4.964E-03   0.000E+00
       170              1                 0     0.4964140E-02      0.8387006E+00  0.5077673E-02  0.0000000E+00  0.0000000E+00  0.0000000E+00
   170     8.387E-01      1   4.964E-03   0.000E+00
       171              1                 0     0.4964371E-02      0.8436650E+00  0.5084228E-02  0.0000000E+00  0.0000000E+00  0.0000000E+00
   171     8.437E-01      1   4.964E-03   0.000E+00
       172              1                 0     0.4964623E-02      0.8486296E+00  0.5191216E-02  0.0000000E+00  0.0000000E+00  0.0000000E+00
   172     8.486E-01      1   4.965E-03   0.000E+00
       173              1                 0     0.4964895E-02      0.8535945E+00  0.5230008E-02  0.0000000E+00  0.0000000E+00  0.0000000E+00
   173     8.536E-01      1   4.965E-03   0.000E+00
       174              1                 0     0.4965189E-02      0.8585597E+00  0.5232217E-02  0.0000000E+00  0.0000000E+00  0.0000000E+00
   174     8.586E-01      1   4.965E-03   0.000E+00
       175              1                 0     0.4965503E-02      0.8635252E+00  0.5232829E-02  0.0000000E+00  0.0000000E+00  0.0000000E+00
   175     8.635E-01      1   4.966E-03   0.000E+00
       176              1                 0     0.4965839E-02      0.8684911E+00  0.5235193E-02  0.0000000E+00  0.0000000E+00  0.0000000E+00
   176     8.685E-01      1   4.966E-03   0.000E+00
       177              1                 0     0.4966196E-02      0.8734573E+00  0.5238063E-02  0.0000000E+00  0.0000000E+00  0.0000000E+00
   177     8.735E-01      1   4.966E-03   0.000E+00
       178              1                 0     0.4966574E-02      0.8784238E+00  0.5239135E-02  0.0000000E+00  0.0000000E+00  0.0000000E+00
   178     8.784E-01      1   4.967E-03   0.000E+00
       179              1                 0     0.4966972E-02      0.8833908E+00  0.5243672E-02  0.0000000E+00  0.0000000E+00  0.0000000E+00
   179     8.834E-01      1   4.967E-03   0.000E+00
       180              1                 0     0.4967391E-02      0.8883582E+00  0.5246344E-02  0.0000000E+00  0.0000000E+00  0.0000000E+00
   180     8.884E-01      1   4.967E-03   0.000E+00
       181              1                 0     0.4967829E-02      0.8933260E+00  0.5250291E-02  0.0000000E+00  0.0000000E+00  0.0000000E+00
   181     8.933E-01      1   4.968E-03   0.000E+00
       182              1                 0     0.4968287E-02      0.8982943E+00  0.5261364E-02  0.0000000E+00  0.0000000E+00  0.0000000E+00
   182     8.983E-01      1   4.968E-03   0.000E+00
       183              1                 0     0.4968765E-02      0.9032631E+00  0.5268603E-02  0.0000000E+00  0.0000000E+00  0.0000000E+00
   183     9.033E-01      1   4.969E-03   0.000E+00
       184              1                 0     0.4969263E-02      0.9082323E+00  0.5271199E-02  0.0000000E+00  0.0000000E+00  0.0000000E+00
   184     9.082E-01      1   4.969E-03   0.000E+00
       185              1                 0     0.4969777E-02      0.9132021E+00  0.5367514E-02  0.0000000E+00  0.0000000E+00  0.0000000E+00
   185     9.132E-01      1   4.970E-03   0.000E+00
       186              1                 0     0.4970309E-02      0.9181724E+00  0.5397482E-02  0.0000000E+00  0.0000000E+00  0.0000000E+00
   186     9.182E-01      1   4.970E-03   0.000E+00
       187              1                 0     0.4970858E-02      0.9231433E+00  0.5403196E-02  0.0000000E+00  0.0000000E+00  0.0000000E+00
   187     9.231E-01      1   4.971E-03   0.000E+00
       188              1                 0     0.4971424E-02      0.9281147E+00  0.5409858E-02  0.0000000E+00  0.0000000E+00  0.0000000E+00
   188     9.281E-01      1   4.971E-03   0.000E+00
       189              1                 0     0.4972006E-02      0.9330867E+00  0.5413884E-02  0.0000000E+00  0.0000000E+00  0.0000000E+00
   189     9.331E-01      1   4.972E-03   0.000E+00
       190              1                 0     0.4972602E-02      0.9380593E+00  0.5422346E-02  0.0000000E+00  0.0000000E+00  0.0000000E+00
   190     9.381E-01      1   4.973E-03   0.000E+00
       191              1                 0     0.4973212E-02      0.9430325E+00  0.5424930E-02  0.0000000E+00  0.0000000E+00  0.0000000E+00
   191     9.430E-01      1   4.973E-03   0.000E+00
       192              1                 0     0.4973835E-02      0.9480064E+00  0.5434635E-02  0.0000000E+00  0.0000000E+00  0.0000000E+00
   192     9.480E-01      1   4.974E-03   0.000E+00
       193              1                 0     0.4974469E-02      0.9529808E+00  0.5436118E-02  0.0000000E+00  0.0000000E+00  0.0000000E+00
   193     9.530E-01      1   4.974E-03   0.000E+00
       194              1                 0     0.4975115E-02      0.9579559E+00  0.5446479E-02  0.0000000E+00  0.0000000E+00  0.0000000E+00
   194     9.580E-01      1   4.975E-03   0.000E+00
       195              1                 0     0.4975770E-02      0.9629317E+00  0.5448147E-02  0.0000000E+00  0.0000000E+00  0.0000000E+00
   195     9.629E-01      1   4.976E-03   0.000E+00
       196              1                 0     0.4976434E-02      0.9679081E+00  0.5443862E-02  0.0000000E+00  0.0000000E+00  0.0000000E+00
   196     9.679E-01      1   4.976E-03   0.000E+00
       197              1                 0     0.4977106E-02      0.9728852E+00  0.5403710E-02  0.0000000E+00  0.0000000E+00  0.0000000E+00
   197     9.729E-01      1   4.977E-03   0.000E+00
       198              1                 0     0.4977689E-02      0.9778629E+00  0.5385323E-02  0.0000000E+00  0.0000000E+00  0.0000000E+00
   198     9.779E-01      1   4.978E-03   0.000E+00
       199              1                 0     0.4977690E-02      0.9828406E+00  0.5401695E-02  0.0000000E+00  0.0000000E+00  0.0000000E+00
   199     9.828E-01      1   4.978E-03   0.000E+00
       200              1                 0     0.4977691E-02      0.9878183E+00  0.5499754E-02  0.0000000E+00  0.0000000E+00  0.0000000E+00
   200     9.878E-01      1   4.978E-03   0.000E+00
       201              1                 0     0.4977691E-02      0.9927960E+00  0.5471052E-02  0.0000000E+00  0.0000000E+00  0.0000000E+00
   201     9.928E-01      1   4.978E-03   0.000E+00
       202              1                 0     0.4977691E-02      0.9977737E+00  0.5442249E-02  0.0000000E+00  0.0000000E+00  0.0000000E+00
   202     9.978E-01      1   4.978E-03   0.000E+00
       203              1                 0     0.4977691E-02      0.1002751E+01  0.5413396E-02  0.0000000E+00  0.0000000E+00  0.0000000E+00
   203     1.003E+00      1   4.978E-03   0.000E+00
       204              1                 0     0.4977691E-02      0.1007729E+01  0.5384539E-02  0.0000000E+00  0.0000000E+00  0.0000000E+00
   204     1.008E+00      1   4.978E-03   0.000E+00
       205              1                 0     0.4977691E-02      0.1012707E+01  0.5355725E-02  0.0000000E+00  0.0000000E+00  0.0000000E+00
   205     1.013E+00      1   4.978E-03   0.000E+00
       206              1                 0     0.4977692E-02      0.1017684E+01  0.5326999E-02  0.0000000E+00  0.0000000E+00  0.0000000E+00
   206     1.018E+00      1   4.978E-03   0.000E+00
       207              1                 0     0.4977662E-02      0.1022662E+01  0.5298403E-02  0.0000000E+00  0.0000000E+00  0.0000000E+00
   207     1.023E+00      1   4.978E-03   0.000E+00
       208              1                 0     0.4977160E-02      0.1027639E+01  0.5269976E-02  0.0000000E+00  0.0000000E+00  0.0000000E+00
   208     1.028E+00      1   4.977E-03   0.000E+00
       209              1                 0     0.4976658E-02      0.1032616E+01  0.5241762E-02  0.0000000E+00  0.0000000E+00  0.0000000E+00
   209     1.033E+00      1   4.977E-03   0.000E+00
       210              1                 0     0.4976157E-02      0.1037592E+01  0.5213797E-02  0.0000000E+00  0.0000000E+00  0.0000000E+00
   210     1.038E+00      1   4.976E-03   0.000E+00
       211              1                 0     0.4975656E-02      0.1042568E+01  0.5186122E-02  0.0000000E+00  0.0000000E+00  0.0000000E+00
   211     1.043E+00      1   4.976E-03   0.000E+00
       212              1                 0     0.4975156E-02      0.1047543E+01  0.5158765E-02  0.0000000E+00  0.0000000E+00  0.0000000E+00
   212     1.048E+00      1   4.975E-03   0.000E+00
       213              1                 0     0.4974660E-02      0.1052518E+01  0.5131748E-02  0.0000000E+00  0.0000000E+00  0.0000000E+00
   213     1.053E+00      1   4.975E-03   0.000E+00
       214              1                 0     0.4974163E-02      0.1057492E+01  0.5105109E-02  0.0000000E+00  0.0000000E+00  0.0000000E+00
   214     1.057E+00      1   4.974E-03   0.000E+00
       215              1                 0     0.4973669E-02      0.1062465E+01  0.5078871E-02  0.0000000E+00  0.0000000E+00  0.0000000E+00
   215     1.062E+00      1   4.974E-03   0.000E+00
       216              1                 0     0.4973177E-02      0.1067439E+01  0.5053052E-02  0.0000000E+00  0.0000000E+00  0.0000000E+00
   216     1.067E+00      1   4.973E-03   0.000E+00
       217              1                 0     0.4972687E-02      0.1072411E+01  0.5027679E-02  0.0000000E+00  0.0000000E+00  0.0000000E+00
   217     1.072E+00      1   4.973E-03   0.000E+00
       218              1                 0     0.4972201E-02      0.1077383E+01  0.5002767E-02  0.0000000E+00  0.0000000E+00  0.0000000E+00
   218     1.077E+00      1   4.972E-03   0.000E+00
       219              1                 0     0.4971717E-02      0.1082355E+01  0.4978336E-02  0.0000000E+00  0.0000000E+00  0.0000000E+00
   219     1.082E+00      1   4.972E-03   0.000E+00
       220              1                 0     0.4971237E-02      0.1087326E+01  0.4954397E-02  0.0000000E+00  0.0000000E+00  0.0000000E+00
   220     1.087E+00      1   4.971E-03   0.000E+00
       221              1                 0     0.4970760E-02      0.1092297E+01  0.4931614E-02  0.0000000E+00  0.0000000E+00  0.0000000E+00
   221     1.092E+00      1   4.971E-03   0.000E+00
       222              1                 0     0.4970288E-02      0.1097267E+01  0.4920735E-02  0.0000000E+00  0.0000000E+00  0.0000000E+00
   222     1.097E+00      1   4.970E-03   0.000E+00
       223              1                 0     0.4969819E-02      0.1102237E+01  0.4915715E-02  0.0000000E+00  0.0000000E+00  0.0000000E+00
   223     1.102E+00      1   4.970E-03   0.000E+00
       224              1                 0     0.4969354E-02      0.1107207E+01  0.4912196E-02  0.0000000E+00  0.0000000E+00  0.0000000E+00
   224     1.107E+00      1   4.969E-03   0.000E+00
       225              1                 0     0.4968895E-02      0.1112176E+01  0.4909085E-02  0.0000000E+00  0.0000000E+00  0.0000000E+00
   225     1.112E+00      1   4.969E-03   0.000E+00
       226              1                 0     0.4968441E-02      0.1117144E+01  0.4906108E-02  0.0000000E+00  0.0000000E+00  0.0000000E+00
   226     1.117E+00      1   4.968E-03   0.000E+00
       227              1                 0     0.4967992E-02      0.1122112E+01  0.4903201E-02  0.0000000E+00  0.0000000E+00  0.0000000E+00
   227     1.122E+00      1   4.968E-03   0.000E+00
       228              1                 0     0.4967548E-02      0.1127080E+01  0.4900350E-02  0.0000000E+00  0.0000000E+00  0.0000000E+00
   228     1.127E+00      1   4.968E-03   0.000E+00
       229              1                 0     0.4967110E-02      0.1132047E+01  0.4897556E-02  0.0000000E+00  0.0000000E+00  0.0000000E+00
   229     1.132E+00      1   4.967E-03   0.000E+00
       230              1                 0     0.4966680E-02      0.1137013E+01  0.4894820E-02  0.0000000E+00  0.0000000E+00  0.0000000E+00
   230     1.137E+00      1   4.967E-03   0.000E+00
       231              1                 0     0.4966256E-02      0.1141980E+01  0.4892144E-02  0.0000000E+00  0.0000000E+00  0.0000000E+00
   231     1.142E+00      1   4.966E-03   0.000E+00
       232              1                 0     0.4965839E-02      0.1146945E+01  0.4889534E-02  0.0000000E+00  0.0000000E+00  0.0000000E+00
   232     1.147E+00      1   4.966E-03   0.000E+00
       233              1                 0     0.4965429E-02      0.1151911E+01  0.4886993E-02  0.0000000E+00  0.0000000E+00  0.0000000E+00
   233     1.152E+00      1   4.965E-03   0.000E+00
       234              1                 0     0.4965026E-02      0.1156876E+01  0.4884522E-02  0.0000000E+00  0.0000000E+00  0.0000000E+00
   234     1.157E+00      1   4.965E-03   0.000E+00
       235              1                 0     0.4964632E-02      0.1161840E+01  0.4882125E-02  0.0000000E+00  0.0000000E+00  0.0000000E+00
   235     1.162E+00      1   4.965E-03   0.000E+00
       236              1                 0     0.4964245E-02      0.1166805E+01  0.4879804E-02  0.0000000E+00  0.0000000E+00  0.0000000E+00
   236     1.167E+00      1   4.964E-03   0.000E+00
       237              1                 0     0.4963867E-02      0.1171769E+01  0.4877559E-02  0.0000000E+00  0.0000000E+00  0.0000000E+00
   237     1.172E+00      1   4.964E-03   0.000E+00
       238              1                 0     0.4963498E-02      0.1176732E+01  0.4875394E-02  0.0000000E+00  0.0000000E+00  0.0000000E+00
   238     1.177E+00      1   4.963E-03   0.000E+00
       239              1                 0     0.4963139E-02      0.1181695E+01  0.4873313E-02  0.0000000E+00  0.0000000E+00  0.0000000E+00
   239     1.182E+00      1   4.963E-03   0.000E+00
       240              1                 0     0.4962789E-02      0.1186658E+01  0.4871316E-02  0.0000000E+00  0.0000000E+00  0.0000000E+00
   240     1.187E+00      1   4.963E-03   0.000E+00
       241              1                 0     0.4962450E-02      0.1191620E+01  0.4869404E-02  0.0000000E+00  0.0000000E+00  0.0000000E+00
   241     1.192E+00      1   4.962E-03   0.000E+00
       242              1                 0     0.4962122E-02      0.1196583E+01  0.4867578E-02  0.0000000E+00  0.0000000E+00  0.0000000E+00
   242     1.197E+00      1   4.962E-03   0.000E+00
       243              1                 0     0.4961804E-02      0.1201544E+01  0.4865840E-02  0.0000000E+00  0.0000000E+00  0.0000000E+00
   243     1.202E+00      1   4.962E-03   0.000E+00
       244              1                 0     0.4961498E-02      0.1206506E+01  0.4864192E-02  0.0000000E+00  0.0000000E+00  0.0000000E+00
   244     1.207E+00      1   4.961E-03   0.000E+00
       245              1                 0     0.4961203E-02      0.1211467E+01  0.4862637E-02  0.0000000E+00  0.0000000E+00  0.0000000E+00
   245     1.211E+00      1   4.961E-03   0.000E+00
       246              1                 0     0.4960919E-02      0.1216428E+01  0.4861179E-02  0.0000000E+00  0.0000000E+00  0.0000000E+00
   246     1.216E+00      1   4.961E-03   0.000E+00
       247              1                 0     0.4960648E-02      0.1221389E+01  0.4859821E-02  0.0000000E+00  0.0000000E+00  0.0000000E+00
   247     1.221E+00      1   4.961E-03   0.000E+00
       248              1                 0     0.4960391E-02      0.1226349E+01  0.4858558E-02  0.0000000E+00  0.0000000E+00  0.0000000E+00
   248     1.226E+00      1   4.960E-03   0.000E+00
       249              1                 0     0.4960148E-02      0.1231309E+01  0.4857392E-02  0.0000000E+00  0.0000000E+00  0.0000000E+00
   249     1.231E+00      1   4.960E-03   0.000E+00
       250              1                 0     0.4959917E-02      0.1236269E+01  0.4856328E-02  0.0000000E+00  0.0000000E+00  0.0000000E+00
   250     1.236E+00      1   4.960E-03   0.000E+00
       251              1                 0     0.4959700E-02      0.1241229E+01  0.4855367E-02  0.0000000E+00  0.0000000E+00  0.0000000E+00
   251     1.241E+00      1   4.960E-03   0.000E+00
       252              1                 0     0.4959497E-02      0.1246188E+01  0.4854517E-02  0.0000000E+00  0.0000000E+00  0.0000000E+00
   252     1.246E+00      1   4.959E-03   0.000E+00
       253              1                 0     0.4959310E-02      0.1251148E+01  0.4853774E-02  0.0000000E+00  0.0000000E+00  0.0000000E+00
   253     1.251E+00      1   4.959E-03   0.000E+00
       254              1                 0     0.4959140E-02      0.1256107E+01  0.4853134E-02  0.0000000E+00  0.0000000E+00  0.0000000E+00
   254     1.256E+00      1   4.959E-03   0.000E+00
       255              1                 0     0.4958985E-02      0.1261066E+01  0.4852603E-02  0.0000000E+00  0.0000000E+00  0.0000000E+00
   255     1.261E+00      1   4.959E-03   0.000E+00
       256              1                 0     0.4958845E-02      0.1266025E+01  0.4852183E-02  0.0000000E+00  0.0000000E+00  0.0000000E+00
   256     1.266E+00      1   4.959E-03   0.000E+00
       257              1                 0     0.4958720E-02      0.1270983E+01  0.4851878E-02  0.0000000E+00  0.0000000E+00  0.0000000E+00
   257     1.271E+00      1   4.959E-03   0.000E+00
       258              1                 0     0.4958613E-02      0.1275942E+01  0.4851692E-02  0.0000000E+00  0.0000000E+00  0.0000000E+00
   258     1.276E+00      1   4.959E-03   0.000E+00
       259              1                 0     0.4958524E-02      0.1280900E+01  0.4851620E-02  0.0000000E+00  0.0000000E+00  0.0000000E+00
   259     1.281E+00      1   4.959E-03   0.000E+00
       260              1                 0     0.4958454E-02      0.1285859E+01  0.4851662E-02  0.0000000E+00  0.0000000E+00  0.0000000E+00
   260     1.286E+00      1   4.958E-03   0.000E+00
       261              1                 0     0.4958402E-02      0.1290817E+01  0.4851822E-02  0.0000000E+00  0.0000000E+00  0.0000000E+00
   261     1.291E+00      1   4.958E-03   0.000E+00
       262              1                 0     0.4958368E-02      0.1295776E+01  0.4852101E-02  0.0000000E+00  0.0000000E+00  0.0000000E+00
   262     1.296E+00      1   4.958E-03   0.000E+00
       263              1                 0     0.4958352E-02      0.1300734E+01  0.4852502E-02  0.0000000E+00  0.0000000E+00  0.0000000E+00
   263     1.301E+00      1   4.958E-03   0.000E+00
       264              1                 0     0.4958354E-02      0.1305692E+01  0.4853024E-02  0.0000000E+00  0.0000000E+00  0.0000000E+00
   264     1.306E+00      1   4.958E-03   0.000E+00
       265              1                 0     0.4958377E-02      0.1310651E+01  0.4853668E-02  0.0000000E+00  0.0000000E+00  0.0000000E+00
   265     1.311E+00      1   4.958E-03   0.000E+00
       266              1                 0     0.4958419E-02      0.1315609E+01  0.4854437E-02  0.0000000E+00  0.0000000E+00  0.0000000E+00
   266     1.316E+00      1   4.958E-03   0.000E+00
       267              1                 0     0.4958481E-02      0.1320568E+01  0.4855346E-02  0.0000000E+00  0.0000000E+00  0.0000000E+00
   267     1.321E+00      1   4.958E-03   0.000E+00
       268              1                 0     0.4958564E-02      0.1325526E+01  0.4856086E-02  0.0000000E+00  0.0000000E+00  0.0000000E+00
   268     1.326E+00      1   4.959E-03   0.000E+00
       269              1                 0     0.4958627E-02      0.1330485E+01  0.4856733E-02  0.0000000E+00  0.0000000E+00  0.0000000E+00
   269     1.330E+00      1   4.959E-03   0.000E+00
       270              1                 0     0.4958708E-02      0.1335444E+01  0.4857351E-02  0.0000000E+00  0.0000000E+00  0.0000000E+00
   270     1.335E+00      1   4.959E-03   0.000E+00
       271              1                 0     0.4958776E-02      0.1340402E+01  0.4857946E-02  0.0000000E+00  0.0000000E+00  0.0000000E+00
   271     1.340E+00      1   4.959E-03   0.000E+00
       272              1                 0     0.4958853E-02      0.1345361E+01  0.4858644E-02  0.0000000E+00  0.0000000E+00  0.0000000E+00
   272     1.345E+00      1   4.959E-03   0.000E+00
       273              1                 0     0.4958919E-02      0.1350320E+01  0.4859171E-02  0.0000000E+00  0.0000000E+00  0.0000000E+00
   273     1.350E+00      1   4.959E-03   0.000E+00
       274              1                 0     0.4958993E-02      0.1355279E+01  0.4859852E-02  0.0000000E+00  0.0000000E+00  0.0000000E+00
   274     1.355E+00      1   4.959E-03   0.000E+00
       275              1                 0     0.4959055E-02      0.1360238E+01  0.4860419E-02  0.0000000E+00  0.0000000E+00  0.0000000E+00
   275     1.360E+00      1   4.959E-03   0.000E+00
       276              1                 0     0.4959125E-02      0.1365197E+01  0.4861016E-02  0.0000000E+00  0.0000000E+00  0.0000000E+00
   276     1.365E+00      1   4.959E-03   0.000E+00
       277              1                 0     0.4959181E-02      0.1370156E+01  0.4861697E-02  0.0000000E+00  0.0000000E+00  0.0000000E+00
   277     1.370E+00      1   4.959E-03   0.000E+00
       278              1                 0     0.4959245E-02      0.1375116E+01  0.4862147E-02  0.0000000E+00  0.0000000E+00  0.0000000E+00
   278     1.375E+00      1   4.959E-03   0.000E+00
       279              1                 0     0.4959295E-02      0.1380075E+01  0.4862787E-02  0.0000000E+00  0.0000000E+00  0.0000000E+00
   279     1.380E+00      1   4.959E-03   0.000E+00
       280              1                 0     0.4959354E-02      0.1385034E+01  0.4863353E-02  0.0000000E+00  0.0000000E+00  0.0000000E+00
   280     1.385E+00      1   4.959E-03   0.000E+00
       281              1                 0     0.4959404E-02      0.1389994E+01  0.4863863E-02  0.0000000E+00  0.0000000E+00  0.0000000E+00
   281     1.390E+00      1   4.959E-03   0.000E+00
       282              1                 0     0.4959459E-02      0.1394953E+01  0.4864529E-02  0.0000000E+00  0.0000000E+00  0.0000000E+00
   282     1.395E+00      1   4.959E-03   0.000E+00
       283              1                 0     0.4959502E-02      0.1399913E+01  0.4864943E-02  0.0000000E+00  0.0000000E+00  0.0000000E+00
   283     1.400E+00      1   4.960E-03   0.000E+00
       284              1                 0     0.4959551E-02      0.1404872E+01  0.4865503E-02  0.0000000E+00  0.0000000E+00  0.0000000E+00
   284     1.405E+00      1   4.960E-03   0.000E+00
       285              1                 0     0.4959590E-02      0.1409832E+01  0.4866082E-02  0.0000000E+00  0.0000000E+00  0.0000000E+00
   285     1.410E+00      1   4.960E-03   0.000E+00
       286              1                 0     0.4959632E-02      0.1414792E+01  0.4866483E-02  0.0000000E+00  0.0000000E+00  0.0000000E+00
   286     1.415E+00      1   4.960E-03   0.000E+00
       287              1                 0     0.4959667E-02      0.1419751E+01  0.4867079E-02  0.0000000E+00  0.0000000E+00  0.0000000E+00
   287     1.420E+00      1   4.960E-03   0.000E+00
       288              1                 0     0.4959705E-02      0.1424711E+01  0.4867529E-02  0.0000000E+00  0.0000000E+00  0.0000000E+00
   288     1.425E+00      1   4.960E-03   0.000E+00
       289              1                 0     0.4959734E-02      0.1429671E+01  0.4867955E-02  0.0000000E+00  0.0000000E+00  0.0000000E+00
   289     1.430E+00      1   4.960E-03   0.000E+00
       290              1                 0     0.4959767E-02      0.1434630E+01  0.4868605E-02  0.0000000E+00  0.0000000E+00  0.0000000E+00
   290     1.435E+00      1   4.960E-03   0.000E+00
       291              1                 0     0.4959791E-02      0.1439590E+01  0.4868882E-02  0.0000000E+00  0.0000000E+00  0.0000000E+00
   291     1.440E+00      1   4.960E-03   0.000E+00
       292              1                 0     0.4959819E-02      0.1444550E+01  0.4869379E-02  0.0000000E+00  0.0000000E+00  0.0000000E+00
   292     1.445E+00      1   4.960E-03   0.000E+00
       293              1                 0     0.4959840E-02      0.1449510E+01  0.4869923E-02  0.0000000E+00  0.0000000E+00  0.0000000E+00
   293     1.450E+00      1   4.960E-03   0.000E+00
       294              1                 0     0.4959862E-02      0.1454470E+01  0.4870211E-02  0.0000000E+00  0.0000000E+00  0.0000000E+00
   294     1.454E+00      1   4.960E-03   0.000E+00
       295              1                 0     0.4959879E-02      0.1459430E+01  0.4870769E-02  0.0000000E+00  0.0000000E+00  0.0000000E+00
   295     1.459E+00      1   4.960E-03   0.000E+00
       296              1                 0     0.4959899E-02      0.1464389E+01  0.4871132E-02  0.0000000E+00  0.0000000E+00  0.0000000E+00
   296     1.464E+00      1   4.960E-03   0.000E+00
       297              1                 0     0.4959911E-02      0.1469349E+01  0.4871485E-02  0.0000000E+00  0.0000000E+00  0.0000000E+00
   297     1.469E+00      1   4.960E-03   0.000E+00
       298              1                 0     0.4959926E-02      0.1474309E+01  0.4872136E-02  0.0000000E+00  0.0000000E+00  0.0000000E+00
   298     1.474E+00      1   4.960E-03   0.000E+00
       299              1                 0     0.4959938E-02      0.1479269E+01  0.4872362E-02  0.0000000E+00  0.0000000E+00  0.0000000E+00
   299     1.479E+00      1   4.960E-03   0.000E+00
       300              1                 0     0.4959952E-02      0.1484229E+01  0.4872801E-02  0.0000000E+00  0.0000000E+00  0.0000000E+00
   300     1.484E+00      1   4.960E-03   0.000E+00
       301              1                 0     0.4959960E-02      0.1489189E+01  0.4873345E-02  0.0000000E+00  0.0000000E+00  0.0000000E+00
   301     1.489E+00      1   4.960E-03   0.000E+00
       302              1                 0     0.4959970E-02      0.1494149E+01  0.4873541E-02  0.0000000E+00  0.0000000E+00  0.0000000E+00
   302     1.494E+00      1   4.960E-03   0.000E+00
       303              1                 0     0.4959975E-02      0.1499109E+01  0.4874087E-02  0.0000000E+00  0.0000000E+00  0.0000000E+00
   303     1.499E+00      1   4.960E-03   0.000E+00
       304              1                 0     0.4959983E-02      0.1504069E+01  0.4874485E-02  0.0000000E+00  0.0000000E+00  0.0000000E+00
   304     1.504E+00      1   4.960E-03   0.000E+00
       305              1                 0     0.4959988E-02      0.1509029E+01  0.4874831E-02  0.0000000E+00  0.0000000E+00  0.0000000E+00
   305     1.509E+00      1   4.960E-03   0.000E+00
       306              1                 0     0.4959997E-02      0.1513989E+01  0.4875512E-02  0.0000000E+00  0.0000000E+00  0.0000000E+00
   306     1.514E+00      1   4.960E-03   0.000E+00
       307              1                 0     0.4960005E-02      0.1518949E+01  0.4875766E-02  0.0000000E+00  0.0000000E+00  0.0000000E+00
   307     1.519E+00      1   4.960E-03   0.000E+00
       308              1                 0     0.4960016E-02      0.1523909E+01  0.4876258E-02  0.0000000E+00  0.0000000E+00  0.0000000E+00
   308     1.524E+00      1   4.960E-03   0.000E+00
       309              1                 0     0.4960025E-02      0.1528869E+01  0.4876979E-02  0.0000000E+00  0.0000000E+00  0.0000000E+00
   309     1.529E+00      1   4.960E-03   0.000E+00
       310              1                 0     0.4960037E-02      0.1533829E+01  0.4877177E-02  0.0000000E+00  0.0000000E+00  0.0000000E+00
   310     1.534E+00      1   4.960E-03   0.000E+00
       311              1                 0     0.4960047E-02      0.1538789E+01  0.4877779E-02  0.0000000E+00  0.0000000E+00  0.0000000E+00
   311     1.539E+00      1   4.960E-03   0.000E+00
       312              1                 0     0.4960058E-02      0.1543749E+01  0.4878302E-02  0.0000000E+00  0.0000000E+00  0.0000000E+00
   312     1.544E+00      1   4.960E-03   0.000E+00
       313              1                 0     0.4960068E-02      0.1548709E+01  0.4878683E-02  0.0000000E+00  0.0000000E+00  0.0000000E+00
   313     1.549E+00      1   4.960E-03   0.000E+00
       314              1                 0     0.4960082E-02      0.1553669E+01  0.4879481E-02  0.0000000E+00  0.0000000E+00  0.0000000E+00
   314     1.554E+00      1   4.960E-03   0.000E+00
       315              1                 0     0.4960099E-02      0.1558630E+01  0.4879915E-02  0.0000000E+00  0.0000000E+00  0.0000000E+00
   315     1.559E+00      1   4.960E-03   0.000E+00
       316              1                 0     0.4960117E-02      0.1563590E+01  0.4880444E-02  0.0000000E+00  0.0000000E+00  0.0000000E+00
   316     1.564E+00      1   4.960E-03   0.000E+00
       317              1                 0     0.4960136E-02      0.1568550E+01  0.4881383E-02  0.0000000E+00  0.0000000E+00  0.0000000E+00
   317     1.569E+00      1   4.960E-03   0.000E+00
       318              1                 0     0.4960158E-02      0.1573510E+01  0.4881698E-02  0.0000000E+00  0.0000000E+00  0.0000000E+00
   318     1.574E+00      1   4.960E-03   0.000E+00
       319              1                 0     0.4960180E-02      0.1578470E+01  0.4882422E-02  0.0000000E+00  0.0000000E+00  0.0000000E+00
   319     1.578E+00      1   4.960E-03   0.000E+00
       320              1                 0     0.4960205E-02      0.1583430E+01  0.4883368E-02  0.0000000E+00  0.0000000E+00  0.0000000E+00
   320     1.583E+00      1   4.960E-03   0.000E+00
       321              1                 0     0.4960234E-02      0.1588391E+01  0.4883757E-02  0.0000000E+00  0.0000000E+00  0.0000000E+00
   321     1.588E+00      1   4.960E-03   0.000E+00
       322              1                 0     0.4960265E-02      0.1593351E+01  0.4884643E-02  0.0000000E+00  0.0000000E+00  0.0000000E+00
   322     1.593E+00      1   4.960E-03   0.000E+00
       323              1                 0     0.4960298E-02      0.1598311E+01  0.4885501E-02  0.0000000E+00  0.0000000E+00  0.0000000E+00
   323     1.598E+00      1   4.960E-03   0.000E+00
       324              1                 0     0.4960333E-02      0.1603271E+01  0.4886070E-02  0.0000000E+00  0.0000000E+00  0.0000000E+00
   324     1.603E+00      1   4.960E-03   0.000E+00
       325              1                 0     0.4960372E-02      0.1608232E+01  0.4887176E-02  0.0000000E+00  0.0000000E+00  0.0000000E+00
   325     1.608E+00      1   4.960E-03   0.000E+00
       326              1                 0     0.4960411E-02      0.1613192E+01  0.4887923E-02  0.0000000E+00  0.0000000E+00  0.0000000E+00
   326     1.613E+00      1   4.960E-03   0.000E+00
       327              1                 0     0.4960457E-02      0.1618153E+01  0.4888690E-02  0.0000000E+00  0.0000000E+00  0.0000000E+00
   327     1.618E+00      1   4.960E-03   0.000E+00
       328              1                 0     0.4960500E-02      0.1623113E+01  0.4890012E-02  0.0000000E+00  0.0000000E+00  0.0000000E+00
   328     1.623E+00      1   4.961E-03   0.000E+00
       329              1                 0     0.4960550E-02      0.1628074E+01  0.4890601E-02  0.0000000E+00  0.0000000E+00  0.0000000E+00
   329     1.628E+00      1   4.961E-03   0.000E+00
       330              1                 0     0.4960600E-02      0.1633034E+01  0.4890405E-02  0.0000000E+00  0.0000000E+00  0.0000000E+00
   330     1.633E+00      1   4.961E-03   0.000E+00
       331              1                 0     0.4960656E-02      0.1637995E+01  0.4891755E-02  0.0000000E+00  0.0000000E+00  0.0000000E+00
   331     1.638E+00      1   4.961E-03   0.000E+00
       332              1                 0     0.4960709E-02      0.1642956E+01  0.4893632E-02  0.0000000E+00  0.0000000E+00  0.0000000E+00
   332     1.643E+00      1   4.961E-03   0.000E+00
       333              1                 0     0.4960768E-02      0.1647916E+01  0.4894942E-02  0.0000000E+00  0.0000000E+00  0.0000000E+00
   333     1.648E+00      1   4.961E-03   0.000E+00
       334              1                 0     0.4960826E-02      0.1652877E+01  0.4896276E-02  0.0000000E+00  0.0000000E+00  0.0000000E+00
   334     1.653E+00      1   4.961E-03   0.000E+00
       335              1                 0     0.4960893E-02      0.1657838E+01  0.4897094E-02  0.0000000E+00  0.0000000E+00  0.0000000E+00
   335     1.658E+00      1   4.961E-03   0.000E+00
       336              1                 0     0.4960957E-02      0.1662799E+01  0.4898695E-02  0.0000000E+00  0.0000000E+00  0.0000000E+00
   336     1.663E+00      1   4.961E-03   0.000E+00
       337              1                 0     0.4961026E-02      0.1667760E+01  0.4899784E-02  0.0000000E+00  0.0000000E+00  0.0000000E+00
   337     1.668E+00      1   4.961E-03   0.000E+00
       338              1                 0     0.4961092E-02      0.1672721E+01  0.4900913E-02  0.0000000E+00  0.0000000E+00  0.0000000E+00
   338     1.673E+00      1   4.961E-03   0.000E+00
       339              1                 0     0.4961164E-02      0.1677682E+01  0.4902894E-02  0.0000000E+00  0.0000000E+00  0.0000000E+00
   339     1.678E+00      1   4.961E-03   0.000E+00
       340              1                 0     0.4961233E-02      0.1682644E+01  0.4903671E-02  0.0000000E+00  0.0000000E+00  0.0000000E+00
   340     1.683E+00      1   4.961E-03   0.000E+00
       341              1                 0     0.4961309E-02      0.1687605E+01  0.4905235E-02  0.0000000E+00  0.0000000E+00  0.0000000E+00
   341     1.688E+00      1   4.961E-03   0.000E+00
       342              1                 0     0.4961381E-02      0.1692566E+01  0.4907327E-02  0.0000000E+00  0.0000000E+00  0.0000000E+00
   342     1.693E+00      1   4.961E-03   0.000E+00
       343              1                 0     0.4961461E-02      0.1697528E+01  0.4915165E-02  0.0000000E+00  0.0000000E+00  0.0000000E+00
   343     1.698E+00      1   4.961E-03   0.000E+00
       344              1                 0     0.4961535E-02      0.1702489E+01  0.4918922E-02  0.0000000E+00  0.0000000E+00  0.0000000E+00
   344     1.702E+00      1   4.962E-03   0.000E+00
       345              1                 0     0.4961616E-02      0.1707451E+01  0.4917437E-02  0.0000000E+00  0.0000000E+00  0.0000000E+00
   345     1.707E+00      1   4.962E-03   0.000E+00
       346              1                 0     0.4961691E-02      0.1712413E+01  0.4942348E-02  0.0000000E+00  0.0000000E+00  0.0000000E+00
   346     1.712E+00      1   4.962E-03   0.000E+00
       347              1                 0     0.4961774E-02      0.1717374E+01  0.4975591E-02  0.0000000E+00  0.0000000E+00  0.0000000E+00
   347     1.717E+00      1   4.962E-03   0.000E+00
       348              1                 0     0.4961849E-02      0.1722336E+01  0.4981676E-02  0.0000000E+00  0.0000000E+00  0.0000000E+00
   348     1.722E+00      1   4.962E-03   0.000E+00
       349              1                 0     0.4961932E-02      0.1727298E+01  0.4982412E-02  0.0000000E+00  0.0000000E+00  0.0000000E+00
   349     1.727E+00      1   4.962E-03   0.000E+00
       350              1                 0     0.4962007E-02      0.1732260E+01  0.4987192E-02  0.0000000E+00  0.0000000E+00  0.0000000E+00
   350     1.732E+00      1   4.962E-03   0.000E+00
       351              1                 0     0.4962090E-02      0.1737222E+01  0.4992075E-02  0.0000000E+00  0.0000000E+00  0.0000000E+00
   351     1.737E+00      1   4.962E-03   0.000E+00
       352              1                 0     0.4962167E-02      0.1742184E+01  0.4994475E-02  0.0000000E+00  0.0000000E+00  0.0000000E+00
   352     1.742E+00      1   4.962E-03   0.000E+00
       353              1                 0     0.4962252E-02      0.1747147E+01  0.5001477E-02  0.0000000E+00  0.0000000E+00  0.0000000E+00
   353     1.747E+00      1   4.962E-03   0.000E+00
       354              1                 0     0.4962327E-02      0.1752109E+01  0.5004018E-02  0.0000000E+00  0.0000000E+00  0.0000000E+00
   354     1.752E+00      1   4.962E-03   0.000E+00
       355              1                 0     0.4962410E-02      0.1757071E+01  0.5009816E-02  0.0000000E+00  0.0000000E+00  0.0000000E+00
   355     1.757E+00      1   4.962E-03   0.000E+00
       356              1                 0     0.4962481E-02      0.1762034E+01  0.5017241E-02  0.0000000E+00  0.0000000E+00  0.0000000E+00
   356     1.762E+00      1   4.962E-03   0.000E+00
       357              1                 0     0.4962562E-02      0.1766996E+01  0.5033294E-02  0.0000000E+00  0.0000000E+00  0.0000000E+00
   357     1.767E+00      1   4.963E-03   0.000E+00
       358              1                 0     0.4962633E-02      0.1771959E+01  0.5022931E-02  0.0000000E+00  0.0000000E+00  0.0000000E+00
   358     1.772E+00      1   4.963E-03   0.000E+00
       359              1                 0     0.4962714E-02      0.1776922E+01  0.5038559E-02  0.0000000E+00  0.0000000E+00  0.0000000E+00
   359     1.777E+00      1   4.963E-03   0.000E+00
       360              1                 0     0.4962783E-02      0.1781885E+01  0.5044609E-02  0.0000000E+00  0.0000000E+00  0.0000000E+00
   360     1.782E+00      1   4.963E-03   0.000E+00
       361              1                 0     0.4962860E-02      0.1786847E+01  0.5045238E-02  0.0000000E+00  0.0000000E+00  0.0000000E+00
   361     1.787E+00      1   4.963E-03   0.000E+00
       362              1                 0     0.4962924E-02      0.1791810E+01  0.5050001E-02  0.0000000E+00  0.0000000E+00  0.0000000E+00
   362     1.792E+00      1   4.963E-03   0.000E+00
       363              1                 0     0.4962997E-02      0.1796773E+01  0.5053696E-02  0.0000000E+00  0.0000000E+00  0.0000000E+00
   363     1.797E+00      1   4.963E-03   0.000E+00
       364              1                 0     0.4963060E-02      0.1801736E+01  0.5056540E-02  0.0000000E+00  0.0000000E+00  0.0000000E+00
   364     1.802E+00      1   4.963E-03   0.000E+00
       365              1                 0     0.4963142E-02      0.1806700E+01  0.5063683E-02  0.0000000E+00  0.0000000E+00  0.0000000E+00
   365     1.807E+00      1   4.963E-03   0.000E+00
       366              1                 0     0.4963242E-02      0.1811663E+01  0.5064830E-02  0.0000000E+00  0.0000000E+00  0.0000000E+00
   366     1.812E+00      1   4.963E-03   0.000E+00
       367              1                 0     0.4963361E-02      0.1816626E+01  0.5070175E-02  0.0000000E+00  0.0000000E+00  0.0000000E+00
   367     1.817E+00      1   4.963E-03   0.000E+00
       368              1                 0     0.4963499E-02      0.1821590E+01  0.5075237E-02  0.0000000E+00  0.0000000E+00  0.0000000E+00
   368     1.822E+00      1   4.963E-03   0.000E+00
       369              1                 0     0.4963659E-02      0.1826553E+01  0.5079099E-02  0.0000000E+00  0.0000000E+00  0.0000000E+00
   369     1.827E+00      1   4.964E-03   0.000E+00
       370              1                 0     0.4963840E-02      0.1831517E+01  0.5089881E-02  0.0000000E+00  0.0000000E+00  0.0000000E+00
   370     1.832E+00      1   4.964E-03   0.000E+00
       371              1                 0     0.4964041E-02      0.1836481E+01  0.5091818E-02  0.0000000E+00  0.0000000E+00  0.0000000E+00
   371     1.836E+00      1   4.964E-03   0.000E+00
       372              1                 0     0.4964263E-02      0.1841446E+01  0.5078844E-02  0.0000000E+00  0.0000000E+00  0.0000000E+00
   372     1.841E+00      1   4.964E-03   0.000E+00
       373              1                 0     0.4964505E-02      0.1846410E+01  0.5121331E-02  0.0000000E+00  0.0000000E+00  0.0000000E+00
   373     1.846E+00      1   4.965E-03   0.000E+00
       374              1                 0     0.4964768E-02      0.1851375E+01  0.5229848E-02  0.0000000E+00  0.0000000E+00  0.0000000E+00
   374     1.851E+00      1   4.965E-03   0.000E+00
       375              1                 0     0.4965052E-02      0.1856340E+01  0.5230515E-02  0.0000000E+00  0.0000000E+00  0.0000000E+00
   375     1.856E+00      1   4.965E-03   0.000E+00
       376              1                 0     0.4965357E-02      0.1861305E+01  0.5232474E-02  0.0000000E+00  0.0000000E+00  0.0000000E+00
   376     1.861E+00      1   4.965E-03   0.000E+00
       377              1                 0     0.4965684E-02      0.1866271E+01  0.5235625E-02  0.0000000E+00  0.0000000E+00  0.0000000E+00
   377     1.866E+00      1   4.966E-03   0.000E+00
       378              1                 0     0.4966032E-02      0.1871237E+01  0.5236045E-02  0.0000000E+00  0.0000000E+00  0.0000000E+00
   378     1.871E+00      1   4.966E-03   0.000E+00
       379              1                 0     0.4966400E-02      0.1876203E+01  0.5238801E-02  0.0000000E+00  0.0000000E+00  0.0000000E+00
   379     1.876E+00      1   4.966E-03   0.000E+00
       380              1                 0     0.4966789E-02      0.1881170E+01  0.5242836E-02  0.0000000E+00  0.0000000E+00  0.0000000E+00
   380     1.881E+00      1   4.967E-03   0.000E+00
       381              1                 0     0.4967199E-02      0.1886137E+01  0.5243997E-02  0.0000000E+00  0.0000000E+00  0.0000000E+00
   381     1.886E+00      1   4.967E-03   0.000E+00
       382              1                 0     0.4967628E-02      0.1891105E+01  0.5250451E-02  0.0000000E+00  0.0000000E+00  0.0000000E+00
   382     1.891E+00      1   4.968E-03   0.000E+00
       383              1                 0     0.4968077E-02      0.1896073E+01  0.5254752E-02  0.0000000E+00  0.0000000E+00  0.0000000E+00
   383     1.896E+00      1   4.968E-03   0.000E+00
       384              1                 0     0.4968546E-02      0.1901042E+01  0.5276898E-02  0.0000000E+00  0.0000000E+00  0.0000000E+00
   384     1.901E+00      1   4.969E-03   0.000E+00
       385              1                 0     0.4969035E-02      0.1906011E+01  0.5264423E-02  0.0000000E+00  0.0000000E+00  0.0000000E+00
   385     1.906E+00      1   4.969E-03   0.000E+00
       386              1                 0     0.4969542E-02      0.1910980E+01  0.5311295E-02  0.0000000E+00  0.0000000E+00  0.0000000E+00
   386     1.911E+00      1   4.970E-03   0.000E+00
       387              1                 0     0.4970067E-02      0.1915950E+01  0.5394799E-02  0.0000000E+00  0.0000000E+00  0.0000000E+00
   387     1.916E+00      1   4.970E-03   0.000E+00
       388              1                 0     0.4970608E-02      0.1920921E+01  0.5405477E-02  0.0000000E+00  0.0000000E+00  0.0000000E+00
   388     1.921E+00      1   4.971E-03   0.000E+00
       389              1                 0     0.4971167E-02      0.1925892E+01  0.5405714E-02  0.0000000E+00  0.0000000E+00  0.0000000E+00
   389     1.926E+00      1   4.971E-03   0.000E+00
       390              1                 0     0.4971742E-02      0.1930864E+01  0.5415385E-02  0.0000000E+00  0.0000000E+00  0.0000000E+00
   390     1.931E+00      1   4.972E-03   0.000E+00
       391              1                 0     0.4972331E-02      0.1935836E+01  0.5416793E-02  0.0000000E+00  0.0000000E+00  0.0000000E+00
   391     1.936E+00      1   4.972E-03   0.000E+00
       392              1                 0     0.4972935E-02      0.1940809E+01  0.5425561E-02  0.0000000E+00  0.0000000E+00  0.0000000E+00
   392     1.941E+00      1   4.973E-03   0.000E+00
       393              1                 0     0.4973552E-02      0.1945783E+01  0.5427851E-02  0.0000000E+00  0.0000000E+00  0.0000000E+00
   393     1.946E+00      1   4.974E-03   0.000E+00
       394              1                 0     0.4974182E-02      0.1950757E+01  0.5436010E-02  0.0000000E+00  0.0000000E+00  0.0000000E+00
   394     1.951E+00      1   4.974E-03   0.000E+00
       395              1                 0     0.4974823E-02      0.1955732E+01  0.5438812E-02  0.0000000E+00  0.0000000E+00  0.0000000E+00
   395     1.956E+00      1   4.975E-03   0.000E+00
       396              1                 0     0.4975474E-02      0.1960707E+01  0.5447510E-02  0.0000000E+00  0.0000000E+00  0.0000000E+00
   396     1.961E+00      1   4.975E-03   0.000E+00
       397              1                 0     0.4976134E-02      0.1965683E+01  0.5450335E-02  0.0000000E+00  0.0000000E+00  0.0000000E+00
   397     1.966E+00      1   4.976E-03   0.000E+00
       398              1                 0     0.4976803E-02      0.1970660E+01  0.5421159E-02  0.0000000E+00  0.0000000E+00  0.0000000E+00
   398     1.971E+00      1   4.977E-03   0.000E+00
       399              1                 0     0.4977477E-02      0.1975637E+01  0.5389223E-02  0.0000000E+00  0.0000000E+00  0.0000000E+00
   399     1.976E+00      1   4.977E-03   0.000E+00
       400              1                 0     0.4977690E-02      0.1980615E+01  0.5381688E-02  0.0000000E+00  0.0000000E+00  0.0000000E+00
   400     1.981E+00      1   4.978E-03   0.000E+00
       401              1                 0     0.4977691E-02      0.1985593E+01  0.5442214E-02  0.0000000E+00  0.0000000E+00  0.0000000E+00
   401     1.986E+00      1   4.978E-03   0.000E+00
       402              1                 0     0.4977691E-02      0.1990570E+01  0.5483961E-02  0.0000000E+00  0.0000000E+00  0.0000000E+00
   402     1.991E+00      1   4.978E-03   0.000E+00
       403              1                 0     0.4977691E-02      0.1995548E+01  0.5455194E-02  0.0000000E+00  0.0000000E+00  0.0000000E+00
   403     1.996E+00      1   4.978E-03   0.000E+00
       403              1                 0     0.4977691E-02      0.2000000E+01  0.1000000E+09  0.0000000E+00  0.0000000E+00  0.0000000E+00
   403     2.000E+00      1   4.978E-03   0.000E+00
       403              1                 0     0.4977691E-02      0.2000000E+01  0.1000000E+09  0.0000000E+00  0.0000000E+00  0.0000000E+00
   403     2.000E+00      1   4.978E-03   0.000E+00
 End of problem: Total CPU time =            0.916 sec
                 Total CPU time =  0h  0m  0s 915ms
