
 Global mass balance
 ===================

 No. of | Total time  | Total inlet | Total outlet| Total trans.| Relation    | Deviation of
 timest.|             | massflow    | massflow    | mass incr.  | trans./inlet| mass balance
 (nstep)|   (timet)   | (m_in_tot)  | (m_out_tot) (m_stored_cool) (m..trans)  | (m..deviat) 
   [-]  |     [s]     |   [kg/s]    |   [kg/s]    |   [kg/s]    |             |
=============================================================================================
    10        0.0448        0.2705        0.2711        0.0006         0.20 %        -0.20 %
    20        0.0945        0.2686        0.2711        0.0024         0.90 %        -0.90 %
    30        0.1442        0.2656        0.2710        0.0055         2.06 %        -2.05 %
    40        0.1938        0.2616        0.2710        0.0095         3.62 %        -3.61 %
    50        0.2434        0.2569        0.2710        0.0141         5.48 %        -5.47 %
    60        0.2930        0.2521        0.2710        0.0189         7.51 %        -7.49 %
    70        0.3426        0.2474        0.2709        0.0235         9.51 %        -9.49 %
    80        0.3922        0.2436        0.2709        0.0274        11.25 %       -11.23 %
    90        0.4418        0.2409        0.2709        0.0300        12.47 %       -12.45 %
   100        0.4914        0.2397        0.2706        0.0310        12.92 %       -12.89 %
   110        0.5410        0.2403        0.2698        0.0306        12.74 %       -12.29 %
   120        0.5906        0.2425        0.2680        0.0308        12.72 %       -10.54 %
   130        0.6402        0.2460        0.2652        0.0314        12.75 %        -7.80 %
   140        0.6898        0.2504        0.2614        0.0319        12.74 %        -4.39 %
   150        0.7394        0.2553        0.2570        0.0322        12.63 %        -0.69 %
   160        0.7891        0.2600        0.2524        0.0323        12.41 %         2.94 %
   170        0.8387        0.2643        0.2480        0.0320        12.10 %         6.18 %
   180        0.8884        0.2677        0.2442        0.0315        11.76 %         8.78 %
   190        0.9381        0.2700        0.2416        0.0310        11.47 %        10.53 %
   200        0.9878        0.2710        0.2404        0.0307        11.32 %        11.29 %
   210        1.0376        0.2707        0.2409        0.0304        11.23 %        10.99 %
   220        1.0873        0.2690        0.2430        0.0299        11.10 %         9.66 %
   230        1.1370        0.2661        0.2464        0.0292        10.98 %         7.41 %
   240        1.1867        0.2622        0.2506        0.0287        10.94 %         4.42 %
   250        1.2363        0.2576        0.2553        0.0285        11.05 %         0.92 %
   260        1.2859        0.2528        0.2598        0.0286        11.32 %        -2.78 %
   270        1.3354        0.2481        0.2638        0.0291        11.72 %        -6.34 %
   280        1.3850        0.2440        0.2670        0.0297        12.18 %        -9.42 %
   290        1.4346        0.2412        0.2692        0.0303        12.56 %       -11.62 %
   300        1.4842        0.2398        0.2702        0.0306        12.74 %       -12.67 %
   310        1.5338        0.2401        0.2699        0.0305        12.71 %       -12.40 %
   320        1.5834        0.2421        0.2683        0.0308        12.71 %       -10.85 %
   330        1.6330        0.2454        0.2656        0.0313        12.74 %        -8.25 %
   340        1.6826        0.2497        0.2620        0.0318        12.75 %        -4.91 %
   350        1.7323        0.2546        0.2577        0.0322        12.66 %        -1.23 %
   360        1.7819        0.2594        0.2531        0.0323        12.45 %         2.43 %
   370        1.8315        0.2637        0.2486        0.0320        12.15 %         5.75 %
   380        1.8812        0.2673        0.2447        0.0316        11.81 %         8.45 %
   390        1.9309        0.2698        0.2419        0.0311        11.51 %        10.34 %
   400        1.9806        0.2710        0.2405        0.0307        11.33 %        11.25 %
