
 Global mass balance
 ===================

 No. of | Total time  | Total inlet | Total outlet| Total trans.| Relation    | Deviation of
 timest.|             | massflow    | massflow    | mass incr.  | trans./inlet| mass balance
 (nstep)|   (timet)   | (m_in_tot)  | (m_out_tot) (m_stored_cool) (m..trans)  | (m..deviat) 
   [-]  |     [s]     |   [kg/s]    |   [kg/s]    |   [kg/s]    |             |
=============================================================================================
    10        0.0448        0.2705        0.2711        0.0006         0.20 %        -0.20 %
    20        0.0945        0.2686        0.2711        0.0024         0.90 %        -0.90 %
    30        0.1442        0.2656        0.2711        0.0055         2.06 %        -2.06 %
    40        0.1939        0.2616        0.2710        0.0095         3.63 %        -3.62 %
    50        0.2435        0.2569        0.2710        0.0141         5.50 %        -5.49 %
    60        0.2932        0.2521        0.2710        0.0190         7.54 %        -7.52 %
    70        0.3428        0.2474        0.2710        0.0236         9.55 %        -9.53 %
    80        0.3924        0.2435        0.2710        0.0275        11.29 %       -11.27 %
    90        0.4421        0.2409        0.2710        0.0302        12.53 %       -12.50 %
   100        0.4917        0.2397        0.2710        0.0313        13.06 %       -13.03 %
   110        0.5413        0.2403        0.2705        0.0314        13.07 %       -12.55 %
   120        0.5910        0.2425        0.2686        0.0318        13.11 %       -10.78 %
   130        0.6406        0.2460        0.2656        0.0323        13.14 %        -7.98 %
   140        0.6903        0.2505        0.2617        0.0328        13.10 %        -4.48 %
   150        0.7399        0.2553        0.2571        0.0331        12.95 %        -0.69 %
   160        0.7896        0.2601        0.2522        0.0330        12.67 %         3.04 %
   170        0.8392        0.2643        0.2475        0.0326        12.33 %         6.36 %
   180        0.8889        0.2677        0.2436        0.0321        11.98 %         9.02 %
   190        0.9386        0.2700        0.2408        0.0316        11.70 %        10.81 %
   200        0.9883        0.2710        0.2396        0.0314        11.59 %        11.58 %
   210        1.0381        0.2707        0.2402        0.0313        11.54 %        11.26 %
   220        1.0878        0.2690        0.2424        0.0308        11.43 %         9.89 %
   230        1.1376        0.2661        0.2459        0.0301        11.32 %         7.57 %
   240        1.1872        0.2622        0.2504        0.0295        11.27 %         4.49 %
   250        1.2369        0.2576        0.2552        0.0293        11.36 %         0.91 %
   260        1.2865        0.2527        0.2600        0.0293        11.61 %        -2.89 %
   270        1.3361        0.2480        0.2642        0.0298        12.00 %        -6.55 %
   280        1.3858        0.2440        0.2676        0.0304        12.45 %        -9.69 %
   290        1.4354        0.2411        0.2699        0.0310        12.83 %       -11.94 %
   300        1.4850        0.2398        0.2709        0.0313        13.05 %       -12.99 %
   310        1.5347        0.2401        0.2706        0.0314        13.06 %       -12.69 %
   320        1.5843        0.2421        0.2690        0.0317        13.10 %       -11.09 %
   330        1.6340        0.2455        0.2661        0.0323        13.14 %        -8.40 %
   340        1.6836        0.2498        0.2623        0.0328        13.11 %        -4.97 %
   350        1.7332        0.2547        0.2577        0.0331        12.98 %        -1.20 %
   360        1.7829        0.2595        0.2528        0.0330        12.72 %         2.55 %
   370        1.8325        0.2638        0.2481        0.0327        12.38 %         5.95 %
   380        1.8822        0.2674        0.2441        0.0321        12.02 %         8.71 %
   390        1.9319        0.2698        0.2411        0.0317        11.73 %        10.63 %
   400        1.9817        0.2710        0.2397        0.0314        11.59 %        11.54 %
