 Time step information and convergence control
 =============================================

#     Step      Number of         Number of         Time Step         Begin Step
#              Outer Its.  Inner Iterations          Size (s)                (s)



                         new time domain reached

   minimum   maximum    time      long      short   graphics    dump
    time      time     domain     edit      edit      edit
    step      step       end    interval  interval  interval  interval

  1.000E-16 1.000E+02 2.000E+00 1.000E-08 0.000E+00 0.000E+00 1.000E+01


 time step ratio      =  1.000E+03

         1              1                 1     0.1000000E-15      0.0000000E+00  0.2488844E-02  0.7054707E-25  0.0000000E+00  0.0000000E+00
     1     0.000E+00      1   1.000E-16   0.000E+00
         2              1                 0     0.4977691E-02      0.4977691E-02  0.2488843E-02  0.0000000E+00  0.0000000E+00  0.0000000E+00
     2     4.978E-03      1   4.978E-03   0.000E+00
         3              1                 0     0.4977691E-02      0.9955383E-02  0.2488152E-02  0.0000000E+00  0.0000000E+00  0.0000000E+00
     3     9.955E-03      1   4.978E-03   0.000E+00
         4              1                 0     0.4977566E-02      0.1493295E-01  0.2486770E-02  0.0000000E+00  0.0000000E+00  0.0000000E+00
     4     1.493E-02      1   4.978E-03   0.000E+00
         5              1                 0     0.4977251E-02      0.1991020E-01  0.2485393E-02  0.0000000E+00  0.0000000E+00  0.0000000E+00
     5     1.991E-02      1   4.977E-03   0.000E+00
         6              1                 0     0.4976874E-02      0.2488707E-01  0.2484020E-02  0.0000000E+00  0.0000000E+00  0.0000000E+00
     6     2.489E-02      1   4.977E-03   0.000E+00
         7              1                 0     0.4976498E-02      0.2986357E-01  0.2482654E-02  0.0000000E+00  0.0000000E+00  0.0000000E+00
     7     2.986E-02      1   4.976E-03   0.000E+00
         8              1                 0     0.4976122E-02      0.3483969E-01  0.2481293E-02  0.0000000E+00  0.0000000E+00  0.0000000E+00
     8     3.484E-02      1   4.976E-03   0.000E+00
         9              1                 0     0.4975746E-02      0.3981544E-01  0.2479940E-02  0.0000000E+00  0.0000000E+00  0.0000000E+00
     9     3.982E-02      1   4.976E-03   0.000E+00
        10              1                 0     0.4975369E-02      0.4479081E-01  0.2478604E-02  0.0000000E+00  0.0000000E+00  0.0000000E+00
    10     4.479E-02      1   4.975E-03   0.000E+00
        11              1                 0     0.4974997E-02      0.4976581E-01  0.2477273E-02  0.0000000E+00  0.0000000E+00  0.0000000E+00
    11     4.977E-02      1   4.975E-03   0.000E+00
        12              1                 0     0.4974625E-02      0.5474043E-01  0.2475945E-02  0.0000000E+00  0.0000000E+00  0.0000000E+00
    12     5.474E-02      1   4.975E-03   0.000E+00
        13              1                 0     0.4974253E-02      0.5971468E-01  0.2474645E-02  0.0000000E+00  0.0000000E+00  0.0000000E+00
    13     5.971E-02      1   4.974E-03   0.000E+00
        14              1                 0     0.4973886E-02      0.6468857E-01  0.2473345E-02  0.0000000E+00  0.0000000E+00  0.0000000E+00
    14     6.469E-02      1   4.974E-03   0.000E+00
        15              1                 0     0.4973519E-02      0.6966209E-01  0.2472064E-02  0.0000000E+00  0.0000000E+00  0.0000000E+00
    15     6.966E-02      1   4.974E-03   0.000E+00
        16              1                 0     0.4973155E-02      0.7463524E-01  0.2470795E-02  0.0000000E+00  0.0000000E+00  0.0000000E+00
    16     7.464E-02      1   4.973E-03   0.000E+00
        17              1                 0     0.4972792E-02      0.7960804E-01  0.2469544E-02  0.0000000E+00  0.0000000E+00  0.0000000E+00
    17     7.961E-02      1   4.973E-03   0.000E+00
        18              1                 0     0.4972434E-02      0.8458047E-01  0.2468303E-02  0.0000000E+00  0.0000000E+00  0.0000000E+00
    18     8.458E-02      1   4.972E-03   0.000E+00
        19              1                 0     0.4972075E-02      0.8955255E-01  0.2467087E-02  0.0000000E+00  0.0000000E+00  0.0000000E+00
    19     8.955E-02      1   4.972E-03   0.000E+00
        20              1                 0     0.4971723E-02      0.9452427E-01  0.2465886E-02  0.0000000E+00  0.0000000E+00  0.0000000E+00
    20     9.452E-02      1   4.972E-03   0.000E+00
        21              1                 0     0.4971373E-02      0.9949564E-01  0.2464695E-02  0.0000000E+00  0.0000000E+00  0.0000000E+00
    21     9.950E-02      1   4.971E-03   0.000E+00
        22              1                 0     0.4971025E-02      0.1044667E+00  0.2463539E-02  0.0000000E+00  0.0000000E+00  0.0000000E+00
    22     1.045E-01      1   4.971E-03   0.000E+00
        23              1                 0     0.4970683E-02      0.1094373E+00  0.2462395E-02  0.0000000E+00  0.0000000E+00  0.0000000E+00
    23     1.094E-01      1   4.971E-03   0.000E+00
        24              1                 0     0.4970345E-02      0.1144077E+00  0.2461268E-02  0.0000000E+00  0.0000000E+00  0.0000000E+00
    24     1.144E-01      1   4.970E-03   0.000E+00
        25              1                 0     0.4970010E-02      0.1193777E+00  0.2460166E-02  0.0000000E+00  0.0000000E+00  0.0000000E+00
    25     1.194E-01      1   4.970E-03   0.000E+00
        26              1                 0     0.4969679E-02      0.1243474E+00  0.2459088E-02  0.0000000E+00  0.0000000E+00  0.0000000E+00
    26     1.243E-01      1   4.970E-03   0.000E+00
        27              1                 0     0.4969353E-02      0.1293167E+00  0.2458037E-02  0.0000000E+00  0.0000000E+00  0.0000000E+00
    27     1.293E-01      1   4.969E-03   0.000E+00
        28              1                 0     0.4969033E-02      0.1342858E+00  0.2457006E-02  0.0000000E+00  0.0000000E+00  0.0000000E+00
    28     1.343E-01      1   4.969E-03   0.000E+00
        29              1                 0     0.4968718E-02      0.1392545E+00  0.2456000E-02  0.0000000E+00  0.0000000E+00  0.0000000E+00
    29     1.393E-01      1   4.969E-03   0.000E+00
        30              1                 0     0.4968408E-02      0.1442229E+00  0.2455020E-02  0.0000000E+00  0.0000000E+00  0.0000000E+00
    30     1.442E-01      1   4.968E-03   0.000E+00
        31              1                 0     0.4968104E-02      0.1491910E+00  0.2454066E-02  0.0000000E+00  0.0000000E+00  0.0000000E+00
    31     1.492E-01      1   4.968E-03   0.000E+00
        32              1                 0     0.4967806E-02      0.1541588E+00  0.2453141E-02  0.0000000E+00  0.0000000E+00  0.0000000E+00
    32     1.542E-01      1   4.968E-03   0.000E+00
        33              1                 0     0.4967514E-02      0.1591263E+00  0.2452243E-02  0.0000000E+00  0.0000000E+00  0.0000000E+00
    33     1.591E-01      1   4.968E-03   0.000E+00
        34              1                 0     0.4967228E-02      0.1640935E+00  0.2451374E-02  0.0000000E+00  0.0000000E+00  0.0000000E+00
    34     1.641E-01      1   4.967E-03   0.000E+00
        35              1                 0     0.4966949E-02      0.1690605E+00  0.2450535E-02  0.0000000E+00  0.0000000E+00  0.0000000E+00
    35     1.691E-01      1   4.967E-03   0.000E+00
        36              1                 0     0.4966677E-02      0.1740272E+00  0.2449726E-02  0.0000000E+00  0.0000000E+00  0.0000000E+00
    36     1.740E-01      1   4.967E-03   0.000E+00
        37              1                 0     0.4966413E-02      0.1789936E+00  0.2448949E-02  0.0000000E+00  0.0000000E+00  0.0000000E+00
    37     1.790E-01      1   4.966E-03   0.000E+00
        38              1                 0     0.4966156E-02      0.1839597E+00  0.2448203E-02  0.0000000E+00  0.0000000E+00  0.0000000E+00
    38     1.840E-01      1   4.966E-03   0.000E+00
        39              1                 0     0.4965906E-02      0.1889256E+00  0.2447493E-02  0.0000000E+00  0.0000000E+00  0.0000000E+00
    39     1.889E-01      1   4.966E-03   0.000E+00
        40              1                 0     0.4965666E-02      0.1938913E+00  0.2446817E-02  0.0000000E+00  0.0000000E+00  0.0000000E+00
    40     1.939E-01      1   4.966E-03   0.000E+00
        41              1                 0     0.4965434E-02      0.1988567E+00  0.2446172E-02  0.0000000E+00  0.0000000E+00  0.0000000E+00
    41     1.989E-01      1   4.965E-03   0.000E+00
        42              1                 0     0.4965212E-02      0.2038220E+00  0.2445562E-02  0.0000000E+00  0.0000000E+00  0.0000000E+00
    42     2.038E-01      1   4.965E-03   0.000E+00
        43              1                 0     0.4964998E-02      0.2087870E+00  0.2444987E-02  0.0000000E+00  0.0000000E+00  0.0000000E+00
    43     2.088E-01      1   4.965E-03   0.000E+00
        44              1                 0     0.4964793E-02      0.2137518E+00  0.2444447E-02  0.0000000E+00  0.0000000E+00  0.0000000E+00
    44     2.138E-01      1   4.965E-03   0.000E+00
        45              1                 0     0.4964597E-02      0.2187163E+00  0.2443945E-02  0.0000000E+00  0.0000000E+00  0.0000000E+00
    45     2.187E-01      1   4.965E-03   0.000E+00
        46              1                 0     0.4964411E-02      0.2236808E+00  0.2443489E-02  0.0000000E+00  0.0000000E+00  0.0000000E+00
    46     2.237E-01      1   4.964E-03   0.000E+00
        47              1                 0     0.4964238E-02      0.2286450E+00  0.2443067E-02  0.0000000E+00  0.0000000E+00  0.0000000E+00
    47     2.286E-01      1   4.964E-03   0.000E+00
        48              1                 0     0.4964075E-02      0.2336091E+00  0.2442680E-02  0.0000000E+00  0.0000000E+00  0.0000000E+00
    48     2.336E-01      1   4.964E-03   0.000E+00
        49              1                 0     0.4963922E-02      0.2385730E+00  0.2442333E-02  0.0000000E+00  0.0000000E+00  0.0000000E+00
    49     2.386E-01      1   4.964E-03   0.000E+00
        50              1                 0     0.4963780E-02      0.2435368E+00  0.2442026E-02  0.0000000E+00  0.0000000E+00  0.0000000E+00
    50     2.435E-01      1   4.964E-03   0.000E+00
        51              1                 0     0.4963649E-02      0.2485004E+00  0.2441740E-02  0.0000000E+00  0.0000000E+00  0.0000000E+00
    51     2.485E-01      1   4.964E-03   0.000E+00
        52              1                 0     0.4963531E-02      0.2534640E+00  0.2441492E-02  0.0000000E+00  0.0000000E+00  0.0000000E+00
    52     2.535E-01      1   4.964E-03   0.000E+00
        53              1                 0     0.4963427E-02      0.2584274E+00  0.2441289E-02  0.0000000E+00  0.0000000E+00  0.0000000E+00
    53     2.584E-01      1   4.963E-03   0.000E+00
        54              1                 0     0.4963335E-02      0.2633907E+00  0.2441129E-02  0.0000000E+00  0.0000000E+00  0.0000000E+00
    54     2.634E-01      1   4.963E-03   0.000E+00
        55              1                 0     0.4963255E-02      0.2683540E+00  0.2441011E-02  0.0000000E+00  0.0000000E+00  0.0000000E+00
    55     2.684E-01      1   4.963E-03   0.000E+00
        56              1                 0     0.4963187E-02      0.2733172E+00  0.2440940E-02  0.0000000E+00  0.0000000E+00  0.0000000E+00
    56     2.733E-01      1   4.963E-03   0.000E+00
        57              1                 0     0.4963132E-02      0.2782803E+00  0.2440910E-02  0.0000000E+00  0.0000000E+00  0.0000000E+00
    57     2.783E-01      1   4.963E-03   0.000E+00
        58              1                 0     0.4963093E-02      0.2832434E+00  0.2440926E-02  0.0000000E+00  0.0000000E+00  0.0000000E+00
    58     2.832E-01      1   4.963E-03   0.000E+00
        59              1                 0     0.4963068E-02      0.2882065E+00  0.2440988E-02  0.0000000E+00  0.0000000E+00  0.0000000E+00
    59     2.882E-01      1   4.963E-03   0.000E+00
        60              1                 0     0.4963058E-02      0.2931695E+00  0.2441097E-02  0.0000000E+00  0.0000000E+00  0.0000000E+00
    60     2.932E-01      1   4.963E-03   0.000E+00
        61              1                 0     0.4963062E-02      0.2981326E+00  0.2441252E-02  0.0000000E+00  0.0000000E+00  0.0000000E+00
    61     2.981E-01      1   4.963E-03   0.000E+00
        62              1                 0     0.4963080E-02      0.3030956E+00  0.2441470E-02  0.0000000E+00  0.0000000E+00  0.0000000E+00
    62     3.031E-01      1   4.963E-03   0.000E+00
        63              1                 0     0.4963110E-02      0.3080588E+00  0.2441735E-02  0.0000000E+00  0.0000000E+00  0.0000000E+00
    63     3.081E-01      1   4.963E-03   0.000E+00
        64              1                 0     0.4963142E-02      0.3130219E+00  0.2442019E-02  0.0000000E+00  0.0000000E+00  0.0000000E+00
    64     3.130E-01      1   4.963E-03   0.000E+00
        65              1                 0     0.4963174E-02      0.3179851E+00  0.2442251E-02  0.0000000E+00  0.0000000E+00  0.0000000E+00
    65     3.180E-01      1   4.963E-03   0.000E+00
        66              1                 0     0.4963206E-02      0.3229483E+00  0.2442429E-02  0.0000000E+00  0.0000000E+00  0.0000000E+00
    66     3.229E-01      1   4.963E-03   0.000E+00
        67              1                 0     0.4963238E-02      0.3279115E+00  0.2442606E-02  0.0000000E+00  0.0000000E+00  0.0000000E+00
    67     3.279E-01      1   4.963E-03   0.000E+00
        68              1                 0     0.4963270E-02      0.3328748E+00  0.2442781E-02  0.0000000E+00  0.0000000E+00  0.0000000E+00
    68     3.329E-01      1   4.963E-03   0.000E+00
        69              1                 0     0.4963301E-02      0.3378381E+00  0.2442955E-02  0.0000000E+00  0.0000000E+00  0.0000000E+00
    69     3.378E-01      1   4.963E-03   0.000E+00
        70              1                 0     0.4963332E-02      0.3428014E+00  0.2443126E-02  0.0000000E+00  0.0000000E+00  0.0000000E+00
    70     3.428E-01      1   4.963E-03   0.000E+00
        71              1                 0     0.4963361E-02      0.3477648E+00  0.2443295E-02  0.0000000E+00  0.0000000E+00  0.0000000E+00
    71     3.478E-01      1   4.963E-03   0.000E+00
        72              1                 0     0.4963391E-02      0.3527282E+00  0.2443460E-02  0.0000000E+00  0.0000000E+00  0.0000000E+00
    72     3.527E-01      1   4.963E-03   0.000E+00
        73              1                 0     0.4963419E-02      0.3576916E+00  0.2443621E-02  0.0000000E+00  0.0000000E+00  0.0000000E+00
    73     3.577E-01      1   4.963E-03   0.000E+00
        74              1                 0     0.4963446E-02      0.3626550E+00  0.2443775E-02  0.0000000E+00  0.0000000E+00  0.0000000E+00
    74     3.627E-01      1   4.963E-03   0.000E+00
        75              1                 0     0.4963472E-02      0.3676185E+00  0.2443922E-02  0.0000000E+00  0.0000000E+00  0.0000000E+00
    75     3.676E-01      1   4.963E-03   0.000E+00
        76              1                 0     0.4963496E-02      0.3725820E+00  0.2444058E-02  0.0000000E+00  0.0000000E+00  0.0000000E+00
    76     3.726E-01      1   4.963E-03   0.000E+00
        77              1                 0     0.4963518E-02      0.3775455E+00  0.2444197E-02  0.0000000E+00  0.0000000E+00  0.0000000E+00
    77     3.775E-01      1   4.964E-03   0.000E+00
        78              1                 0     0.4963540E-02      0.3825091E+00  0.2444362E-02  0.0000000E+00  0.0000000E+00  0.0000000E+00
    78     3.825E-01      1   4.964E-03   0.000E+00
        79              1                 0     0.4963563E-02      0.3874726E+00  0.2444498E-02  0.0000000E+00  0.0000000E+00  0.0000000E+00
    79     3.875E-01      1   4.964E-03   0.000E+00
        80              1                 0     0.4963583E-02      0.3924362E+00  0.2444612E-02  0.0000000E+00  0.0000000E+00  0.0000000E+00
    80     3.924E-01      1   4.964E-03   0.000E+00
        81              1                 0     0.4963600E-02      0.3973998E+00  0.2444752E-02  0.0000000E+00  0.0000000E+00  0.0000000E+00
    81     3.974E-01      1   4.964E-03   0.000E+00
        82              1                 0     0.4963618E-02      0.4023634E+00  0.2444882E-02  0.0000000E+00  0.0000000E+00  0.0000000E+00
    82     4.024E-01      1   4.964E-03   0.000E+00
        83              1                 0     0.4963635E-02      0.4073271E+00  0.2444981E-02  0.0000000E+00  0.0000000E+00  0.0000000E+00
    83     4.073E-01      1   4.964E-03   0.000E+00
        84              1                 0     0.4963647E-02      0.4122907E+00  0.2445116E-02  0.0000000E+00  0.0000000E+00  0.0000000E+00
    84     4.123E-01      1   4.964E-03   0.000E+00
        85              1                 0     0.4963661E-02      0.4172544E+00  0.2445223E-02  0.0000000E+00  0.0000000E+00  0.0000000E+00
    85     4.173E-01      1   4.964E-03   0.000E+00
        86              1                 0     0.4963673E-02      0.4222180E+00  0.2445336E-02  0.0000000E+00  0.0000000E+00  0.0000000E+00
    86     4.222E-01      1   4.964E-03   0.000E+00
        87              1                 0     0.4963685E-02      0.4271817E+00  0.2444730E-02  0.0000000E+00  0.0000000E+00  0.0000000E+00
    87     4.272E-01      1   4.964E-03   0.000E+00
        88              1                 0     0.4963694E-02      0.4321454E+00  0.2440549E-02  0.0000000E+00  0.0000000E+00  0.0000000E+00
    88     4.321E-01      1   4.964E-03   0.000E+00
        89              1                 0     0.4963703E-02      0.4371091E+00  0.2439040E-02  0.0000000E+00  0.0000000E+00  0.0000000E+00
    89     4.371E-01      1   4.964E-03   0.000E+00
        90              1                 0     0.4963708E-02      0.4420728E+00  0.2445732E-02  0.0000000E+00  0.0000000E+00  0.0000000E+00
    90     4.421E-01      1   4.964E-03   0.000E+00
        91              1                 0     0.4963712E-02      0.4470365E+00  0.2444987E-02  0.0000000E+00  0.0000000E+00  0.0000000E+00
    91     4.470E-01      1   4.964E-03   0.000E+00
        92              1                 0     0.4963714E-02      0.4520003E+00  0.2438395E-02  0.0000000E+00  0.0000000E+00  0.0000000E+00
    92     4.520E-01      1   4.964E-03   0.000E+00
        93              1                 0     0.4963715E-02      0.4569640E+00  0.2426170E-02  0.0000000E+00  0.0000000E+00  0.0000000E+00
    93     4.570E-01      1   4.964E-03   0.000E+00
        94              1                 0     0.4963716E-02      0.4619277E+00  0.2400904E-02  0.0000000E+00  0.0000000E+00  0.0000000E+00
    94     4.619E-01      1   4.964E-03   0.000E+00
        95              1                 0     0.4963715E-02      0.4668914E+00  0.2388740E-02  0.0000000E+00  0.0000000E+00  0.0000000E+00
    95     4.669E-01      1   4.964E-03   0.000E+00
        96              1                 0     0.4963712E-02      0.4718551E+00  0.2383002E-02  0.0000000E+00  0.0000000E+00  0.0000000E+00
    96     4.719E-01      1   4.964E-03   0.000E+00
        97              1                 0     0.4963711E-02      0.4768188E+00  0.2380373E-02  0.0000000E+00  0.0000000E+00  0.0000000E+00
    97     4.768E-01      1   4.964E-03   0.000E+00
        98              1                 0     0.4963710E-02      0.4817825E+00  0.2379231E-02  0.0000000E+00  0.0000000E+00  0.0000000E+00
    98     4.818E-01      1   4.964E-03   0.000E+00
        99              1                 0     0.4963707E-02      0.4867462E+00  0.2378793E-02  0.0000000E+00  0.0000000E+00  0.0000000E+00
    99     4.867E-01      1   4.964E-03   0.000E+00
       100              1                 0     0.4963703E-02      0.4917099E+00  0.2378688E-02  0.0000000E+00  0.0000000E+00  0.0000000E+00
   100     4.917E-01      1   4.964E-03   0.000E+00
       101              1                 0     0.4963697E-02      0.4966736E+00  0.2378741E-02  0.0000000E+00  0.0000000E+00  0.0000000E+00
   101     4.967E-01      1   4.964E-03   0.000E+00
       102              1                 0     0.4963691E-02      0.5016373E+00  0.2378872E-02  0.0000000E+00  0.0000000E+00  0.0000000E+00
   102     5.016E-01      1   4.964E-03   0.000E+00
       103              1                 0     0.4963686E-02      0.5066010E+00  0.2379045E-02  0.0000000E+00  0.0000000E+00  0.0000000E+00
   103     5.066E-01      1   4.964E-03   0.000E+00
       104              1                 0     0.4963681E-02      0.5115647E+00  0.2379240E-02  0.0000000E+00  0.0000000E+00  0.0000000E+00
   104     5.116E-01      1   4.964E-03   0.000E+00
       105              1                 0     0.4963677E-02      0.5165284E+00  0.2379452E-02  0.0000000E+00  0.0000000E+00  0.0000000E+00
   105     5.165E-01      1   4.964E-03   0.000E+00
       106              1                 0     0.4963675E-02      0.5214921E+00  0.2379675E-02  0.0000000E+00  0.0000000E+00  0.0000000E+00
   106     5.215E-01      1   4.964E-03   0.000E+00
       107              1                 0     0.4963673E-02      0.5264557E+00  0.2379906E-02  0.0000000E+00  0.0000000E+00  0.0000000E+00
   107     5.265E-01      1   4.964E-03   0.000E+00
       108              1                 0     0.4963672E-02      0.5314194E+00  0.2380141E-02  0.0000000E+00  0.0000000E+00  0.0000000E+00
   108     5.314E-01      1   4.964E-03   0.000E+00
       109              1                 0     0.4963671E-02      0.5363831E+00  0.2380374E-02  0.0000000E+00  0.0000000E+00  0.0000000E+00
   109     5.364E-01      1   4.964E-03   0.000E+00
       110              1                 0     0.4963669E-02      0.5413467E+00  0.2380599E-02  0.0000000E+00  0.0000000E+00  0.0000000E+00
   110     5.413E-01      1   4.964E-03   0.000E+00
       111              1                 0     0.4963666E-02      0.5463104E+00  0.2380828E-02  0.0000000E+00  0.0000000E+00  0.0000000E+00
   111     5.463E-01      1   4.964E-03   0.000E+00
       112              1                 0     0.4963664E-02      0.5512741E+00  0.2381075E-02  0.0000000E+00  0.0000000E+00  0.0000000E+00
   112     5.513E-01      1   4.964E-03   0.000E+00
       113              1                 0     0.4963665E-02      0.5562377E+00  0.2381333E-02  0.0000000E+00  0.0000000E+00  0.0000000E+00
   113     5.562E-01      1   4.964E-03   0.000E+00
       114              1                 0     0.4963668E-02      0.5612014E+00  0.2381595E-02  0.0000000E+00  0.0000000E+00  0.0000000E+00
   114     5.612E-01      1   4.964E-03   0.000E+00
       115              1                 0     0.4963670E-02      0.5661651E+00  0.2381866E-02  0.0000000E+00  0.0000000E+00  0.0000000E+00
   115     5.662E-01      1   4.964E-03   0.000E+00
       116              1                 0     0.4963674E-02      0.5711287E+00  0.2382142E-02  0.0000000E+00  0.0000000E+00  0.0000000E+00
   116     5.711E-01      1   4.964E-03   0.000E+00
       117              1                 0     0.4963678E-02      0.5760924E+00  0.2382430E-02  0.0000000E+00  0.0000000E+00  0.0000000E+00
   117     5.761E-01      1   4.964E-03   0.000E+00
       118              1                 0     0.4963684E-02      0.5810561E+00  0.2382728E-02  0.0000000E+00  0.0000000E+00  0.0000000E+00
   118     5.811E-01      1   4.964E-03   0.000E+00
       119              1                 0     0.4963691E-02      0.5860198E+00  0.2383040E-02  0.0000000E+00  0.0000000E+00  0.0000000E+00
   119     5.860E-01      1   4.964E-03   0.000E+00
       120              1                 0     0.4963700E-02      0.5909835E+00  0.2383359E-02  0.0000000E+00  0.0000000E+00  0.0000000E+00
   120     5.910E-01      1   4.964E-03   0.000E+00
       121              1                 0     0.4963709E-02      0.5959472E+00  0.2383692E-02  0.0000000E+00  0.0000000E+00  0.0000000E+00
   121     5.959E-01      1   4.964E-03   0.000E+00
       122              1                 0     0.4963721E-02      0.6009109E+00  0.2384032E-02  0.0000000E+00  0.0000000E+00  0.0000000E+00
   122     6.009E-01      1   4.964E-03   0.000E+00
       123              1                 0     0.4963733E-02      0.6058747E+00  0.2384384E-02  0.0000000E+00  0.0000000E+00  0.0000000E+00
   123     6.059E-01      1   4.964E-03   0.000E+00
       124              1                 0     0.4963746E-02      0.6108384E+00  0.2384754E-02  0.0000000E+00  0.0000000E+00  0.0000000E+00
   124     6.108E-01      1   4.964E-03   0.000E+00
       125              1                 0     0.4963763E-02      0.6158022E+00  0.2385129E-02  0.0000000E+00  0.0000000E+00  0.0000000E+00
   125     6.158E-01      1   4.964E-03   0.000E+00
       126              1                 0     0.4963778E-02      0.6207659E+00  0.2385514E-02  0.0000000E+00  0.0000000E+00  0.0000000E+00
   126     6.208E-01      1   4.964E-03   0.000E+00
       127              1                 0     0.4963796E-02      0.6257297E+00  0.2385918E-02  0.0000000E+00  0.0000000E+00  0.0000000E+00
   127     6.257E-01      1   4.964E-03   0.000E+00
       128              1                 0     0.4963816E-02      0.6306936E+00  0.2386334E-02  0.0000000E+00  0.0000000E+00  0.0000000E+00
   128     6.307E-01      1   4.964E-03   0.000E+00
       129              1                 0     0.4963838E-02      0.6356574E+00  0.2386753E-02  0.0000000E+00  0.0000000E+00  0.0000000E+00
   129     6.357E-01      1   4.964E-03   0.000E+00
       130              1                 0     0.4963859E-02      0.6406213E+00  0.2387179E-02  0.0000000E+00  0.0000000E+00  0.0000000E+00
   130     6.406E-01      1   4.964E-03   0.000E+00
       131              1                 0     0.4963881E-02      0.6455851E+00  0.2387623E-02  0.0000000E+00  0.0000000E+00  0.0000000E+00
   131     6.456E-01      1   4.964E-03   0.000E+00
       132              1                 0     0.4963906E-02      0.6505490E+00  0.2388085E-02  0.0000000E+00  0.0000000E+00  0.0000000E+00
   132     6.505E-01      1   4.964E-03   0.000E+00
       133              1                 0     0.4963933E-02      0.6555130E+00  0.2388558E-02  0.0000000E+00  0.0000000E+00  0.0000000E+00
   133     6.555E-01      1   4.964E-03   0.000E+00
       134              1                 0     0.4963961E-02      0.6604769E+00  0.2389034E-02  0.0000000E+00  0.0000000E+00  0.0000000E+00
   134     6.605E-01      1   4.964E-03   0.000E+00
       135              1                 0     0.4963989E-02      0.6654409E+00  0.2389514E-02  0.0000000E+00  0.0000000E+00  0.0000000E+00
   135     6.654E-01      1   4.964E-03   0.000E+00
       136              1                 0     0.4964017E-02      0.6704049E+00  0.2390000E-02  0.0000000E+00  0.0000000E+00  0.0000000E+00
   136     6.704E-01      1   4.964E-03   0.000E+00
       137              1                 0     0.4964046E-02      0.6753690E+00  0.2390493E-02  0.0000000E+00  0.0000000E+00  0.0000000E+00
   137     6.754E-01      1   4.964E-03   0.000E+00
       138              1                 0     0.4964076E-02      0.6803331E+00  0.2390995E-02  0.0000000E+00  0.0000000E+00  0.0000000E+00
   138     6.803E-01      1   4.964E-03   0.000E+00
       139              1                 0     0.4964107E-02      0.6852972E+00  0.2391507E-02  0.0000000E+00  0.0000000E+00  0.0000000E+00
   139     6.853E-01      1   4.964E-03   0.000E+00
       140              1                 0     0.4964139E-02      0.6902613E+00  0.2392026E-02  0.0000000E+00  0.0000000E+00  0.0000000E+00
   140     6.903E-01      1   4.964E-03   0.000E+00
       141              1                 0     0.4964172E-02      0.6952255E+00  0.2392552E-02  0.0000000E+00  0.0000000E+00  0.0000000E+00
   141     6.952E-01      1   4.964E-03   0.000E+00
       142              1                 0     0.4964206E-02      0.7001897E+00  0.2393083E-02  0.0000000E+00  0.0000000E+00  0.0000000E+00
   142     7.002E-01      1   4.964E-03   0.000E+00
       143              1                 0     0.4964240E-02      0.7051539E+00  0.2393618E-02  0.0000000E+00  0.0000000E+00  0.0000000E+00
   143     7.052E-01      1   4.964E-03   0.000E+00
       144              1                 0     0.4964275E-02      0.7101182E+00  0.2394156E-02  0.0000000E+00  0.0000000E+00  0.0000000E+00
   144     7.101E-01      1   4.964E-03   0.000E+00
       145              1                 0     0.4964310E-02      0.7150825E+00  0.2394695E-02  0.0000000E+00  0.0000000E+00  0.0000000E+00
   145     7.151E-01      1   4.964E-03   0.000E+00
       146              1                 0     0.4964344E-02      0.7200469E+00  0.2395234E-02  0.0000000E+00  0.0000000E+00  0.0000000E+00
   146     7.200E-01      1   4.964E-03   0.000E+00
       147              1                 0     0.4964379E-02      0.7250112E+00  0.2395770E-02  0.0000000E+00  0.0000000E+00  0.0000000E+00
   147     7.250E-01      1   4.964E-03   0.000E+00
       148              1                 0     0.4964413E-02      0.7299756E+00  0.2396303E-02  0.0000000E+00  0.0000000E+00  0.0000000E+00
   148     7.300E-01      1   4.964E-03   0.000E+00
       149              1                 0     0.4964447E-02      0.7349401E+00  0.2396839E-02  0.0000000E+00  0.0000000E+00  0.0000000E+00
   149     7.349E-01      1   4.964E-03   0.000E+00
       150              1                 0     0.4964481E-02      0.7399046E+00  0.2397382E-02  0.0000000E+00  0.0000000E+00  0.0000000E+00
   150     7.399E-01      1   4.964E-03   0.000E+00
       151              1                 0     0.4964517E-02      0.7448691E+00  0.2397930E-02  0.0000000E+00  0.0000000E+00  0.0000000E+00
   151     7.449E-01      1   4.965E-03   0.000E+00
       152              1                 0     0.4964553E-02      0.7498336E+00  0.2398474E-02  0.0000000E+00  0.0000000E+00  0.0000000E+00
   152     7.498E-01      1   4.965E-03   0.000E+00
       153              1                 0     0.4964588E-02      0.7547982E+00  0.2399009E-02  0.0000000E+00  0.0000000E+00  0.0000000E+00
   153     7.548E-01      1   4.965E-03   0.000E+00
       154              1                 0     0.4964622E-02      0.7597629E+00  0.2399534E-02  0.0000000E+00  0.0000000E+00  0.0000000E+00
   154     7.598E-01      1   4.965E-03   0.000E+00
       155              1                 0     0.4964654E-02      0.7647275E+00  0.2400056E-02  0.0000000E+00  0.0000000E+00  0.0000000E+00
   155     7.647E-01      1   4.965E-03   0.000E+00
       156              1                 0     0.4964686E-02      0.7696922E+00  0.2400582E-02  0.0000000E+00  0.0000000E+00  0.0000000E+00
   156     7.697E-01      1   4.965E-03   0.000E+00
       157              1                 0     0.4964719E-02      0.7746569E+00  0.2401107E-02  0.0000000E+00  0.0000000E+00  0.0000000E+00
   157     7.747E-01      1   4.965E-03   0.000E+00
       158              1                 0     0.4964752E-02      0.7796217E+00  0.2401663E-02  0.0000000E+00  0.0000000E+00  0.0000000E+00
   158     7.796E-01      1   4.965E-03   0.000E+00
       159              1                 0     0.4964784E-02      0.7845865E+00  0.2422816E-02  0.0000000E+00  0.0000000E+00  0.0000000E+00
   159     7.846E-01      1   4.965E-03   0.000E+00
       160              1                 0     0.4964814E-02      0.7895513E+00  0.2736308E-02  0.0000000E+00  0.0000000E+00  0.0000000E+00
   160     7.896E-01      1   4.965E-03   0.000E+00
       161              1                 0     0.4965134E-02      0.7945164E+00  0.2737266E-02  0.0000000E+00  0.0000000E+00  0.0000000E+00
   161     7.945E-01      1   4.965E-03   0.000E+00
       162              1                 0     0.4965165E-02      0.7994816E+00  0.2738326E-02  0.0000000E+00  0.0000000E+00  0.0000000E+00
   162     7.995E-01      1   4.965E-03   0.000E+00
       163              1                 0     0.4965200E-02      0.8044468E+00  0.2739601E-02  0.0000000E+00  0.0000000E+00  0.0000000E+00
   163     8.044E-01      1   4.965E-03   0.000E+00
       164              1                 0     0.4965237E-02      0.8094120E+00  0.2741297E-02  0.0000000E+00  0.0000000E+00  0.0000000E+00
   164     8.094E-01      1   4.965E-03   0.000E+00
       165              1                 0     0.4965311E-02      0.8143773E+00  0.2743590E-02  0.0000000E+00  0.0000000E+00  0.0000000E+00
   165     8.144E-01      1   4.965E-03   0.000E+00
       166              1                 0     0.4965411E-02      0.8193427E+00  0.2746578E-02  0.0000000E+00  0.0000000E+00  0.0000000E+00
   166     8.193E-01      1   4.965E-03   0.000E+00
       167              1                 0     0.4965527E-02      0.8243083E+00  0.2750468E-02  0.0000000E+00  0.0000000E+00  0.0000000E+00
   167     8.243E-01      1   4.966E-03   0.000E+00
       168              1                 0     0.4965655E-02      0.8292739E+00  0.2755781E-02  0.0000000E+00  0.0000000E+00  0.0000000E+00
   168     8.293E-01      1   4.966E-03   0.000E+00
       169              1                 0     0.4965800E-02      0.8342397E+00  0.2760309E-02  0.0000000E+00  0.0000000E+00  0.0000000E+00
   169     8.342E-01      1   4.966E-03   0.000E+00
       170              1                 0     0.4965967E-02      0.8392057E+00  0.2762409E-02  0.0000000E+00  0.0000000E+00  0.0000000E+00
   170     8.392E-01      1   4.966E-03   0.000E+00
       171              1                 0     0.4966148E-02      0.8441718E+00  0.2766505E-02  0.0000000E+00  0.0000000E+00  0.0000000E+00
   171     8.442E-01      1   4.966E-03   0.000E+00
       172              1                 0     0.4966343E-02      0.8491382E+00  0.2774280E-02  0.0000000E+00  0.0000000E+00  0.0000000E+00
   172     8.491E-01      1   4.966E-03   0.000E+00
       173              1                 0     0.4966555E-02      0.8541047E+00  0.2786761E-02  0.0000000E+00  0.0000000E+00  0.0000000E+00
   173     8.541E-01      1   4.967E-03   0.000E+00
       174              1                 0     0.4966787E-02      0.8590715E+00  0.2793804E-02  0.0000000E+00  0.0000000E+00  0.0000000E+00
   174     8.591E-01      1   4.967E-03   0.000E+00
       175              1                 0     0.4967035E-02      0.8640385E+00  0.2797684E-02  0.0000000E+00  0.0000000E+00  0.0000000E+00
   175     8.640E-01      1   4.967E-03   0.000E+00
       176              1                 0     0.4967296E-02      0.8690058E+00  0.2798395E-02  0.0000000E+00  0.0000000E+00  0.0000000E+00
   176     8.690E-01      1   4.967E-03   0.000E+00
       177              1                 0     0.4967576E-02      0.8739734E+00  0.2801101E-02  0.0000000E+00  0.0000000E+00  0.0000000E+00
   177     8.740E-01      1   4.968E-03   0.000E+00
       178              1                 0     0.4967875E-02      0.8789413E+00  0.2806022E-02  0.0000000E+00  0.0000000E+00  0.0000000E+00
   178     8.789E-01      1   4.968E-03   0.000E+00
       179              1                 0     0.4968188E-02      0.8839095E+00  0.2804911E-02  0.0000000E+00  0.0000000E+00  0.0000000E+00
   179     8.839E-01      1   4.968E-03   0.000E+00
       180              1                 0     0.4968514E-02      0.8888780E+00  0.2795664E-02  0.0000000E+00  0.0000000E+00  0.0000000E+00
   180     8.889E-01      1   4.969E-03   0.000E+00
       181              1                 0     0.4968859E-02      0.8938468E+00  0.2786157E-02  0.0000000E+00  0.0000000E+00  0.0000000E+00
   181     8.938E-01      1   4.969E-03   0.000E+00
       182              1                 0     0.4969222E-02      0.8988161E+00  0.2776415E-02  0.0000000E+00  0.0000000E+00  0.0000000E+00
   182     8.988E-01      1   4.969E-03   0.000E+00
       183              1                 0     0.4969598E-02      0.9037857E+00  0.2766464E-02  0.0000000E+00  0.0000000E+00  0.0000000E+00
   183     9.038E-01      1   4.970E-03   0.000E+00
       184              1                 0     0.4969987E-02      0.9087557E+00  0.2756328E-02  0.0000000E+00  0.0000000E+00  0.0000000E+00
   184     9.088E-01      1   4.970E-03   0.000E+00
       185              1                 0     0.4970393E-02      0.9137260E+00  0.2746024E-02  0.0000000E+00  0.0000000E+00  0.0000000E+00
   185     9.137E-01      1   4.970E-03   0.000E+00
       186              1                 0     0.4970814E-02      0.9186969E+00  0.2735576E-02  0.0000000E+00  0.0000000E+00  0.0000000E+00
   186     9.187E-01      1   4.971E-03   0.000E+00
       187              1                 0     0.4971246E-02      0.9236681E+00  0.2725016E-02  0.0000000E+00  0.0000000E+00  0.0000000E+00
   187     9.237E-01      1   4.971E-03   0.000E+00
       188              1                 0     0.4971689E-02      0.9286398E+00  0.2714353E-02  0.0000000E+00  0.0000000E+00  0.0000000E+00
   188     9.286E-01      1   4.972E-03   0.000E+00
       189              1                 0     0.4972148E-02      0.9336119E+00  0.2703614E-02  0.0000000E+00  0.0000000E+00  0.0000000E+00
   189     9.336E-01      1   4.972E-03   0.000E+00
       190              1                 0     0.4972619E-02      0.9385846E+00  0.2692822E-02  0.0000000E+00  0.0000000E+00  0.0000000E+00
   190     9.386E-01      1   4.973E-03   0.000E+00
       191              1                 0     0.4973100E-02      0.9435577E+00  0.2681993E-02  0.0000000E+00  0.0000000E+00  0.0000000E+00
   191     9.436E-01      1   4.973E-03   0.000E+00
       192              1                 0     0.4973588E-02      0.9485313E+00  0.2671145E-02  0.0000000E+00  0.0000000E+00  0.0000000E+00
   192     9.485E-01      1   4.974E-03   0.000E+00
       193              1                 0     0.4974088E-02      0.9535053E+00  0.2660300E-02  0.0000000E+00  0.0000000E+00  0.0000000E+00
   193     9.535E-01      1   4.974E-03   0.000E+00
       194              1                 0     0.4974599E-02      0.9584799E+00  0.2649471E-02  0.0000000E+00  0.0000000E+00  0.0000000E+00
   194     9.585E-01      1   4.975E-03   0.000E+00
       195              1                 0     0.4975115E-02      0.9634551E+00  0.2638674E-02  0.0000000E+00  0.0000000E+00  0.0000000E+00
   195     9.635E-01      1   4.975E-03   0.000E+00
       196              1                 0     0.4975637E-02      0.9684307E+00  0.2627930E-02  0.0000000E+00  0.0000000E+00  0.0000000E+00
   196     9.684E-01      1   4.976E-03   0.000E+00
       197              1                 0     0.4976165E-02      0.9734069E+00  0.2617245E-02  0.0000000E+00  0.0000000E+00  0.0000000E+00
   197     9.734E-01      1   4.976E-03   0.000E+00
       198              1                 0     0.4976703E-02      0.9783836E+00  0.2606635E-02  0.0000000E+00  0.0000000E+00  0.0000000E+00
   198     9.784E-01      1   4.977E-03   0.000E+00
       199              1                 0     0.4977243E-02      0.9833608E+00  0.2596115E-02  0.0000000E+00  0.0000000E+00  0.0000000E+00
   199     9.834E-01      1   4.977E-03   0.000E+00
       200              1                 0     0.4977691E-02      0.9883385E+00  0.2585693E-02  0.0000000E+00  0.0000000E+00  0.0000000E+00
   200     9.883E-01      1   4.978E-03   0.000E+00
       201              1                 0     0.4977691E-02      0.9933162E+00  0.2575380E-02  0.0000000E+00  0.0000000E+00  0.0000000E+00
   201     9.933E-01      1   4.978E-03   0.000E+00
       202              1                 0     0.4977691E-02      0.9982939E+00  0.2565185E-02  0.0000000E+00  0.0000000E+00  0.0000000E+00
   202     9.983E-01      1   4.978E-03   0.000E+00
       203              1                 0     0.4977691E-02      0.1003272E+01  0.2555118E-02  0.0000000E+00  0.0000000E+00  0.0000000E+00
   203     1.003E+00      1   4.978E-03   0.000E+00
       204              1                 0     0.4977691E-02      0.1008249E+01  0.2545186E-02  0.0000000E+00  0.0000000E+00  0.0000000E+00
   204     1.008E+00      1   4.978E-03   0.000E+00
       205              1                 0     0.4977691E-02      0.1013227E+01  0.2535397E-02  0.0000000E+00  0.0000000E+00  0.0000000E+00
   205     1.013E+00      1   4.978E-03   0.000E+00
       206              1                 0     0.4977374E-02      0.1018204E+01  0.2525757E-02  0.0000000E+00  0.0000000E+00  0.0000000E+00
   206     1.018E+00      1   4.977E-03   0.000E+00
       207              1                 0     0.4976997E-02      0.1023181E+01  0.2516270E-02  0.0000000E+00  0.0000000E+00  0.0000000E+00
   207     1.023E+00      1   4.977E-03   0.000E+00
       208              1                 0     0.4976621E-02      0.1028158E+01  0.2506943E-02  0.0000000E+00  0.0000000E+00  0.0000000E+00
   208     1.028E+00      1   4.977E-03   0.000E+00
       209              1                 0     0.4976244E-02      0.1033134E+01  0.2497780E-02  0.0000000E+00  0.0000000E+00  0.0000000E+00
   209     1.033E+00      1   4.976E-03   0.000E+00
       210              1                 0     0.4975868E-02      0.1038110E+01  0.2488785E-02  0.0000000E+00  0.0000000E+00  0.0000000E+00
   210     1.038E+00      1   4.976E-03   0.000E+00
       211              1                 0     0.4975492E-02      0.1043086E+01  0.2480996E-02  0.0000000E+00  0.0000000E+00  0.0000000E+00
   211     1.043E+00      1   4.975E-03   0.000E+00
       212              1                 0     0.4975118E-02      0.1048061E+01  0.2477739E-02  0.0000000E+00  0.0000000E+00  0.0000000E+00
   212     1.048E+00      1   4.975E-03   0.000E+00
       213              1                 0     0.4974747E-02      0.1053035E+01  0.2475804E-02  0.0000000E+00  0.0000000E+00  0.0000000E+00
   213     1.053E+00      1   4.975E-03   0.000E+00
       214              1                 0     0.4974375E-02      0.1058010E+01  0.2475463E-02  0.0000000E+00  0.0000000E+00  0.0000000E+00
   214     1.058E+00      1   4.974E-03   0.000E+00
       215              1                 0     0.4974006E-02      0.1062984E+01  0.2473669E-02  0.0000000E+00  0.0000000E+00  0.0000000E+00
   215     1.063E+00      1   4.974E-03   0.000E+00
       216              1                 0     0.4973638E-02      0.1067957E+01  0.2472626E-02  0.0000000E+00  0.0000000E+00  0.0000000E+00
   216     1.068E+00      1   4.974E-03   0.000E+00
       217              1                 0     0.4973273E-02      0.1072931E+01  0.2471232E-02  0.0000000E+00  0.0000000E+00  0.0000000E+00
   217     1.073E+00      1   4.973E-03   0.000E+00
       218              1                 0     0.4972910E-02      0.1077904E+01  0.2470035E-02  0.0000000E+00  0.0000000E+00  0.0000000E+00
   218     1.078E+00      1   4.973E-03   0.000E+00
       219              1                 0     0.4972550E-02      0.1082876E+01  0.2468763E-02  0.0000000E+00  0.0000000E+00  0.0000000E+00
   219     1.083E+00      1   4.973E-03   0.000E+00
       220              1                 0     0.4972192E-02      0.1087848E+01  0.2467552E-02  0.0000000E+00  0.0000000E+00  0.0000000E+00
   220     1.088E+00      1   4.972E-03   0.000E+00
       221              1                 0     0.4971838E-02      0.1092820E+01  0.2466339E-02  0.0000000E+00  0.0000000E+00  0.0000000E+00
   221     1.093E+00      1   4.972E-03   0.000E+00
       222              1                 0     0.4971487E-02      0.1097792E+01  0.2465151E-02  0.0000000E+00  0.0000000E+00  0.0000000E+00
   222     1.098E+00      1   4.971E-03   0.000E+00
       223              1                 0     0.4971139E-02      0.1102763E+01  0.2463978E-02  0.0000000E+00  0.0000000E+00  0.0000000E+00
   223     1.103E+00      1   4.971E-03   0.000E+00
       224              1                 0     0.4970794E-02      0.1107734E+01  0.2462831E-02  0.0000000E+00  0.0000000E+00  0.0000000E+00
   224     1.108E+00      1   4.971E-03   0.000E+00
       225              1                 0     0.4970455E-02      0.1112704E+01  0.2461701E-02  0.0000000E+00  0.0000000E+00  0.0000000E+00
   225     1.113E+00      1   4.970E-03   0.000E+00
       226              1                 0     0.4970119E-02      0.1117674E+01  0.2460591E-02  0.0000000E+00  0.0000000E+00  0.0000000E+00
   226     1.118E+00      1   4.970E-03   0.000E+00
       227              1                 0     0.4969787E-02      0.1122644E+01  0.2459503E-02  0.0000000E+00  0.0000000E+00  0.0000000E+00
   227     1.123E+00      1   4.970E-03   0.000E+00
       228              1                 0     0.4969459E-02      0.1127613E+01  0.2458441E-02  0.0000000E+00  0.0000000E+00  0.0000000E+00
   228     1.128E+00      1   4.969E-03   0.000E+00
       229              1                 0     0.4969137E-02      0.1132583E+01  0.2457405E-02  0.0000000E+00  0.0000000E+00  0.0000000E+00
   229     1.133E+00      1   4.969E-03   0.000E+00
       230              1                 0     0.4968820E-02      0.1137551E+01  0.2456392E-02  0.0000000E+00  0.0000000E+00  0.0000000E+00
   230     1.138E+00      1   4.969E-03   0.000E+00
       231              1                 0     0.4968509E-02      0.1142520E+01  0.2455402E-02  0.0000000E+00  0.0000000E+00  0.0000000E+00
   231     1.143E+00      1   4.969E-03   0.000E+00
       232              1                 0     0.4968203E-02      0.1147488E+01  0.2454439E-02  0.0000000E+00  0.0000000E+00  0.0000000E+00
   232     1.147E+00      1   4.968E-03   0.000E+00
       233              1                 0     0.4967903E-02      0.1152456E+01  0.2453503E-02  0.0000000E+00  0.0000000E+00  0.0000000E+00
   233     1.152E+00      1   4.968E-03   0.000E+00
       234              1                 0     0.4967609E-02      0.1157424E+01  0.2452595E-02  0.0000000E+00  0.0000000E+00  0.0000000E+00
   234     1.157E+00      1   4.968E-03   0.000E+00
       235              1                 0     0.4967322E-02      0.1162391E+01  0.2451715E-02  0.0000000E+00  0.0000000E+00  0.0000000E+00
   235     1.162E+00      1   4.967E-03   0.000E+00
       236              1                 0     0.4967041E-02      0.1167358E+01  0.2450864E-02  0.0000000E+00  0.0000000E+00  0.0000000E+00
   236     1.167E+00      1   4.967E-03   0.000E+00
       237              1                 0     0.4966767E-02      0.1172325E+01  0.2450042E-02  0.0000000E+00  0.0000000E+00  0.0000000E+00
   237     1.172E+00      1   4.967E-03   0.000E+00
       238              1                 0     0.4966500E-02      0.1177291E+01  0.2449252E-02  0.0000000E+00  0.0000000E+00  0.0000000E+00
   238     1.177E+00      1   4.966E-03   0.000E+00
       239              1                 0     0.4966241E-02      0.1182257E+01  0.2448494E-02  0.0000000E+00  0.0000000E+00  0.0000000E+00
   239     1.182E+00      1   4.966E-03   0.000E+00
       240              1                 0     0.4965989E-02      0.1187223E+01  0.2447770E-02  0.0000000E+00  0.0000000E+00  0.0000000E+00
   240     1.187E+00      1   4.966E-03   0.000E+00
       241              1                 0     0.4965747E-02      0.1192189E+01  0.2447078E-02  0.0000000E+00  0.0000000E+00  0.0000000E+00
   241     1.192E+00      1   4.966E-03   0.000E+00
       242              1                 0     0.4965513E-02      0.1197155E+01  0.2446419E-02  0.0000000E+00  0.0000000E+00  0.0000000E+00
   242     1.197E+00      1   4.966E-03   0.000E+00
       243              1                 0     0.4965288E-02      0.1202120E+01  0.2445794E-02  0.0000000E+00  0.0000000E+00  0.0000000E+00
   243     1.202E+00      1   4.965E-03   0.000E+00
       244              1                 0     0.4965071E-02      0.1207085E+01  0.2445203E-02  0.0000000E+00  0.0000000E+00  0.0000000E+00
   244     1.207E+00      1   4.965E-03   0.000E+00
       245              1                 0     0.4964864E-02      0.1212050E+01  0.2444648E-02  0.0000000E+00  0.0000000E+00  0.0000000E+00
   245     1.212E+00      1   4.965E-03   0.000E+00
       246              1                 0     0.4964665E-02      0.1217015E+01  0.2444133E-02  0.0000000E+00  0.0000000E+00  0.0000000E+00
   246     1.217E+00      1   4.965E-03   0.000E+00
       247              1                 0     0.4964477E-02      0.1221979E+01  0.2443658E-02  0.0000000E+00  0.0000000E+00  0.0000000E+00
   247     1.222E+00      1   4.964E-03   0.000E+00
       248              1                 0     0.4964300E-02      0.1226943E+01  0.2443219E-02  0.0000000E+00  0.0000000E+00  0.0000000E+00
   248     1.227E+00      1   4.964E-03   0.000E+00
       249              1                 0     0.4964134E-02      0.1231908E+01  0.2442816E-02  0.0000000E+00  0.0000000E+00  0.0000000E+00
   249     1.232E+00      1   4.964E-03   0.000E+00
       250              1                 0     0.4963978E-02      0.1236872E+01  0.2442453E-02  0.0000000E+00  0.0000000E+00  0.0000000E+00
   250     1.237E+00      1   4.964E-03   0.000E+00
       251              1                 0     0.4963832E-02      0.1241835E+01  0.2442130E-02  0.0000000E+00  0.0000000E+00  0.0000000E+00
   251     1.242E+00      1   4.964E-03   0.000E+00
       252              1                 0     0.4963698E-02      0.1246799E+01  0.2441838E-02  0.0000000E+00  0.0000000E+00  0.0000000E+00
   252     1.247E+00      1   4.964E-03   0.000E+00
       253              1                 0     0.4963576E-02      0.1251763E+01  0.2441576E-02  0.0000000E+00  0.0000000E+00  0.0000000E+00
   253     1.252E+00      1   4.964E-03   0.000E+00
       254              1                 0     0.4963468E-02      0.1256726E+01  0.2441358E-02  0.0000000E+00  0.0000000E+00  0.0000000E+00
   254     1.257E+00      1   4.963E-03   0.000E+00
       255              1                 0     0.4963371E-02      0.1261689E+01  0.2441183E-02  0.0000000E+00  0.0000000E+00  0.0000000E+00
   255     1.262E+00      1   4.963E-03   0.000E+00
       256              1                 0     0.4963287E-02      0.1266653E+01  0.2441052E-02  0.0000000E+00  0.0000000E+00  0.0000000E+00
   256     1.267E+00      1   4.963E-03   0.000E+00
       257              1                 0     0.4963215E-02      0.1271616E+01  0.2440964E-02  0.0000000E+00  0.0000000E+00  0.0000000E+00
   257     1.272E+00      1   4.963E-03   0.000E+00
       258              1                 0     0.4963156E-02      0.1276579E+01  0.2440920E-02  0.0000000E+00  0.0000000E+00  0.0000000E+00
   258     1.277E+00      1   4.963E-03   0.000E+00
       259              1                 0     0.4963112E-02      0.1281542E+01  0.2425124E-02  0.0000000E+00  0.0000000E+00  0.0000000E+00
   259     1.282E+00      1   4.963E-03   0.000E+00
       260              1                 0     0.4963083E-02      0.1286505E+01  0.2400291E-02  0.0000000E+00  0.0000000E+00  0.0000000E+00
   260     1.287E+00      1   4.963E-03   0.000E+00
       261              1                 0     0.4963067E-02      0.1291468E+01  0.2394733E-02  0.0000000E+00  0.0000000E+00  0.0000000E+00
   261     1.291E+00      1   4.963E-03   0.000E+00
       262              1                 0     0.4963066E-02      0.1296431E+01  0.2441199E-02  0.0000000E+00  0.0000000E+00  0.0000000E+00
   262     1.296E+00      1   4.963E-03   0.000E+00
       263              1                 0     0.4963079E-02      0.1301395E+01  0.2441400E-02  0.0000000E+00  0.0000000E+00  0.0000000E+00
   263     1.301E+00      1   4.963E-03   0.000E+00
       264              1                 0     0.4963104E-02      0.1306358E+01  0.2441648E-02  0.0000000E+00  0.0000000E+00  0.0000000E+00
   264     1.306E+00      1   4.963E-03   0.000E+00
       265              1                 0     0.4963132E-02      0.1311321E+01  0.2441923E-02  0.0000000E+00  0.0000000E+00  0.0000000E+00
   265     1.311E+00      1   4.963E-03   0.000E+00
       266              1                 0     0.4963162E-02      0.1316284E+01  0.2442193E-02  0.0000000E+00  0.0000000E+00  0.0000000E+00
   266     1.316E+00      1   4.963E-03   0.000E+00
       267              1                 0     0.4963196E-02      0.1321247E+01  0.2419034E-02  0.0000000E+00  0.0000000E+00  0.0000000E+00
   267     1.321E+00      1   4.963E-03   0.000E+00
       268              1                 0     0.4963229E-02      0.1326210E+01  0.2416320E-02  0.0000000E+00  0.0000000E+00  0.0000000E+00
   268     1.326E+00      1   4.963E-03   0.000E+00
       269              1                 0     0.4963261E-02      0.1331174E+01  0.2442715E-02  0.0000000E+00  0.0000000E+00  0.0000000E+00
   269     1.331E+00      1   4.963E-03   0.000E+00
       270              1                 0     0.4963293E-02      0.1336137E+01  0.2442879E-02  0.0000000E+00  0.0000000E+00  0.0000000E+00
   270     1.336E+00      1   4.963E-03   0.000E+00
       271              1                 0     0.4963324E-02      0.1341100E+01  0.2443050E-02  0.0000000E+00  0.0000000E+00  0.0000000E+00
   271     1.341E+00      1   4.963E-03   0.000E+00
       272              1                 0     0.4963353E-02      0.1346064E+01  0.2443230E-02  0.0000000E+00  0.0000000E+00  0.0000000E+00
   272     1.346E+00      1   4.963E-03   0.000E+00
       273              1                 0     0.4963382E-02      0.1351027E+01  0.2443405E-02  0.0000000E+00  0.0000000E+00  0.0000000E+00
   273     1.351E+00      1   4.963E-03   0.000E+00
       274              1                 0     0.4963409E-02      0.1355990E+01  0.2443572E-02  0.0000000E+00  0.0000000E+00  0.0000000E+00
   274     1.356E+00      1   4.963E-03   0.000E+00
       275              1                 0     0.4963437E-02      0.1360954E+01  0.2443731E-02  0.0000000E+00  0.0000000E+00  0.0000000E+00
   275     1.361E+00      1   4.963E-03   0.000E+00
       276              1                 0     0.4963465E-02      0.1365917E+01  0.2443882E-02  0.0000000E+00  0.0000000E+00  0.0000000E+00
   276     1.366E+00      1   4.963E-03   0.000E+00
       277              1                 0     0.4963490E-02      0.1370881E+01  0.2444026E-02  0.0000000E+00  0.0000000E+00  0.0000000E+00
   277     1.371E+00      1   4.963E-03   0.000E+00
       278              1                 0     0.4963513E-02      0.1375844E+01  0.2444163E-02  0.0000000E+00  0.0000000E+00  0.0000000E+00
   278     1.376E+00      1   4.964E-03   0.000E+00
       279              1                 0     0.4963534E-02      0.1380808E+01  0.2444310E-02  0.0000000E+00  0.0000000E+00  0.0000000E+00
   279     1.381E+00      1   4.964E-03   0.000E+00
       280              1                 0     0.4963555E-02      0.1385771E+01  0.2444460E-02  0.0000000E+00  0.0000000E+00  0.0000000E+00
   280     1.386E+00      1   4.964E-03   0.000E+00
       281              1                 0     0.4963577E-02      0.1390735E+01  0.2444588E-02  0.0000000E+00  0.0000000E+00  0.0000000E+00
   281     1.391E+00      1   4.964E-03   0.000E+00
       282              1                 0     0.4963596E-02      0.1395699E+01  0.2444710E-02  0.0000000E+00  0.0000000E+00  0.0000000E+00
   282     1.396E+00      1   4.964E-03   0.000E+00
       283              1                 0     0.4963613E-02      0.1400662E+01  0.2444843E-02  0.0000000E+00  0.0000000E+00  0.0000000E+00
   283     1.401E+00      1   4.964E-03   0.000E+00
       284              1                 0     0.4963630E-02      0.1405626E+01  0.2444962E-02  0.0000000E+00  0.0000000E+00  0.0000000E+00
   284     1.406E+00      1   4.964E-03   0.000E+00
       285              1                 0     0.4963645E-02      0.1410589E+01  0.2445074E-02  0.0000000E+00  0.0000000E+00  0.0000000E+00
   285     1.411E+00      1   4.964E-03   0.000E+00
       286              1                 0     0.4963657E-02      0.1415553E+01  0.2445197E-02  0.0000000E+00  0.0000000E+00  0.0000000E+00
   286     1.416E+00      1   4.964E-03   0.000E+00
       287              1                 0     0.4963670E-02      0.1420517E+01  0.2445304E-02  0.0000000E+00  0.0000000E+00  0.0000000E+00
   287     1.421E+00      1   4.964E-03   0.000E+00
       288              1                 0     0.4963681E-02      0.1425480E+01  0.2445410E-02  0.0000000E+00  0.0000000E+00  0.0000000E+00
   288     1.425E+00      1   4.964E-03   0.000E+00
       289              1                 0     0.4963691E-02      0.1430444E+01  0.2445512E-02  0.0000000E+00  0.0000000E+00  0.0000000E+00
   289     1.430E+00      1   4.964E-03   0.000E+00
       290              1                 0     0.4963700E-02      0.1435408E+01  0.2445609E-02  0.0000000E+00  0.0000000E+00  0.0000000E+00
   290     1.435E+00      1   4.964E-03   0.000E+00
       291              1                 0     0.4963707E-02      0.1440372E+01  0.2445703E-02  0.0000000E+00  0.0000000E+00  0.0000000E+00
   291     1.440E+00      1   4.964E-03   0.000E+00
       292              1                 0     0.4963714E-02      0.1445335E+01  0.2445796E-02  0.0000000E+00  0.0000000E+00  0.0000000E+00
   292     1.445E+00      1   4.964E-03   0.000E+00
       293              1                 0     0.4963720E-02      0.1450299E+01  0.2443641E-02  0.0000000E+00  0.0000000E+00  0.0000000E+00
   293     1.450E+00      1   4.964E-03   0.000E+00
       294              1                 0     0.4963723E-02      0.1455263E+01  0.2445975E-02  0.0000000E+00  0.0000000E+00  0.0000000E+00
   294     1.455E+00      1   4.964E-03   0.000E+00
       295              1                 0     0.4963725E-02      0.1460226E+01  0.2431770E-02  0.0000000E+00  0.0000000E+00  0.0000000E+00
   295     1.460E+00      1   4.964E-03   0.000E+00
       296              1                 0     0.4963725E-02      0.1465190E+01  0.2403732E-02  0.0000000E+00  0.0000000E+00  0.0000000E+00
   296     1.465E+00      1   4.964E-03   0.000E+00
       297              1                 0     0.4963722E-02      0.1470154E+01  0.2390201E-02  0.0000000E+00  0.0000000E+00  0.0000000E+00
   297     1.470E+00      1   4.964E-03   0.000E+00
       298              1                 0     0.4963720E-02      0.1475118E+01  0.2383799E-02  0.0000000E+00  0.0000000E+00  0.0000000E+00
   298     1.475E+00      1   4.964E-03   0.000E+00
       299              1                 0     0.4963719E-02      0.1480081E+01  0.2380845E-02  0.0000000E+00  0.0000000E+00  0.0000000E+00
   299     1.480E+00      1   4.964E-03   0.000E+00
       300              1                 0     0.4963717E-02      0.1485045E+01  0.2379542E-02  0.0000000E+00  0.0000000E+00  0.0000000E+00
   300     1.485E+00      1   4.964E-03   0.000E+00
       301              1                 0     0.4963713E-02      0.1490009E+01  0.2379023E-02  0.0000000E+00  0.0000000E+00  0.0000000E+00
   301     1.490E+00      1   4.964E-03   0.000E+00
       302              1                 0     0.4963708E-02      0.1494972E+01  0.2378879E-02  0.0000000E+00  0.0000000E+00  0.0000000E+00
   302     1.495E+00      1   4.964E-03   0.000E+00
       303              1                 0     0.4963702E-02      0.1499936E+01  0.2378915E-02  0.0000000E+00  0.0000000E+00  0.0000000E+00
   303     1.500E+00      1   4.964E-03   0.000E+00
       304              1                 0     0.4963696E-02      0.1504900E+01  0.2379042E-02  0.0000000E+00  0.0000000E+00  0.0000000E+00
   304     1.505E+00      1   4.964E-03   0.000E+00
       305              1                 0     0.4963691E-02      0.1509864E+01  0.2379217E-02  0.0000000E+00  0.0000000E+00  0.0000000E+00
   305     1.510E+00      1   4.964E-03   0.000E+00
       306              1                 0     0.4963688E-02      0.1514827E+01  0.2379418E-02  0.0000000E+00  0.0000000E+00  0.0000000E+00
   306     1.515E+00      1   4.964E-03   0.000E+00
       307              1                 0     0.4963685E-02      0.1519791E+01  0.2379637E-02  0.0000000E+00  0.0000000E+00  0.0000000E+00
   307     1.520E+00      1   4.964E-03   0.000E+00
       308              1                 0     0.4963683E-02      0.1524755E+01  0.2379865E-02  0.0000000E+00  0.0000000E+00  0.0000000E+00
   308     1.525E+00      1   4.964E-03   0.000E+00
       309              1                 0     0.4963682E-02      0.1529718E+01  0.2380098E-02  0.0000000E+00  0.0000000E+00  0.0000000E+00
   309     1.530E+00      1   4.964E-03   0.000E+00
       310              1                 0     0.4963681E-02      0.1534682E+01  0.2380331E-02  0.0000000E+00  0.0000000E+00  0.0000000E+00
   310     1.535E+00      1   4.964E-03   0.000E+00
       311              1                 0     0.4963679E-02      0.1539646E+01  0.2303675E-02  0.0000000E+00  0.0000000E+00  0.0000000E+00
   311     1.540E+00      1   4.964E-03   0.000E+00
       312              1                 0     0.4963677E-02      0.1544609E+01  0.2380785E-02  0.0000000E+00  0.0000000E+00  0.0000000E+00
   312     1.545E+00      1   4.964E-03   0.000E+00
       313              1                 0     0.4963674E-02      0.1549573E+01  0.2381023E-02  0.0000000E+00  0.0000000E+00  0.0000000E+00
   313     1.550E+00      1   4.964E-03   0.000E+00
       314              1                 0     0.4963674E-02      0.1554537E+01  0.2381283E-02  0.0000000E+00  0.0000000E+00  0.0000000E+00
   314     1.555E+00      1   4.964E-03   0.000E+00
       315              1                 0     0.4963677E-02      0.1559500E+01  0.2381544E-02  0.0000000E+00  0.0000000E+00  0.0000000E+00
   315     1.560E+00      1   4.964E-03   0.000E+00
       316              1                 0     0.4963679E-02      0.1564464E+01  0.2381811E-02  0.0000000E+00  0.0000000E+00  0.0000000E+00
   316     1.564E+00      1   4.964E-03   0.000E+00
       317              1                 0     0.4963682E-02      0.1569428E+01  0.2382086E-02  0.0000000E+00  0.0000000E+00  0.0000000E+00
   317     1.569E+00      1   4.964E-03   0.000E+00
       318              1                 0     0.4963686E-02      0.1574391E+01  0.2382366E-02  0.0000000E+00  0.0000000E+00  0.0000000E+00
   318     1.574E+00      1   4.964E-03   0.000E+00
       319              1                 0     0.4963691E-02      0.1579355E+01  0.2382661E-02  0.0000000E+00  0.0000000E+00  0.0000000E+00
   319     1.579E+00      1   4.964E-03   0.000E+00
       320              1                 0     0.4963698E-02      0.1584319E+01  0.2382967E-02  0.0000000E+00  0.0000000E+00  0.0000000E+00
   320     1.584E+00      1   4.964E-03   0.000E+00
       321              1                 0     0.4963706E-02      0.1589282E+01  0.2383287E-02  0.0000000E+00  0.0000000E+00  0.0000000E+00
   321     1.589E+00      1   4.964E-03   0.000E+00
       322              1                 0     0.4963716E-02      0.1594246E+01  0.2383612E-02  0.0000000E+00  0.0000000E+00  0.0000000E+00
   322     1.594E+00      1   4.964E-03   0.000E+00
       323              1                 0     0.4963726E-02      0.1599210E+01  0.2383953E-02  0.0000000E+00  0.0000000E+00  0.0000000E+00
   323     1.599E+00      1   4.964E-03   0.000E+00
       324              1                 0     0.4963739E-02      0.1604174E+01  0.2384304E-02  0.0000000E+00  0.0000000E+00  0.0000000E+00
   324     1.604E+00      1   4.964E-03   0.000E+00
       325              1                 0     0.4963752E-02      0.1609137E+01  0.2384667E-02  0.0000000E+00  0.0000000E+00  0.0000000E+00
   325     1.609E+00      1   4.964E-03   0.000E+00
       326              1                 0     0.4963767E-02      0.1614101E+01  0.2385043E-02  0.0000000E+00  0.0000000E+00  0.0000000E+00
   326     1.614E+00      1   4.964E-03   0.000E+00
       327              1                 0     0.4963784E-02      0.1619065E+01  0.2385425E-02  0.0000000E+00  0.0000000E+00  0.0000000E+00
   327     1.619E+00      1   4.964E-03   0.000E+00
       328              1                 0     0.4963800E-02      0.1624029E+01  0.2385820E-02  0.0000000E+00  0.0000000E+00  0.0000000E+00
   328     1.624E+00      1   4.964E-03   0.000E+00
       329              1                 0     0.4963819E-02      0.1628993E+01  0.2386231E-02  0.0000000E+00  0.0000000E+00  0.0000000E+00
   329     1.629E+00      1   4.964E-03   0.000E+00
       330              1                 0     0.4963840E-02      0.1633956E+01  0.2386653E-02  0.0000000E+00  0.0000000E+00  0.0000000E+00
   330     1.634E+00      1   4.964E-03   0.000E+00
       331              1                 0     0.4963862E-02      0.1638920E+01  0.2387078E-02  0.0000000E+00  0.0000000E+00  0.0000000E+00
   331     1.639E+00      1   4.964E-03   0.000E+00
       332              1                 0     0.4963884E-02      0.1643884E+01  0.2387512E-02  0.0000000E+00  0.0000000E+00  0.0000000E+00
   332     1.644E+00      1   4.964E-03   0.000E+00
       333              1                 0     0.4963907E-02      0.1648848E+01  0.2387963E-02  0.0000000E+00  0.0000000E+00  0.0000000E+00
   333     1.649E+00      1   4.964E-03   0.000E+00
       334              1                 0     0.4963933E-02      0.1653812E+01  0.2388431E-02  0.0000000E+00  0.0000000E+00  0.0000000E+00
   334     1.654E+00      1   4.964E-03   0.000E+00
       335              1                 0     0.4963960E-02      0.1658776E+01  0.2388910E-02  0.0000000E+00  0.0000000E+00  0.0000000E+00
   335     1.659E+00      1   4.964E-03   0.000E+00
       336              1                 0     0.4963989E-02      0.1663740E+01  0.2389394E-02  0.0000000E+00  0.0000000E+00  0.0000000E+00
   336     1.664E+00      1   4.964E-03   0.000E+00
       337              1                 0     0.4964018E-02      0.1668704E+01  0.2389908E-02  0.0000000E+00  0.0000000E+00  0.0000000E+00
   337     1.669E+00      1   4.964E-03   0.000E+00
       338              1                 0     0.4964047E-02      0.1673668E+01  0.2390705E-02  0.0000000E+00  0.0000000E+00  0.0000000E+00
   338     1.674E+00      1   4.964E-03   0.000E+00
       339              1                 0     0.4964076E-02      0.1678632E+01  0.2393437E-02  0.0000000E+00  0.0000000E+00  0.0000000E+00
   339     1.679E+00      1   4.964E-03   0.000E+00
       340              1                 0     0.4964107E-02      0.1683596E+01  0.2404949E-02  0.0000000E+00  0.0000000E+00  0.0000000E+00
   340     1.684E+00      1   4.964E-03   0.000E+00
       341              1                 0     0.4964139E-02      0.1688560E+01  0.2444628E-02  0.0000000E+00  0.0000000E+00  0.0000000E+00
   341     1.689E+00      1   4.964E-03   0.000E+00
       342              1                 0     0.4964172E-02      0.1693524E+01  0.2514764E-02  0.0000000E+00  0.0000000E+00  0.0000000E+00
   342     1.694E+00      1   4.964E-03   0.000E+00
       343              1                 0     0.4964205E-02      0.1698489E+01  0.2609488E-02  0.0000000E+00  0.0000000E+00  0.0000000E+00
   343     1.698E+00      1   4.964E-03   0.000E+00
       344              1                 0     0.4964240E-02      0.1703453E+01  0.2628572E-02  0.0000000E+00  0.0000000E+00  0.0000000E+00
   344     1.703E+00      1   4.964E-03   0.000E+00
       345              1                 0     0.4964276E-02      0.1708417E+01  0.2630670E-02  0.0000000E+00  0.0000000E+00  0.0000000E+00
   345     1.708E+00      1   4.964E-03   0.000E+00
       346              1                 0     0.4964314E-02      0.1713382E+01  0.2638913E-02  0.0000000E+00  0.0000000E+00  0.0000000E+00
   346     1.713E+00      1   4.964E-03   0.000E+00
       347              1                 0     0.4964355E-02      0.1718346E+01  0.2654152E-02  0.0000000E+00  0.0000000E+00  0.0000000E+00
   347     1.718E+00      1   4.964E-03   0.000E+00
       348              1                 0     0.4964401E-02      0.1723310E+01  0.2675122E-02  0.0000000E+00  0.0000000E+00  0.0000000E+00
   348     1.723E+00      1   4.964E-03   0.000E+00
       349              1                 0     0.4964450E-02      0.1728275E+01  0.2676963E-02  0.0000000E+00  0.0000000E+00  0.0000000E+00
   349     1.728E+00      1   4.964E-03   0.000E+00
       350              1                 0     0.4964504E-02      0.1733239E+01  0.2672093E-02  0.0000000E+00  0.0000000E+00  0.0000000E+00
   350     1.733E+00      1   4.965E-03   0.000E+00
       351              1                 0     0.4964568E-02      0.1738204E+01  0.2664809E-02  0.0000000E+00  0.0000000E+00  0.0000000E+00
   351     1.738E+00      1   4.965E-03   0.000E+00
       352              1                 0     0.4964644E-02      0.1743168E+01  0.2659393E-02  0.0000000E+00  0.0000000E+00  0.0000000E+00
   352     1.743E+00      1   4.965E-03   0.000E+00
       353              1                 0     0.4964697E-02      0.1748133E+01  0.2657327E-02  0.0000000E+00  0.0000000E+00  0.0000000E+00
   353     1.748E+00      1   4.965E-03   0.000E+00
       354              1                 0     0.4964693E-02      0.1753098E+01  0.2659519E-02  0.0000000E+00  0.0000000E+00  0.0000000E+00
   354     1.753E+00      1   4.965E-03   0.000E+00
       355              1                 0     0.4964655E-02      0.1758062E+01  0.2666245E-02  0.0000000E+00  0.0000000E+00  0.0000000E+00
   355     1.758E+00      1   4.965E-03   0.000E+00
       356              1                 0     0.4964660E-02      0.1763027E+01  0.2677204E-02  0.0000000E+00  0.0000000E+00  0.0000000E+00
   356     1.763E+00      1   4.965E-03   0.000E+00
       357              1                 0     0.4964713E-02      0.1767992E+01  0.2691626E-02  0.0000000E+00  0.0000000E+00  0.0000000E+00
   357     1.768E+00      1   4.965E-03   0.000E+00
       358              1                 0     0.4964762E-02      0.1772957E+01  0.2708504E-02  0.0000000E+00  0.0000000E+00  0.0000000E+00
   358     1.773E+00      1   4.965E-03   0.000E+00
       359              1                 0     0.4964803E-02      0.1777921E+01  0.2726773E-02  0.0000000E+00  0.0000000E+00  0.0000000E+00
   359     1.778E+00      1   4.965E-03   0.000E+00
       360              1                 0     0.4964836E-02      0.1782886E+01  0.2730128E-02  0.0000000E+00  0.0000000E+00  0.0000000E+00
   360     1.783E+00      1   4.965E-03   0.000E+00
       361              1                 0     0.4964865E-02      0.1787851E+01  0.2733135E-02  0.0000000E+00  0.0000000E+00  0.0000000E+00
   361     1.788E+00      1   4.965E-03   0.000E+00
       362              1                 0     0.4965083E-02      0.1792816E+01  0.2733944E-02  0.0000000E+00  0.0000000E+00  0.0000000E+00
   362     1.793E+00      1   4.965E-03   0.000E+00
       363              1                 0     0.4965129E-02      0.1797781E+01  0.2734863E-02  0.0000000E+00  0.0000000E+00  0.0000000E+00
   363     1.798E+00      1   4.965E-03   0.000E+00
       364              1                 0     0.4965152E-02      0.1802746E+01  0.2736092E-02  0.0000000E+00  0.0000000E+00  0.0000000E+00
   364     1.803E+00      1   4.965E-03   0.000E+00
       365              1                 0     0.4965203E-02      0.1807712E+01  0.2737952E-02  0.0000000E+00  0.0000000E+00  0.0000000E+00
   365     1.808E+00      1   4.965E-03   0.000E+00
       366              1                 0     0.4965249E-02      0.1812677E+01  0.2740893E-02  0.0000000E+00  0.0000000E+00  0.0000000E+00
   366     1.813E+00      1   4.965E-03   0.000E+00
       367              1                 0     0.4965326E-02      0.1817642E+01  0.2745862E-02  0.0000000E+00  0.0000000E+00  0.0000000E+00
   367     1.818E+00      1   4.965E-03   0.000E+00
       368              1                 0     0.4965469E-02      0.1822608E+01  0.2754156E-02  0.0000000E+00  0.0000000E+00  0.0000000E+00
   368     1.823E+00      1   4.965E-03   0.000E+00
       369              1                 0     0.4965667E-02      0.1827573E+01  0.2767260E-02  0.0000000E+00  0.0000000E+00  0.0000000E+00
   369     1.828E+00      1   4.966E-03   0.000E+00
       370              1                 0     0.4965867E-02      0.1832539E+01  0.2776188E-02  0.0000000E+00  0.0000000E+00  0.0000000E+00
   370     1.833E+00      1   4.966E-03   0.000E+00
       371              1                 0     0.4966057E-02      0.1837505E+01  0.2780564E-02  0.0000000E+00  0.0000000E+00  0.0000000E+00
   371     1.838E+00      1   4.966E-03   0.000E+00
       372              1                 0     0.4966229E-02      0.1842472E+01  0.2784771E-02  0.0000000E+00  0.0000000E+00  0.0000000E+00
   372     1.842E+00      1   4.966E-03   0.000E+00
       373              1                 0     0.4966394E-02      0.1847438E+01  0.2788410E-02  0.0000000E+00  0.0000000E+00  0.0000000E+00
   373     1.847E+00      1   4.966E-03   0.000E+00
       374              1                 0     0.4966565E-02      0.1852405E+01  0.2789178E-02  0.0000000E+00  0.0000000E+00  0.0000000E+00
   374     1.852E+00      1   4.967E-03   0.000E+00
       375              1                 0     0.4966759E-02      0.1857371E+01  0.2699310E-02  0.0000000E+00  0.0000000E+00  0.0000000E+00
   375     1.857E+00      1   4.967E-03   0.000E+00
       376              1                 0     0.4966976E-02      0.1862338E+01  0.2394027E-02  0.0000000E+00  0.0000000E+00  0.0000000E+00
   376     1.862E+00      1   4.967E-03   0.000E+00
       377              1                 0     0.4967214E-02      0.1867305E+01  0.2796261E-02  0.0000000E+00  0.0000000E+00  0.0000000E+00
   377     1.867E+00      1   4.967E-03   0.000E+00
       378              1                 0     0.4967479E-02      0.1872273E+01  0.2799459E-02  0.0000000E+00  0.0000000E+00  0.0000000E+00
   378     1.872E+00      1   4.967E-03   0.000E+00
       379              1                 0     0.4967770E-02      0.1877241E+01  0.2804938E-02  0.0000000E+00  0.0000000E+00  0.0000000E+00
   379     1.877E+00      1   4.968E-03   0.000E+00
       380              1                 0     0.4968078E-02      0.1882209E+01  0.2806643E-02  0.0000000E+00  0.0000000E+00  0.0000000E+00
   380     1.882E+00      1   4.968E-03   0.000E+00
       381              1                 0     0.4968399E-02      0.1887177E+01  0.2798892E-02  0.0000000E+00  0.0000000E+00  0.0000000E+00
   381     1.887E+00      1   4.968E-03   0.000E+00
       382              1                 0     0.4968738E-02      0.1892146E+01  0.2789473E-02  0.0000000E+00  0.0000000E+00  0.0000000E+00
   382     1.892E+00      1   4.969E-03   0.000E+00
       383              1                 0     0.4969095E-02      0.1897115E+01  0.2779808E-02  0.0000000E+00  0.0000000E+00  0.0000000E+00
   383     1.897E+00      1   4.969E-03   0.000E+00
       384              1                 0     0.4969465E-02      0.1902084E+01  0.2769924E-02  0.0000000E+00  0.0000000E+00  0.0000000E+00
   384     1.902E+00      1   4.969E-03   0.000E+00
       385              1                 0     0.4969849E-02      0.1907054E+01  0.2759846E-02  0.0000000E+00  0.0000000E+00  0.0000000E+00
   385     1.907E+00      1   4.970E-03   0.000E+00
       386              1                 0     0.4970251E-02      0.1912025E+01  0.2749599E-02  0.0000000E+00  0.0000000E+00  0.0000000E+00
   386     1.912E+00      1   4.970E-03   0.000E+00
       387              1                 0     0.4970667E-02      0.1916995E+01  0.2739197E-02  0.0000000E+00  0.0000000E+00  0.0000000E+00
   387     1.917E+00      1   4.971E-03   0.000E+00
       388              1                 0     0.4971095E-02      0.1921966E+01  0.2728668E-02  0.0000000E+00  0.0000000E+00  0.0000000E+00
   388     1.922E+00      1   4.971E-03   0.000E+00
       389              1                 0     0.4971534E-02      0.1926938E+01  0.2718041E-02  0.0000000E+00  0.0000000E+00  0.0000000E+00
   389     1.927E+00      1   4.972E-03   0.000E+00
       390              1                 0     0.4971988E-02      0.1931910E+01  0.2707323E-02  0.0000000E+00  0.0000000E+00  0.0000000E+00
   390     1.932E+00      1   4.972E-03   0.000E+00
       391              1                 0     0.4972455E-02      0.1936882E+01  0.2696546E-02  0.0000000E+00  0.0000000E+00  0.0000000E+00
   391     1.937E+00      1   4.972E-03   0.000E+00
       392              1                 0     0.4972932E-02      0.1941855E+01  0.2685727E-02  0.0000000E+00  0.0000000E+00  0.0000000E+00
   392     1.942E+00      1   4.973E-03   0.000E+00
       393              1                 0     0.4973417E-02      0.1946829E+01  0.2674881E-02  0.0000000E+00  0.0000000E+00  0.0000000E+00
   393     1.947E+00      1   4.973E-03   0.000E+00
       394              1                 0     0.4973914E-02      0.1951803E+01  0.2664032E-02  0.0000000E+00  0.0000000E+00  0.0000000E+00
   394     1.952E+00      1   4.974E-03   0.000E+00
       395              1                 0     0.4974423E-02      0.1956777E+01  0.2653196E-02  0.0000000E+00  0.0000000E+00  0.0000000E+00
   395     1.957E+00      1   4.974E-03   0.000E+00
       396              1                 0     0.4974936E-02      0.1961752E+01  0.2642383E-02  0.0000000E+00  0.0000000E+00  0.0000000E+00
   396     1.962E+00      1   4.975E-03   0.000E+00
       397              1                 0     0.4975455E-02      0.1966727E+01  0.2631618E-02  0.0000000E+00  0.0000000E+00  0.0000000E+00
   397     1.967E+00      1   4.975E-03   0.000E+00
       398              1                 0     0.4975982E-02      0.1971703E+01  0.2620913E-02  0.0000000E+00  0.0000000E+00  0.0000000E+00
   398     1.972E+00      1   4.976E-03   0.000E+00
       399              1                 0     0.4976518E-02      0.1976680E+01  0.2610271E-02  0.0000000E+00  0.0000000E+00  0.0000000E+00
   399     1.977E+00      1   4.977E-03   0.000E+00
       400              1                 0     0.4977057E-02      0.1981657E+01  0.2599719E-02  0.0000000E+00  0.0000000E+00  0.0000000E+00
   400     1.982E+00      1   4.977E-03   0.000E+00
       401              1                 0     0.4977596E-02      0.1986635E+01  0.2589261E-02  0.0000000E+00  0.0000000E+00  0.0000000E+00
   401     1.987E+00      1   4.978E-03   0.000E+00
       402              1                 0     0.4977691E-02      0.1991612E+01  0.2578908E-02  0.0000000E+00  0.0000000E+00  0.0000000E+00
   402     1.992E+00      1   4.978E-03   0.000E+00
       403              1                 0     0.4977691E-02      0.1996590E+01  0.2568670E-02  0.0000000E+00  0.0000000E+00  0.0000000E+00
   403     1.997E+00      1   4.978E-03   0.000E+00
       403              1                 0     0.4977691E-02      0.2000000E+01  0.1000000E+09  0.0000000E+00  0.0000000E+00  0.0000000E+00
   403     2.000E+00      1   4.978E-03   0.000E+00
       403              1                 0     0.4977691E-02      0.2000000E+01  0.1000000E+09  0.0000000E+00  0.0000000E+00  0.0000000E+00
   403     2.000E+00      1   4.978E-03   0.000E+00
 End of problem: Total CPU time =            1.696 sec
                 Total CPU time =  0h  0m  1s 696ms
