# Iteration        Mass Balance        Mass storage      Energy balance   Fluid energy stor   Solid energy stor
          1        0.0000000000       97.2664449316        0.0000000000523321249.8926005363        0.0000000000
          2        0.0025284258        0.0025303005        0.0015860880     5222.2168861806        0.0000000000
          3        0.0101105573        0.0101184795        0.0063417549    20869.4061495127        0.0000000000
          4        0.0227404296        0.0227593015        0.0142590151    46897.3066790227        0.0000000000
          5        0.0404120585        0.0404471783        0.0253183310    83248.2934244030        0.0000000000
          6        0.0631157207        0.0631736334        0.0394920101   129840.4393168283        0.0000000000
          7        0.0908416405        0.0909314713        0.0567472354   186575.8447358160        0.0000000000
          8        0.1235761116        0.1237056138        0.0770424936   253317.2753674628        0.0000000000
          9        0.1613322543        0.1614913840        0.1003014466   329918.8271269145        0.0000000000
         10        0.2040310663        0.2042409382        0.1265315171   416163.3890109252        0.0000000000
         11        0.2516814009        0.2519669824        0.1556410054   511930.0290055338        0.0000000000
         12        0.3043176342        0.3046495155        0.1875072117   616943.5102523540        0.0000000000
         13        0.3618186021        0.3622290370        0.2221514930   730974.3738282241        0.0000000000
         14        0.4242388917        0.4247313080        0.2594130571   853813.8963516991        0.0000000000
         15        0.4914979285        0.4920878987        0.2992563796   985146.4931713134        0.0000000000
         16        0.5636153825        0.5643062762        0.3415407652  1124712.1681045853        0.0000000000
         17        0.6404974229        0.6413120321        0.3862280168  1272177.1631657465        0.0000000000
         18        0.7221880783        0.7231199341        0.4331374910  1427224.7823622643        0.0000000000
         19        0.8085689961        0.8096401499        0.4822418762  1589509.0118101996        0.0000000000
         20        0.8996361049        0.9008662641        0.5333931281  1758699.5811772549        0.0000000000
         21        0.9953880542        0.9967687353        0.5864340445  1934391.4444250050        0.0000000000
         22        1.0957075999        1.0972630901        0.6413187612  2116235.1276316843        0.0000000000
         23        1.2005756859        1.2023190403        0.6978942813  2303817.7924947976        0.0000000000
         24        1.3099548678        1.3118984160        0.7560226437  2496758.3561734660        0.0000000000
         25        1.4237917562        1.4259460641        0.8155745764  2694636.3490202371        0.0000000000
         26        1.5420244014        1.5444028402        0.8764270618  2897034.3165717516        0.0000000000
         27        1.6645700985        1.6671883248        0.9384697377  3103518.2123827087        0.0000000000
         28        1.7913861477        1.7942574261        1.0015502648  3313658.6068098494        0.0000000000
         29        1.9224093791        1.9255465707        1.0655309288  3527023.6856287154        0.0000000000
         30        2.0575686556        2.0609848937        1.1302798069  3743172.6178229093        0.0000000000
         31        2.1967871084        2.2004959253        1.1956657223  3961661.8668429619        0.0000000000
         32        2.3399875908        2.3440025118        1.2615551634  4182048.4955762671        0.0000000000
         33        2.4870896258        2.4914239933        1.3278140010  4403889.4391688490        0.0000000000
         34        2.6380084875        2.6426755143        1.3943100765  4626743.9158934802        0.0000000000
         35        2.7926566679        2.7976693289        1.4609124609  4850174.4065510649        0.0000000000
         36        2.9509415671        2.9563124665        1.5274907167  5073744.6356963208        0.0000000000
         37        3.1127664189        3.1185080810        1.5939200249  5297028.7896491587        0.0000000000
         38        3.2780396987        3.2841628566        1.6600648477  5519592.3788648155        0.0000000000
         39        3.4466410875        3.4531581908        1.7258190304  5741034.4712929213        0.0000000000
         40        3.6184562034        3.6253798138        1.7910677426  5960950.0619726051        0.0000000000
         41        3.7933821416        3.8007228816        1.8556855822  6178935.8710483257        0.0000000000
         42        3.9713019686        3.9790694669        1.9195574140  6394603.8659394626        0.0000000000
         43        4.1520902451        4.1602940302        1.9825799016  6607586.0293114651        0.0000000000
         44        4.3356174010        4.3442662419        2.0446485334  6817517.9895291571        0.0000000000
         45        4.5217739135        4.5308726874        2.1056435271  7024023.3854608173        0.0000000000
         46        4.7103629557        4.7199238060        2.1655240325  7226843.4913933175        0.0000000000
         47        4.9012668832        4.9112975967        2.2241776679  7425627.4439856466        0.0000000000
         48        5.0943526913        5.1048606854        2.2815059811  7620073.5267434949        0.0000000000
         49        5.2894640419        5.3004506676        2.3374314827  7809885.1544054402        0.0000000000
         50        5.4864516179        5.4979164458        2.3918735962  7994784.6014798768        0.0000000000
         51        5.6851293239        5.6970787446        2.4447839367  8174571.6187052643        0.0000000000
         52        5.8853068994        5.8977469078        2.4961200190  8349047.6022467222        0.0000000000
         53        6.0868350839        6.0997688804        2.5458032282  8517979.3812335767        0.0000000000
         54        6.2895421982        6.3029679486        2.5937750606  8681165.2122621424        0.0000000000
         55        6.4932377489        6.5071518437        2.6399970385  8838447.3096684944        0.0000000000
         56        6.6977461357        6.7121416414        2.6844185151  8989655.5020070970        0.0000000000
         57        6.9028324196        6.9177117601        2.7270432953  9134753.2334744800        0.0000000000
         58        7.1082952412        7.1236571424        2.7678470436  9273637.8670214526        0.0000000000
         59        7.3139500220        7.3297907284        2.8067911945  9406206.9494760260        0.0000000000
         60        7.5195900630        7.5359001924        2.8438597212  9532392.1865948457        0.0000000000
         61        7.7249948968        7.7417654730        2.8790518451  9652176.3882792573        0.0000000000
         62        7.9299404188        7.9471626584        2.9123700022  9765558.7368715107        0.0000000000
         63        8.1341992730        8.1518639568        2.9438221290  9872558.7524318267        0.0000000000
         64        8.3375419557        8.3556390037        2.9734213251  9973215.6001375392        0.0000000000
         65        8.5397358443        8.5582534785        3.0011840356 10067582.0878054518        0.0000000000
         66        8.7405427790        8.7594682723        3.0271341855 10155736.5617802255        0.0000000000
         67        8.9397214101        8.9590411634        3.0513011711 10237777.2347378470        0.0000000000
         68        9.1370289880        9.1567286095        3.0737200414 10313822.6106414814        0.0000000000
         69        9.3322179702        9.3522823851        3.0944306977 10384008.7920473553        0.0000000000
         70        9.5250399630        9.5454530015        3.1134766090 10448485.7785686459        0.0000000000
         71        9.7152431118        9.7359884026        3.1309082780 10507427.1061371658        0.0000000000
         72        9.9025758101        9.9236367213        3.1467799360 10561020.4563688282        0.0000000000
         73       10.0867857148       10.1081447905        3.1611476283 10609461.6949905530        0.0000000000
         74       10.2676185161       10.2892582692        3.1740732006 10652965.9319535214        0.0000000000
         75       10.4448219978       10.4667250720        3.1856216760 10691759.9875048697        0.0000000000
         76       10.6181852637       10.6403228940        3.1958225357 10725969.0562616009        0.0000000000
         77       10.7873972081       10.8097586717        3.2047997163 10755985.4828247000        0.0000000000
         78       10.9521832144       10.9747624218        3.2126476525 10782117.0179562084        0.0000000000
         79       11.1123333010       11.1351185969        3.2194081183 10804548.6046520583        0.0000000000
         80       11.2677110983       11.2906640232        3.2250639754 10823279.9269139487        0.0000000000
         81       11.4179249320       11.4410483253        3.2298237553 10838934.8953562193        0.0000000000
         82       11.5627316096       11.5860321244        3.2337723080 10851812.3607305810        0.0000000000
         83       11.7020960984       11.7255329053        3.2368172685 10861721.2137034666        0.0000000000
         84       11.8355556771       11.8591441994        3.2392432239 10869495.0741718467        0.0000000000
         85       11.9630439286       11.9867576686        3.2409961046 10875063.4260964040        0.0000000000
         86       12.0842821538       12.1081189365        3.2422094053 10878805.8209790234        0.0000000000
         87       12.1991287195       12.2230663332        3.2429051243 10880813.1594258342        0.0000000000
         88       12.3073110083       12.3313289729        3.2432224352 10881519.3029284272        0.0000000000
         89       12.4087605738       12.4328033416        3.2431310119 10882113.1961781438        0.0000000000
         90       12.5031437278       12.5272617113        3.2428335533 10883716.6874837670        0.0000000000
         91       12.5904534368       12.6145765489        3.2422579190 10885844.8198114280        0.0000000000
         92       12.6704495601       12.6945873450        3.2415388913 10888431.6741444338        0.0000000000
         93       12.7429552186       12.7670963079        3.2407621079 10891501.2810299508        0.0000000000
         94       12.8079439273       12.8320741025        3.2398906103 10894539.7536396533        0.0000000000
         95       12.8652903958       12.8894109285        3.2389787012 10897543.8157427050        0.0000000000
         96       12.9147921879       12.9388853027        3.2381526365 10900393.4304286279        0.0000000000
         97       12.9563932649       12.9804696434        3.2374199251 10903124.1107090674        0.0000000000
         98       12.9900590563       13.0141398491        3.2367752819 10905445.1974454485        0.0000000000
         99       13.0157289408       13.0397912589        3.2362439373 10907229.7194322795        0.0000000000
        100       13.0333422718       13.0573943641        3.2358561725 10908610.8506238200        0.0000000000
        101       13.0428516709       13.0668911930        3.2356382562 10909284.6194877978        0.0000000000
        102       13.0419929233       13.0660408702        3.2343857417 10905364.0768599175        0.0000000000
        103       13.0280342728       13.0639980403        3.2306345099 10892746.0270886533        0.0000000000
        104       13.0004146044       13.0626101305        3.2240925220 10870502.1424697414        0.0000000000
        105       12.9591075848       13.0618923738        3.2147300442 10838858.3851800449        0.0000000000
        106       12.9041694651       13.0617298791        3.2025505184 10797332.8465716355        0.0000000000
        107       12.8356831093       13.0621542345        3.1875557312 10746253.8770935107        0.0000000000
        108       12.7537506875       13.0631603852        3.1697521269 10685712.7211956568        0.0000000000
        109       12.6584939097       13.0646731314        3.1491474134 10615407.0922288857        0.0000000000
        110       12.5501187187       13.0667754575        3.1256931894 10535830.8168824110        0.0000000000
        111       12.4287047995       13.0693005154        3.0994676693 10446547.1577637773        0.0000000000
        112       12.2943651505       13.0722351936        3.0705381948 10347940.5352540147        0.0000000000
        113       12.1473928086       13.0756011402        3.0388326311 10240122.0885679275        0.0000000000
        114       11.9880456458       13.0792831941        3.0043257694 10122543.5526366755        0.0000000000
        115       11.8164124870       13.0832988619        2.9671547084  9996082.9290088881        0.0000000000
        116       11.6328973312       13.0875345386        2.9271974564  9860470.7731063310        0.0000000000
        117       11.4376158260       13.0919392838        2.8845998568  9718304.3502391987        0.0000000000
        118       11.2309406783       13.0965064732        2.8392971644  9570215.8257721700        0.0000000000
        119       11.0130849837       13.1010613752        2.7913768027  9416258.9543044157        0.0000000000
        120       10.7844566349       13.1057215012        2.7407714184  9257908.8832539245        0.0000000000
        121       10.5452412519       13.1102363319        2.6876208092  9094882.0245250650        0.0000000000
        122       10.2958925691       13.1146813257        2.6318392843  8928356.0910758376        0.0000000000
        123       10.0366562182       13.1189631380        2.5735384211  8758927.5380835887        0.0000000000
        124        9.7678495205       13.1229273400        2.5127784716  8586841.3036443144        0.0000000000
        125        9.4899779238       13.1267116698        2.4494615517  8413715.1739375796        0.0000000000
        126        9.2032799528       13.1300172790        2.3837362900  8238932.1298950082        0.0000000000
        127        8.9080986956       13.1328782378        2.3156700070  8063999.1629772801        0.0000000000
        128        8.6048662175       13.1351667302        2.2452581773  7888924.3669884205        0.0000000000
        129        8.2940362197       13.1368684353        2.1724836269  7714809.7217592085        0.0000000000
        130        7.9758953694       13.1379867114        2.0974870093  7542614.3330125855        0.0000000000
        131        7.6508070551       13.1383044340        2.0203485463  7372014.5721319206        0.0000000000
        132        7.3192035598       13.1379568309        1.9410920188  7208232.1225159224        0.0000000000
        133        6.9815007086       13.1367002302        1.8597605251  7044891.1438974654        0.0000000000
        134        6.6380916793       13.1346021629        1.7764233064  6886962.4711636724        0.0000000000
        135        6.2893634991       13.1315646929        1.6911599487  6734059.1640483299        0.0000000000
        136        5.9357064402       13.1274931159        1.6040510743  6585600.6791745126        0.0000000000
        137        5.5775136602       13.1224961943        1.5151772374  6443759.7286383975        0.0000000000
        138        5.2151847932       13.1163138024        1.4246172710  6307818.2746868981        0.0000000000
        139        4.8491161798       13.1091201216        1.3324550638  6179555.0044075185        0.0000000000
        140        4.4797027900       13.1007232599        1.2387765920  6058487.4817274874        0.0000000000
        141        4.1073350715       13.0911719018        1.1436737706  5945567.9800055185        0.0000000000
        142        3.7324017394       13.0804524071        1.0472412196  5841295.9365333561        0.0000000000
        143        3.3552874001       13.0684254398        0.9495768353  5745344.4662811933        0.0000000000
        144        2.9763744984       13.0552994830        0.8507817948  5659473.4708487177        0.0000000000
        145        2.5960410251       13.0408056117        0.7509594992  5582424.0959166139        0.0000000000
        146        2.2146633871       13.0251453682        0.6502144622  5515809.3482389254        0.0000000000
        147        1.8326129938       13.0081770539        0.5486537939  5459017.6643403629        0.0000000000
        148        1.4502764161       12.9899484123        0.4463677065  5412587.8121224055        0.0000000000
        149        1.0679763341       12.9705367720        0.3435081767  5377205.9755000891        0.0000000000
        150        0.6860617652       12.9498106614        0.2401960141  5352934.7270836271        0.0000000000
        151        0.3049104919       12.9280464772        0.1365222338  5340706.7656713249        0.0000000000
        152        0.0751202898       12.9050379082        0.0325938835  5338547.1187978107        0.0000000000
        153        0.4536877810       12.8810313990        0.0714729712  5346696.6021964895        0.0000000000
        154        0.8304454367       12.8559659998        0.1755692889  5366277.9248873964        0.0000000000
        155        1.2051020764       12.8299692627        0.2795348963  5394260.4586762590        0.0000000000
        156        1.5773368864       12.8029812923        0.3832447089  5435425.8547896743        0.0000000000
        157        1.9468022150       12.7736250373        0.4866064784  5482705.9553806875        0.0000000000
        158        2.3131714785       12.7426527419        0.5895126210  5544799.4556123866        0.0000000000
        159        2.6761208699       12.7114597390        0.6918592564  5612200.0746310828        0.0000000000
        160        3.0400850642       12.6749817655        0.7946268014  5689547.9972576359        0.0000000000
        161        3.3917920860       12.6463092625        0.8945847819  5779745.7958207568        0.0000000000
        162        3.7418196210       12.6141293069        0.9942817913  5879090.2730276734        0.0000000000
        163        4.0880456719       12.5805600389        1.0930900687  5985447.2782792002        0.0000000000
        164        4.4295783176       12.5460859316        1.1907756981  6101189.6117183557        0.0000000000
        165        4.7660265834       12.5110901356        1.2872113649  6225882.5287694000        0.0000000000
        166        5.0969740931       12.4756372166        1.3822671377  6355052.6024325388        0.0000000000
        167        5.4222559740       12.4397886284        1.4758433566  6495539.2298379820        0.0000000000
        168        5.7416448789       12.4036234654        1.5678462085  6638409.9985500416        0.0000000000
        169        6.0548606215       12.3671140012        1.6581882858  6790381.5695489189        0.0000000000
        170        6.3615605960       12.3306405003        1.7467658185  6946907.3677837159        0.0000000000
        171        6.6615785274       12.2939776046        1.8334960826  7106529.5246939771        0.0000000000
        172        6.9547084983       12.2573595463        1.9182903260  7273615.1995403394        0.0000000000
        173        7.2406831009       12.2208515521        2.0010585535  7440085.9103311710        0.0000000000
        174        7.5192290344       12.1845286478        2.0817168592  7613480.3247691896        0.0000000000
        175        7.7901783121       12.1486015903        2.1601949005  7786842.8049562406        0.0000000000
        176        8.0533462894       12.1129295459        2.2364220065  7961338.8105148934        0.0000000000
        177        8.3084624747       12.0778277934        2.3103231590  8138520.8635995788        0.0000000000
        178        8.5553204523       12.0432783924        2.3818317851  8312921.6037877174        0.0000000000
        179        8.7937572283       12.0093682060        2.4508917064  8489033.2082681581        0.0000000000
        180        9.0236074719       11.9761872745        2.5174551631  8664204.1292014960        0.0000000000
        181        9.2446231632       11.9438263527        2.5814415409  8836976.0002415851        0.0000000000
        182        9.4566544632       11.9125298206        2.6427950464  9008105.8109857254        0.0000000000
        183        9.6595448186       11.8821114117        2.7014855045  9174722.5676524192        0.0000000000
        184        9.8531381542       11.8528098301        2.7574930592  9337871.4899911061        0.0000000000
        185       10.0372239914       11.8247306396        2.8107457218  9496436.8274285402        0.0000000000
        186       10.2116942148       11.7978367499        2.8611824069  9649495.6110606901        0.0000000000
        187       10.3763921931       11.7723975983        2.9088174281  9797585.7032120880        0.0000000000
        188       10.5312320483       11.7481732458        2.9535938074  9938523.9416126255        0.0000000000
        189       10.6760177070       11.7255907858        2.9954746366 10073066.8263526168        0.0000000000
        190       10.8106311379       11.7045104023        3.0344457141 10197857.8610813040        0.0000000000
        191       10.9349953746       11.6849758562        3.0704835178 10312811.4877014998        0.0000000000
        192       11.0490387122       11.6671945452        3.1035530758 10419075.7137799878        0.0000000000
        193       11.1525935098       11.6510283017        3.1336550106 10514885.6957947034        0.0000000000
        194       11.2455626373       11.6367521351        3.1607547322 10601744.7269215286        0.0000000000
        195       11.3279373703       11.6242404046        3.1848252806 10678402.0020444281        0.0000000000
        196       11.3996269118       11.6135483387        3.2058897740 10745697.1258888729        0.0000000000
        197       11.4605701379       11.6047541936        3.2239095982 10803192.7261668388        0.0000000000
        198       11.5106332668       11.5979028856        3.2388645051 10850487.7718583532        0.0000000000
        199       11.5498637459       11.5930881991        3.2507634859 10888915.5055932291        0.0000000000
        200       11.5782233641       11.5900872434        3.2595996195 10916619.5214934498        0.0000000000
        201       11.5956915476       11.5891405381        3.2653583751 10935348.3019606359        0.0000000000
        202       11.6021123826       11.5902265645        3.2680437676 10943674.5587502364        0.0000000000
        203       11.5976308059       11.5873466836        3.2676463418 10945020.2324134689        0.0000000000
        204       11.5822403376       11.5836805498        3.2641607940 10956286.9754035417        0.0000000000
        205       11.5559820909       11.5791942220        3.2575881594 10976801.1336512715        0.0000000000
        206       11.5186630233       11.5738725274        3.2479331288 11008104.2862691302        0.0000000000
        207       11.4705367508       11.5676966810        3.2352029135 11048269.3686061986        0.0000000000
        208       11.4115956420       11.5609122430        3.2193989907 11099168.4171233196        0.0000000000
        209       11.3419215751       11.5533211805        3.2005259191 11159280.7124388013        0.0000000000
        210       11.2614266625       11.5449890903        3.1786105006 11229437.2735170648        0.0000000000
        211       11.1703314596       11.5360374674        3.1536349925 11309493.5769552179        0.0000000000
        212       11.0686879738       11.5263910680        3.1256004462 11398740.7940043863        0.0000000000
        213       10.9565887330       11.5163545097        3.0945653326 11498680.2619689330        0.0000000000
        214       10.8340091706       11.5055610550        3.0605145397 11607557.5495604184        0.0000000000
        215       10.7011894059       11.4944295459        3.0234711918 11726599.2288187332        0.0000000000
        216       10.5581984766       11.4828648125        2.9834537918 11854956.4905775618        0.0000000000
        217       10.4051660693       11.4709053247        2.9404944322 11990056.4396608435        0.0000000000
        218       10.2421982412       11.4587589619        2.8946062799 12132218.4526997879        0.0000000000
        219       10.0694031852       11.4462308700        2.8458241809 12279506.5690451209        0.0000000000
        220        9.8869801014       11.4336954886        2.7941851892 12432876.0270245727        0.0000000000
        221        9.6950700730       11.4210239133        2.7397021854 12590414.5349263344        0.0000000000
        222        9.4938084507       11.4083305664        2.6824394136 12752031.3990927935        0.0000000000
        223        9.2834211131       11.3958393727        2.6224358360 12917431.9202948865        0.0000000000
        224        9.0639659945       11.3833159151        2.5597106315 13084778.6198200155        0.0000000000
        225        8.8361393971       11.3716027709        2.4943475861 13255297.4242880233        0.0000000000
        226        8.5990182242       11.3594531937        2.4263521127 13426222.7005545050        0.0000000000
        227        8.3534947764       11.3478085788        2.3558227415 13598402.4739159681        0.0000000000
        228        8.0998414675       11.3367257089        2.2828091506 13770380.5795420930        0.0000000000
        229        7.8381553541       11.3261989303        2.2073589532 13941694.2529135048        0.0000000000
        230        7.5686579379       11.3163467070        2.1295493278 14111820.5626206845        0.0000000000
        231        7.2915458013       11.3072223450        2.0494584403 14280085.9713942166        0.0000000000
        232        7.0070319344       11.2988361199        1.9671594343 14445213.4410302248        0.0000000000
        233        6.7153522078       11.2913987207        1.8827297795 14607807.3596333396        0.0000000000
        234        6.4168198909       11.2848720806        1.7962614889 14765609.6548161041        0.0000000000
        235        6.1115132451       11.2793979158        1.7078223389 14919714.7572269663        0.0000000000
        236        5.7997130932       11.2748729138        1.6175086521 15068072.5627803989        0.0000000000
        237        5.4817507304       11.2715525595        1.5254246297 15210847.4774690773        0.0000000000
        238        5.1578365119       11.2694815325        1.4316664505 15347597.7094273940        0.0000000000
        239        4.8282598641       11.2686580904        1.3363365245 15477238.0987389404        0.0000000000
        240        4.4932763183       11.2692036931        1.2395269684 15599819.6858211532        0.0000000000
        241        4.1531521490       11.2711294773        1.1413497882 15714594.2192399818        0.0000000000
        242        3.8081657551       11.2744576273        1.0419223847 15820907.0035438556        0.0000000000
        243        3.4585891789       11.2793427937        0.9413542762 15919067.8976106737        0.0000000000
        244        3.1047222535       11.2857263231        0.8397624029 16008012.2226069029        0.0000000000
        245        2.7468411506       11.2936525564        0.7372683152 16087471.4939528145        0.0000000000
        246        2.3852517616       11.3032496275        0.6339847549 16157769.8571115285        0.0000000000
        247        2.0202773727       11.3143766294        0.5300170581 16217593.4641092662        0.0000000000
        248        1.6522076516       11.3272401517        0.4254936820 16267907.1642273311        0.0000000000
        249        1.2813548047       11.3417202833        0.3205516493 16307547.6885501482        0.0000000000
        250        0.9080230743       11.3578804544        0.2153128992 16336755.8857448250        0.0000000000
        251        0.5325367118       11.3757709690        0.1099078059 16355629.0907955058        0.0000000000
        252        0.1552420980       11.3953211339        0.0044390859 16363747.7157470100        0.0000000000
        253        0.2235190317       11.4165141030        0.1009824676 16361080.2516385689        0.0000000000
        254        0.6034284545       11.4394417297        0.2062087264 16348148.4796085991        0.0000000000
        255        0.9841541697       11.4639656121        0.3111128161 16324245.8697448354        0.0000000000
        256        1.3653445862       11.4901641492        0.4155695858 16290037.4318935163        0.0000000000
        257        1.7466490854       11.5179808921        0.5194656112 16245526.7667367905        0.0000000000
        258        2.1276923974       11.5473149380        0.6227009278 16190567.5390750784        0.0000000000
        259        2.5081161631       11.5782252733        0.7251575850 16125941.7830917612        0.0000000000
        260        2.8875763789       11.6106157443        0.8267036310 16051538.6103055347        0.0000000000
        261        3.2657196495       11.6443709678        0.9272288707 15967307.9074050933        0.0000000000
        262        3.6421416201       11.6795996811        1.0266174917 15874521.9180302527        0.0000000000
        263        4.0164839702       11.7160572857        1.1247730552 15772733.5594279226        0.0000000000
        264        4.3883616111       11.7537347660        1.2215916582 15662395.2521615271        0.0000000000
        265        4.7573863566       11.7925778536        1.3169744983 15544107.9102897551        0.0000000000
        266        5.1231635888       11.8325599548        1.4108329487 15418472.1037859973        0.0000000000
        267        5.4852737960       11.8735262387        1.5030991185 15285268.7794979624        0.0000000000
        268        5.8432950394       11.9154243391        1.5937071018 15145024.6990461815        0.0000000000
        269        6.1968421750       11.9583145256        1.6825624677 14999157.8729538731        0.0000000000
        270        6.5455561588       12.0018398587        1.7695541108 14846882.3692873530        0.0000000000
        271        6.8890845862       12.0460646463        1.8545707528 14690150.8145689107        0.0000000000
        272        7.2270646555       12.0906997418        1.9375154427 14529078.0223544687        0.0000000000
        273        7.5591356517       12.1357816548        2.0182922706 14365431.8270813096        0.0000000000
        274        7.8849151374       12.1809407251        2.0968277749 14198368.5531429835        0.0000000000
        275        8.2040092558       12.2262724861        2.1730615518 14029738.5139757860        0.0000000000
        276        8.5160244075       12.2714432283        2.2469401951 13858851.1486781612        0.0000000000
        277        8.8205931499       12.3165601088        2.3183961586 13687749.8576426897        0.0000000000
        278        9.1173702814       12.3612637078        2.3873499593 13515729.9697252847        0.0000000000
        279        9.4059622790       12.4055959090        2.4537719095 13344829.0004296582        0.0000000000
        280        9.6859530484       12.4492469693        2.5176596198 13174737.0215561911        0.0000000000
        281        9.9570276164       12.4923305909        2.5789261210 13006778.4892809689        0.0000000000
        282       10.2188019023       12.5346605270        2.6375522899 12840628.5993771981        0.0000000000
        283       10.4707920725       12.5762195835        2.6936180613 12677683.3362327628        0.0000000000
        284       10.7126794838       12.6168604807        2.7470703284 12517869.8719256781        0.0000000000
        285       10.9441790175       12.6565560607        2.7978433712 12362187.8504701219        0.0000000000
        286       11.1649039310       12.6950433333        2.8459739711 12211227.8978797663        0.0000000000
        287       11.3746454921       12.7322514945        2.8913560974 12065551.6614477541        0.0000000000
        288       11.5730957373       12.7680441092        2.9339848748 11925908.0166206975        0.0000000000
        289       11.7599766705       12.8022266826        2.9738406410 11792570.6645729039        0.0000000000
        290       11.9350340559       12.8347950361        3.0108965182 11666999.9605818111        0.0000000000
        291       12.0980092828       12.8655040792        3.0451453923 11550668.9950875826        0.0000000000
        292       12.2486455471       12.8943739727        3.0765930790 11444371.1875975188        0.0000000000
        293       12.3868012293       12.9212324291        3.1051614121 11346668.5166220274        0.0000000000
        294       12.5121475289       12.9461519279        3.1309520219 11259777.8665990327        0.0000000000
        295       12.6245717020       12.9687681538        3.1538946148 11181392.5989798252        0.0000000000
        296       12.7239624802       12.9894243121        3.1739355857 11113689.5668662973        0.0000000000
        297       12.8100858372       13.0075844666        3.1911433681 11054551.0811996330        0.0000000000
        298       12.8827843883       13.0236175184        3.2055390092 11006493.0349023473        0.0000000000
        299       12.9420000332       13.0370781007        3.2170755028 10966766.1899359487        0.0000000000
        300       12.9876586138       13.0483608770        3.2257385177 10938002.4810594041        0.0000000000
        301       13.0196770100       13.0569953086        3.2315383135 10917743.1164549626        0.0000000000
        302       13.0379932071       13.0633624917        3.2344889387 10908304.5071344171        0.0000000000
        303       13.0425689126       13.0670832429        3.2346001293 10907594.0493309982        0.0000000000
        304       13.0333962633       13.0649415112        3.2318739212 10898802.4556875974        0.0000000000
        305       13.0104860942       13.0632964900        3.2263152675 10879734.9576665573        0.0000000000
        306       12.9738754236       13.0623783015        3.2179257241 10851550.8552416265        0.0000000000
        307       12.9236165378       13.0619618924        3.2067118559 10813087.2982772086        0.0000000000
        308       12.8597835651       13.0622408650        3.1926792261 10765766.3318482004        0.0000000000
        309       12.7824673700       13.0629922816        3.1758370009 10708317.4281360526        0.0000000000
        310       12.6917826255       13.0643625310        3.1561917808 10641700.6290385071        0.0000000000
        311       12.5878999344       13.0662672450        3.1337215700 10565315.4123167079        0.0000000000
        312       12.4679230724       13.0653743976        3.1066037300 10473126.8589786794        0.0000000000
        313       12.3408561792       13.0710804542        3.0801631119 10383299.6497860365        0.0000000000
        314       12.1985169873       13.0745605605        3.0495775459 10278911.0678941086        0.0000000000
        315       12.0434360183       13.0781961714        3.0160403996 10164959.6000669990        0.0000000000
        316       11.8760052570       13.0820433000        2.9797608501 10041246.3896612804        0.0000000000
        317       11.6965297307       13.0862319497        2.9408066591  9908683.6937713698        0.0000000000
        318       11.5053262255       13.0905529202        2.8990776694  9768424.1234331038        0.0000000000
        319       11.3025037593       13.0951255659        2.8547436250  9622760.4066586364        0.0000000000
        320       11.0884893252       13.0995817924        2.8076930868  9470169.4255429581        0.0000000000
        321       10.8635033163       13.1043332852        2.7580558730  9314167.5267504510        0.0000000000
        322       10.6279582305       13.1087550531        2.7057360440  9151730.5309221689        0.0000000000
        323       10.3820201554       13.1133917260        2.6509032548  8987295.1764017679        0.0000000000
        324       10.1261675953       13.1175850021        2.5934616790  8817935.3182323426        0.0000000000
        325        9.8606448569       13.1218266963        2.5335309447  8647663.6530923210        0.0000000000
        326        9.5858225561       13.1255704016        2.4711302299  8474273.7533944119        0.0000000000
        327        9.3021447844       13.1291409183        2.4062223930  8300671.6804806450        0.0000000000
        328        9.0098707492       13.1320723570        2.3389458593  8125378.8305367902        0.0000000000
        329        8.7093743569       13.1346578588        2.2693437803  7951122.6223257128        0.0000000000
        330        8.4010914643       13.1364830833        2.1974145935  7776340.9406463727        0.0000000000
        331        8.0854347183       13.1379178144        2.1231827242  7604135.1863258434        0.0000000000
        332        7.7627305856       13.1384086948        2.0467571337  7432151.4242261462        0.0000000000
        333        7.4333407223       13.1384322450        1.9682253938  7266725.9020530330        0.0000000000
        334        7.0976947297       13.1373950383        1.8876164682  7101421.8129214216        0.0000000000
        335        6.7562079295       13.1356838440        1.8049765924  6942863.7413533786        0.0000000000
        336        6.4092721787       13.1329195165        1.7203792517  6787864.2688403968        0.0000000000
        337        6.0572784005       13.1292553516        1.6339036416  6637777.3834362393        0.0000000000
        338        5.7006143106       13.1245820372        1.5456349226  6493703.3030690374        0.0000000000
        339        5.3396785522       13.1187995219        1.4556506265  6355596.8979873620        0.0000000000
        340        4.9748638843       13.1119955726        1.3640374805  6224876.6105367681        0.0000000000
        341        4.6065688553       13.1039945285        1.2708771762  6101189.5495585529        0.0000000000
        342        4.2351842482       13.0948776625        1.1762612313  5985691.9131118497        0.0000000000
        343        3.8611014778       13.0845411768        1.0802818197  5878368.9991660388        0.0000000000
        344        3.4847045368       13.0729758850        0.9830371423  5779753.6163241370        0.0000000000
        345        3.1063784770       13.0601972869        0.8846255660  5690477.1097342735        0.0000000000
        346        2.7265019774       13.0461676823        0.7851504357  5610726.5475985585        0.0000000000
        347        2.3454524466       13.0308810322        0.6847154178  5540257.2809200706        0.0000000000
        348        1.9636073765       13.0144457015        0.5834215789  5480645.8970434433        0.0000000000
        349        1.5813474195       12.9965478825        0.4813654233  5430089.9698318383        0.0000000000
        350        1.1989815681       12.9776994217        0.3787122647  5391722.8741193172        0.0000000000
        351        0.8168886021       12.9572657639        0.2755553486  5362234.3846165491        0.0000000000
        352        0.4354412330       12.9360845394        0.1719903259  5347041.1442126678        0.0000000000
        353        0.0549919987       12.9133216127        0.0681293569  5340722.9043159643        0.0000000000
        354        0.3241082003       12.8898997137        0.0359122841  5346136.6890550712        0.0000000000
        355        0.7015096979       12.8650429654        0.1400237043  5361497.9662647126        0.0000000000
        356        1.0769359265       12.8396019552        0.2440298756  5386782.3219225081        0.0000000000
        357        1.4500458789       12.8128142356        0.3478264284  5423909.8544180300        0.0000000000
        358        1.8204896236       12.7839357879        0.4513246083  5468976.8793238970        0.0000000000
        359        2.1879442725       12.7531795897        0.5544116075  5526795.9055335363        0.0000000000
        360        2.5520905191       12.7224315332        0.6569756119  5592072.3859652979        0.0000000000
        361        2.9161063038       12.6876061496        0.7596402298  5666226.7998682586        0.0000000000
        362        3.2705093197       12.6579717048        0.8601810734  5752918.8309961818        0.0000000000
        363        3.6221451943       12.6259156015        0.9602141945  5848261.6708815154        0.0000000000
        364        3.9699688492       12.5925971956        1.0593936039  5952047.9378197091        0.0000000000
        365        4.3131847071       12.5583994843        1.1574857617  6064900.9531154633        0.0000000000
        366        4.6514633577       12.5234081989        1.2543663791  6186090.8890977278        0.0000000000
        367        4.9844170718       12.4880865619        1.3497844038  6314014.2323028101        0.0000000000
        368        5.3120490902       12.4518023607        1.4435136665  6452432.6485417970        0.0000000000
        369        5.6339729419       12.4149518500        1.5356154726  6593503.2820515288        0.0000000000
        370        5.9497307375       12.3781189921        1.6262118172  6745491.2637941577        0.0000000000
        371        6.2587885596       12.3415418334        1.7152950495  6901111.5231449576        0.0000000000
        372        6.5610046038       12.3050195957        1.8027853696  7058708.8664051676        0.0000000000
        373        6.8562390275       12.2687046568        1.8885281192  7223058.0499993525        0.0000000000
        374        7.1443588042       12.2324814843        1.9723464336  7386630.8957807897        0.0000000000
        375        7.4251254286       12.1964383485        2.0540558550  7557017.1950132968        0.0000000000
        376        7.6984672024       12.1606971496        2.1335174007  7728444.2965403078        0.0000000000
        377        7.9642386369       12.1249843997        2.2106287642  7901601.0313418759        0.0000000000
        378        8.2221388791       12.0896872998        2.2853625106  8078520.4790545339        0.0000000000
        379        8.4718257327       12.0549487657        2.3577109360  8252996.0139695965        0.0000000000
        380        8.7131626485       12.0208053836        2.4276274913  8429990.1211847495        0.0000000000
        381        8.9459813015       11.9873866466        2.4950558363  8604985.2411648743        0.0000000000
        382        9.1700327730       11.9547073273        2.5599491470  8778221.0225512851        0.0000000000
        383        9.3851441532       11.9230675265        2.6222268195  8950310.3385764230        0.0000000000
        384        9.5911877817       11.8922937253        2.6818429358  9118491.7901197784        0.0000000000
        385        9.7880108566       11.8626016157        2.7387692691  9283184.3904469851        0.0000000000
        386        9.9753623136       11.8341069233        2.7929821882  9443526.5045788009        0.0000000000
        387       10.1531278635       11.8067569688        2.8444082957  9598358.7637466360        0.0000000000
        388       10.3212100109       11.7808559438        2.8929988316  9748459.2615299616        0.0000000000
        389       10.4794477662       11.7561737660        2.9387763215  9891860.8480560873        0.0000000000
        390       10.6276937445       11.7330132234        2.9816525420 10028655.0304691289        0.0000000000
        391       10.7658003035       11.7114332053        3.0216311009 10156978.6293975394        0.0000000000
        392       10.8936972223       11.6913341100        3.0586823165 10275171.5288296621        0.0000000000
        393       11.0113023107       11.6729384125        3.0927801652 10384585.1046610735        0.0000000000
        394       11.1184697694       11.6562136406        3.1238946102 10483837.7896438669        0.0000000000
        395       11.2150559403       11.6412953460        3.1520414255 10573998.1844997443        0.0000000000
        396       11.3010876742       11.6281614331        3.1771471793 10654045.5658285953        0.0000000000
        397       11.3764647181       11.6168094162        3.1992430345 10724485.9741827957        0.0000000000
        398       11.4410969112       11.6073605873        3.2183188986 10785461.6615059804        0.0000000000
        399       11.4948766518       11.5998432321        3.2343220184 10836057.7413485777        0.0000000000
        400       11.5378405582       11.5943439512        3.2472676827 10877839.2419794500        0.0000000000
        401       11.5699426028       11.5906757463        3.2571559106 10908991.8976213876        0.0000000000
        402       11.5911603071       11.5890341482        3.2639685918 10930989.0245229322        0.0000000000
        403       11.6013362237       11.5894278642        3.2677085094 10942750.4682647400        0.0000000000
        404       11.6013362237       11.5894278824        3.2677085094 10942750.4854773860        0.0000000000
        405       11.6013362237       11.5894278824        3.2677085094 10942750.4854773860        0.0000000000
