\BOOKMARK [1][-]{section.1}{Introduction}{}% 1
\BOOKMARK [1][-]{section.2}{COBRA-TF}{}% 2
\BOOKMARK [2][-]{subsection.2.1}{1-D Single Phase Liquid Conservation Equations}{section.2}% 3
\BOOKMARK [2][-]{subsection.2.2}{Modified Equation Analysis}{section.2}% 4
\BOOKMARK [2][-]{subsection.2.3}{Residual Formulation and Jacobian Construction}{section.2}% 5
\BOOKMARK [1][-]{section.3}{Code Verification}{}% 6
\BOOKMARK [2][-]{subsection.3.1}{Software Quality Assurance}{section.3}% 7
\BOOKMARK [2][-]{subsection.3.2}{Verification Criteria}{section.3}% 8
\BOOKMARK [2][-]{subsection.3.3}{Method of Exact Solutions}{section.3}% 9
\BOOKMARK [1][-]{section.4}{Solution Verification}{}% 10
\BOOKMARK [2][-]{subsection.4.1}{Sources of Numerical Error}{section.4}% 11
\BOOKMARK [1][-]{section.5}{Isokinetic Sine Wave Advection Problem}{}% 12
\BOOKMARK [2][-]{subsection.5.1}{Input Verification}{section.5}% 13
\BOOKMARK [1][-]{section.6}{Verification of All Solution Methods}{}% 14
\BOOKMARK [2][-]{subsection.6.1}{Code Verification}{section.6}% 15
\BOOKMARK [3][-]{subsubsection.6.1.1}{Error Quantification}{subsection.6.1}% 16
\BOOKMARK [2][-]{subsection.6.2}{Convergence of Error}{section.6}% 17
\BOOKMARK [2][-]{subsection.6.3}{Order of Accuracy}{section.6}% 18
\BOOKMARK [1][-]{section.7}{Conclusions}{}% 19
\BOOKMARK [1][-]{section.8}{Acknowledgments}{}% 20
\BOOKMARK [1][-]{section.9}{References}{}% 21
