 Time step information and convergence control
 =============================================

#     Step      Number of         Number of         Time Step         Begin Step
#              Outer Its.  Inner Iterations          Size (s)                (s)



                         new time domain reached

   minimum   maximum    time      long      short   graphics    dump
    time      time     domain     edit      edit      edit
    step      step       end    interval  interval  interval  interval

  1.000E-16 1.000E+02 2.000E+00 1.000E-08 0.000E+00 0.000E+00 1.000E+01


 time step ratio      =  1.000E+03

         1              1                 0     0.1000000E-15      0.0000000E+00  0.1000000E+09  0.0000000E+00  0.0000000E+00  0.0000000E+00
     1     0.000E+00      1   1.000E-16   0.000E+00
         2              1                 0     0.4977691E-02      0.4977691E-02  0.1000000E+09  0.0000000E+00  0.0000000E+00  0.0000000E+00
     2     4.978E-03      1   4.978E-03   0.000E+00
         3              1                 0     0.4977691E-02      0.9955383E-02  0.1000000E+09  0.0000000E+00  0.0000000E+00  0.0000000E+00
     3     9.955E-03      1   4.978E-03   0.000E+00
         4              1                 0     0.4977691E-02      0.1493307E-01  0.1000000E+09  0.0000000E+00  0.0000000E+00  0.0000000E+00
     4     1.493E-02      1   4.978E-03   0.000E+00
         5              1                 0     0.4977692E-02      0.1991077E-01  0.1000000E+09  0.0000000E+00  0.0000000E+00  0.0000000E+00
     5     1.991E-02      1   4.978E-03   0.000E+00
         6              1                 0     0.4977692E-02      0.2488846E-01  0.1000000E+09  0.0000000E+00  0.0000000E+00  0.0000000E+00
     6     2.489E-02      1   4.978E-03   0.000E+00
         7              1                 0     0.4977691E-02      0.2986615E-01  0.1000000E+09  0.0000000E+00  0.0000000E+00  0.0000000E+00
     7     2.987E-02      1   4.978E-03   0.000E+00
         8              1                 0     0.4977690E-02      0.3484384E-01  0.1000000E+09  0.0000000E+00  0.0000000E+00  0.0000000E+00
     8     3.484E-02      1   4.978E-03   0.000E+00
         9              1                 0     0.4977687E-02      0.3982152E-01  0.1000000E+09  0.0000000E+00  0.0000000E+00  0.0000000E+00
     9     3.982E-02      1   4.978E-03   0.000E+00
        10              1                 0     0.4977687E-02      0.4479921E-01  0.1000000E+09  0.0000000E+00  0.0000000E+00  0.0000000E+00
    10     4.480E-02      1   4.978E-03   0.000E+00
        11              1                 0     0.4977686E-02      0.4977690E-01  0.1000000E+09  0.0000000E+00  0.0000000E+00  0.0000000E+00
    11     4.978E-02      1   4.978E-03   0.000E+00
        12              1                 0     0.4977682E-02      0.5475458E-01  0.1000000E+09  0.0000000E+00  0.0000000E+00  0.0000000E+00
    12     5.475E-02      1   4.978E-03   0.000E+00
        13              1                 0     0.4977682E-02      0.5973226E-01  0.1000000E+09  0.0000000E+00  0.0000000E+00  0.0000000E+00
    13     5.973E-02      1   4.978E-03   0.000E+00
        14              1                 0     0.4977679E-02      0.6470994E-01  0.1000000E+09  0.0000000E+00  0.0000000E+00  0.0000000E+00
    14     6.471E-02      1   4.978E-03   0.000E+00
        15              1                 0     0.4977677E-02      0.6968762E-01  0.1000000E+09  0.0000000E+00  0.0000000E+00  0.0000000E+00
    15     6.969E-02      1   4.978E-03   0.000E+00
        16              1                 0     0.4977674E-02      0.7466529E-01  0.1000000E+09  0.0000000E+00  0.0000000E+00  0.0000000E+00
    16     7.467E-02      1   4.978E-03   0.000E+00
        17              1                 0     0.4977672E-02      0.7964296E-01  0.1000000E+09  0.0000000E+00  0.0000000E+00  0.0000000E+00
    17     7.964E-02      1   4.978E-03   0.000E+00
        18              1                 0     0.4977668E-02      0.8462063E-01  0.1000000E+09  0.0000000E+00  0.0000000E+00  0.0000000E+00
    18     8.462E-02      1   4.978E-03   0.000E+00
        19              1                 0     0.4977666E-02      0.8959830E-01  0.1000000E+09  0.0000000E+00  0.0000000E+00  0.0000000E+00
    19     8.960E-02      1   4.978E-03   0.000E+00
        20              1                 0     0.4977663E-02      0.9457596E-01  0.1000000E+09  0.0000000E+00  0.0000000E+00  0.0000000E+00
    20     9.458E-02      1   4.978E-03   0.000E+00
        21              1                 0     0.4977657E-02      0.9955362E-01  0.1000000E+09  0.0000000E+00  0.0000000E+00  0.0000000E+00
    21     9.955E-02      1   4.978E-03   0.000E+00
        22              1                 0     0.4977655E-02      0.1045313E+00  0.1000000E+09  0.0000000E+00  0.0000000E+00  0.0000000E+00
    22     1.045E-01      1   4.978E-03   0.000E+00
        23              1                 0     0.4977652E-02      0.1095089E+00  0.1000000E+09  0.0000000E+00  0.0000000E+00  0.0000000E+00
    23     1.095E-01      1   4.978E-03   0.000E+00
        24              1                 0     0.4977647E-02      0.1144866E+00  0.1000000E+09  0.0000000E+00  0.0000000E+00  0.0000000E+00
    24     1.145E-01      1   4.978E-03   0.000E+00
        25              1                 0     0.4977642E-02      0.1194642E+00  0.1000000E+09  0.0000000E+00  0.0000000E+00  0.0000000E+00
    25     1.195E-01      1   4.978E-03   0.000E+00
        26              1                 0     0.4977637E-02      0.1244418E+00  0.1000000E+09  0.0000000E+00  0.0000000E+00  0.0000000E+00
    26     1.244E-01      1   4.978E-03   0.000E+00
        27              1                 0     0.4977633E-02      0.1294195E+00  0.1000000E+09  0.0000000E+00  0.0000000E+00  0.0000000E+00
    27     1.294E-01      1   4.978E-03   0.000E+00
        28              1                 0     0.4977628E-02      0.1343971E+00  0.1000000E+09  0.0000000E+00  0.0000000E+00  0.0000000E+00
    28     1.344E-01      1   4.978E-03   0.000E+00
        29              1                 0     0.4977623E-02      0.1393747E+00  0.1000000E+09  0.0000000E+00  0.0000000E+00  0.0000000E+00
    29     1.394E-01      1   4.978E-03   0.000E+00
        30              1                 0     0.4977618E-02      0.1443524E+00  0.1000000E+09  0.0000000E+00  0.0000000E+00  0.0000000E+00
    30     1.444E-01      1   4.978E-03   0.000E+00
        31              1                 0     0.4977612E-02      0.1493300E+00  0.1000000E+09  0.0000000E+00  0.0000000E+00  0.0000000E+00
    31     1.493E-01      1   4.978E-03   0.000E+00
        32              1                 0     0.4977607E-02      0.1543076E+00  0.1000000E+09  0.0000000E+00  0.0000000E+00  0.0000000E+00
    32     1.543E-01      1   4.978E-03   0.000E+00
        33              1                 0     0.4977600E-02      0.1592852E+00  0.1000000E+09  0.0000000E+00  0.0000000E+00  0.0000000E+00
    33     1.593E-01      1   4.978E-03   0.000E+00
        34              1                 0     0.4977594E-02      0.1642628E+00  0.1000000E+09  0.0000000E+00  0.0000000E+00  0.0000000E+00
    34     1.643E-01      1   4.978E-03   0.000E+00
        35              1                 0     0.4977588E-02      0.1692404E+00  0.1000000E+09  0.0000000E+00  0.0000000E+00  0.0000000E+00
    35     1.692E-01      1   4.978E-03   0.000E+00
        36              1                 0     0.4977581E-02      0.1742179E+00  0.1000000E+09  0.0000000E+00  0.0000000E+00  0.0000000E+00
    36     1.742E-01      1   4.978E-03   0.000E+00
        37              1                 0     0.4977574E-02      0.1791955E+00  0.1000000E+09  0.0000000E+00  0.0000000E+00  0.0000000E+00
    37     1.792E-01      1   4.978E-03   0.000E+00
        38              1                 0     0.4977566E-02      0.1841731E+00  0.1000000E+09  0.0000000E+00  0.0000000E+00  0.0000000E+00
    38     1.842E-01      1   4.978E-03   0.000E+00
        39              1                 0     0.4977559E-02      0.1891506E+00  0.1000000E+09  0.0000000E+00  0.0000000E+00  0.0000000E+00
    39     1.892E-01      1   4.978E-03   0.000E+00
        40              1                 0     0.4977553E-02      0.1941282E+00  0.1000000E+09  0.0000000E+00  0.0000000E+00  0.0000000E+00
    40     1.941E-01      1   4.978E-03   0.000E+00
        41              1                 0     0.4977547E-02      0.1991057E+00  0.1000000E+09  0.0000000E+00  0.0000000E+00  0.0000000E+00
    41     1.991E-01      1   4.978E-03   0.000E+00
        42              1                 0     0.4977540E-02      0.2040833E+00  0.1000000E+09  0.0000000E+00  0.0000000E+00  0.0000000E+00
    42     2.041E-01      1   4.978E-03   0.000E+00
        43              1                 0     0.4977532E-02      0.2090608E+00  0.1000000E+09  0.0000000E+00  0.0000000E+00  0.0000000E+00
    43     2.091E-01      1   4.978E-03   0.000E+00
        44              1                 0     0.4977524E-02      0.2140383E+00  0.1000000E+09  0.0000000E+00  0.0000000E+00  0.0000000E+00
    44     2.140E-01      1   4.978E-03   0.000E+00
        45              1                 0     0.4977515E-02      0.2190158E+00  0.1000000E+09  0.0000000E+00  0.0000000E+00  0.0000000E+00
    45     2.190E-01      1   4.978E-03   0.000E+00
        46              1                 0     0.4977509E-02      0.2239934E+00  0.1000000E+09  0.0000000E+00  0.0000000E+00  0.0000000E+00
    46     2.240E-01      1   4.978E-03   0.000E+00
        47              1                 0     0.4977502E-02      0.2289709E+00  0.1000000E+09  0.0000000E+00  0.0000000E+00  0.0000000E+00
    47     2.290E-01      1   4.978E-03   0.000E+00
        48              1                 0     0.4977495E-02      0.2339483E+00  0.1000000E+09  0.0000000E+00  0.0000000E+00  0.0000000E+00
    48     2.339E-01      1   4.977E-03   0.000E+00
        49              1                 0     0.4977486E-02      0.2389258E+00  0.1000000E+09  0.0000000E+00  0.0000000E+00  0.0000000E+00
    49     2.389E-01      1   4.977E-03   0.000E+00
        50              1                 0     0.4977478E-02      0.2439033E+00  0.1000000E+09  0.0000000E+00  0.0000000E+00  0.0000000E+00
    50     2.439E-01      1   4.977E-03   0.000E+00
        51              1                 0     0.4977470E-02      0.2488808E+00  0.1000000E+09  0.0000000E+00  0.0000000E+00  0.0000000E+00
    51     2.489E-01      1   4.977E-03   0.000E+00
        52              1                 0     0.4977464E-02      0.2538582E+00  0.1000000E+09  0.0000000E+00  0.0000000E+00  0.0000000E+00
    52     2.539E-01      1   4.977E-03   0.000E+00
        53              1                 0     0.4977457E-02      0.2588357E+00  0.1000000E+09  0.0000000E+00  0.0000000E+00  0.0000000E+00
    53     2.588E-01      1   4.977E-03   0.000E+00
        54              1                 0     0.4977450E-02      0.2638132E+00  0.1000000E+09  0.0000000E+00  0.0000000E+00  0.0000000E+00
    54     2.638E-01      1   4.977E-03   0.000E+00
        55              1                 0     0.4977442E-02      0.2687906E+00  0.1000000E+09  0.0000000E+00  0.0000000E+00  0.0000000E+00
    55     2.688E-01      1   4.977E-03   0.000E+00
        56              1                 0     0.4977433E-02      0.2737680E+00  0.1000000E+09  0.0000000E+00  0.0000000E+00  0.0000000E+00
    56     2.738E-01      1   4.977E-03   0.000E+00
        57              1                 0     0.4977427E-02      0.2787455E+00  0.1000000E+09  0.0000000E+00  0.0000000E+00  0.0000000E+00
    57     2.787E-01      1   4.977E-03   0.000E+00
        58              1                 0     0.4977422E-02      0.2837229E+00  0.1000000E+09  0.0000000E+00  0.0000000E+00  0.0000000E+00
    58     2.837E-01      1   4.977E-03   0.000E+00
        59              1                 0     0.4977416E-02      0.2887003E+00  0.1000000E+09  0.0000000E+00  0.0000000E+00  0.0000000E+00
    59     2.887E-01      1   4.977E-03   0.000E+00
        60              1                 0     0.4977410E-02      0.2936777E+00  0.1000000E+09  0.0000000E+00  0.0000000E+00  0.0000000E+00
    60     2.937E-01      1   4.977E-03   0.000E+00
        61              1                 0     0.4977404E-02      0.2986551E+00  0.1000000E+09  0.0000000E+00  0.0000000E+00  0.0000000E+00
    61     2.987E-01      1   4.977E-03   0.000E+00
        62              1                 0     0.4977398E-02      0.3036325E+00  0.1000000E+09  0.0000000E+00  0.0000000E+00  0.0000000E+00
    62     3.036E-01      1   4.977E-03   0.000E+00
        63              1                 0     0.4977393E-02      0.3086099E+00  0.1000000E+09  0.0000000E+00  0.0000000E+00  0.0000000E+00
    63     3.086E-01      1   4.977E-03   0.000E+00
        64              1                 0     0.4977387E-02      0.3135873E+00  0.1000000E+09  0.0000000E+00  0.0000000E+00  0.0000000E+00
    64     3.136E-01      1   4.977E-03   0.000E+00
        65              1                 0     0.4977382E-02      0.3185647E+00  0.1000000E+09  0.0000000E+00  0.0000000E+00  0.0000000E+00
    65     3.186E-01      1   4.977E-03   0.000E+00
        66              1                 0     0.4977377E-02      0.3235420E+00  0.1000000E+09  0.0000000E+00  0.0000000E+00  0.0000000E+00
    66     3.235E-01      1   4.977E-03   0.000E+00
        67              1                 0     0.4977373E-02      0.3285194E+00  0.1000000E+09  0.0000000E+00  0.0000000E+00  0.0000000E+00
    67     3.285E-01      1   4.977E-03   0.000E+00
        68              1                 0     0.4977370E-02      0.3334968E+00  0.1000000E+09  0.0000000E+00  0.0000000E+00  0.0000000E+00
    68     3.335E-01      1   4.977E-03   0.000E+00
        69              1                 0     0.4977367E-02      0.3384742E+00  0.1000000E+09  0.0000000E+00  0.0000000E+00  0.0000000E+00
    69     3.385E-01      1   4.977E-03   0.000E+00
        70              1                 0     0.4977365E-02      0.3434515E+00  0.1000000E+09  0.0000000E+00  0.0000000E+00  0.0000000E+00
    70     3.435E-01      1   4.977E-03   0.000E+00
        71              1                 0     0.4977363E-02      0.3484289E+00  0.1000000E+09  0.0000000E+00  0.0000000E+00  0.0000000E+00
    71     3.484E-01      1   4.977E-03   0.000E+00
        72              1                 0     0.4977362E-02      0.3534062E+00  0.1000000E+09  0.0000000E+00  0.0000000E+00  0.0000000E+00
    72     3.534E-01      1   4.977E-03   0.000E+00
        73              1                 0     0.4977361E-02      0.3583836E+00  0.1000000E+09  0.0000000E+00  0.0000000E+00  0.0000000E+00
    73     3.584E-01      1   4.977E-03   0.000E+00
        74              1                 0     0.4977360E-02      0.3633610E+00  0.1000000E+09  0.0000000E+00  0.0000000E+00  0.0000000E+00
    74     3.634E-01      1   4.977E-03   0.000E+00
        75              1                 0     0.4977358E-02      0.3683383E+00  0.1000000E+09  0.0000000E+00  0.0000000E+00  0.0000000E+00
    75     3.683E-01      1   4.977E-03   0.000E+00
        76              1                 0     0.4977355E-02      0.3733157E+00  0.1000000E+09  0.0000000E+00  0.0000000E+00  0.0000000E+00
    76     3.733E-01      1   4.977E-03   0.000E+00
        77              1                 0     0.4977356E-02      0.3782930E+00  0.1000000E+09  0.0000000E+00  0.0000000E+00  0.0000000E+00
    77     3.783E-01      1   4.977E-03   0.000E+00
        78              1                 0     0.4977359E-02      0.3832704E+00  0.1000000E+09  0.0000000E+00  0.0000000E+00  0.0000000E+00
    78     3.833E-01      1   4.977E-03   0.000E+00
        79              1                 0     0.4977360E-02      0.3882478E+00  0.1000000E+09  0.0000000E+00  0.0000000E+00  0.0000000E+00
    79     3.882E-01      1   4.977E-03   0.000E+00
        80              1                 0     0.4977357E-02      0.3932251E+00  0.1000000E+09  0.0000000E+00  0.0000000E+00  0.0000000E+00
    80     3.932E-01      1   4.977E-03   0.000E+00
        81              1                 0     0.4977361E-02      0.3982025E+00  0.1000000E+09  0.0000000E+00  0.0000000E+00  0.0000000E+00
    81     3.982E-01      1   4.977E-03   0.000E+00
        82              1                 0     0.4977364E-02      0.4031798E+00  0.1000000E+09  0.0000000E+00  0.0000000E+00  0.0000000E+00
    82     4.032E-01      1   4.977E-03   0.000E+00
        83              1                 0     0.4977361E-02      0.4081572E+00  0.1000000E+09  0.0000000E+00  0.0000000E+00  0.0000000E+00
    83     4.082E-01      1   4.977E-03   0.000E+00
        84              1                 0     0.4977368E-02      0.4131346E+00  0.1000000E+09  0.0000000E+00  0.0000000E+00  0.0000000E+00
    84     4.131E-01      1   4.977E-03   0.000E+00
        85              1                 0     0.4977368E-02      0.4181119E+00  0.1000000E+09  0.0000000E+00  0.0000000E+00  0.0000000E+00
    85     4.181E-01      1   4.977E-03   0.000E+00
        86              1                 0     0.4977372E-02      0.4230893E+00  0.1000000E+09  0.0000000E+00  0.0000000E+00  0.0000000E+00
    86     4.231E-01      1   4.977E-03   0.000E+00
        87              1                 0     0.4977373E-02      0.4280667E+00  0.1000000E+09  0.0000000E+00  0.0000000E+00  0.0000000E+00
    87     4.281E-01      1   4.977E-03   0.000E+00
        88              1                 0     0.4977377E-02      0.4330441E+00  0.1000000E+09  0.0000000E+00  0.0000000E+00  0.0000000E+00
    88     4.330E-01      1   4.977E-03   0.000E+00
        89              1                 0     0.4977377E-02      0.4380214E+00  0.1000000E+09  0.0000000E+00  0.0000000E+00  0.0000000E+00
    89     4.380E-01      1   4.977E-03   0.000E+00
        90              1                 0     0.4977381E-02      0.4429988E+00  0.1000000E+09  0.0000000E+00  0.0000000E+00  0.0000000E+00
    90     4.430E-01      1   4.977E-03   0.000E+00
        91              1                 0     0.4977382E-02      0.4479762E+00  0.1000000E+09  0.0000000E+00  0.0000000E+00  0.0000000E+00
    91     4.480E-01      1   4.977E-03   0.000E+00
        92              1                 0     0.4977385E-02      0.4529536E+00  0.1000000E+09  0.0000000E+00  0.0000000E+00  0.0000000E+00
    92     4.530E-01      1   4.977E-03   0.000E+00
        93              1                 0     0.4977389E-02      0.4579310E+00  0.1000000E+09  0.0000000E+00  0.0000000E+00  0.0000000E+00
    93     4.579E-01      1   4.977E-03   0.000E+00
        94              1                 0     0.4977390E-02      0.4629084E+00  0.1000000E+09  0.0000000E+00  0.0000000E+00  0.0000000E+00
    94     4.629E-01      1   4.977E-03   0.000E+00
        95              1                 0     0.4977391E-02      0.4678858E+00  0.1000000E+09  0.0000000E+00  0.0000000E+00  0.0000000E+00
    95     4.679E-01      1   4.977E-03   0.000E+00
        96              1                 0     0.4977393E-02      0.4728631E+00  0.1000000E+09  0.0000000E+00  0.0000000E+00  0.0000000E+00
    96     4.729E-01      1   4.977E-03   0.000E+00
        97              1                 0     0.4977397E-02      0.4778405E+00  0.1000000E+09  0.0000000E+00  0.0000000E+00  0.0000000E+00
    97     4.778E-01      1   4.977E-03   0.000E+00
        98              1                 0     0.4977399E-02      0.4828179E+00  0.1000000E+09  0.0000000E+00  0.0000000E+00  0.0000000E+00
    98     4.828E-01      1   4.977E-03   0.000E+00
        99              1                 0     0.4977399E-02      0.4877953E+00  0.1000000E+09  0.0000000E+00  0.0000000E+00  0.0000000E+00
    99     4.878E-01      1   4.977E-03   0.000E+00
       100              1                 0     0.4977398E-02      0.4927727E+00  0.1000000E+09  0.0000000E+00  0.0000000E+00  0.0000000E+00
   100     4.928E-01      1   4.977E-03   0.000E+00
       101              1                 0     0.4977397E-02      0.4977501E+00  0.1000000E+09  0.0000000E+00  0.0000000E+00  0.0000000E+00
   101     4.978E-01      1   4.977E-03   0.000E+00
       102              1                 0     0.4977397E-02      0.5027275E+00  0.1000000E+09  0.0000000E+00  0.0000000E+00  0.0000000E+00
   102     5.027E-01      1   4.977E-03   0.000E+00
       103              1                 0     0.4977397E-02      0.5077049E+00  0.1000000E+09  0.0000000E+00  0.0000000E+00  0.0000000E+00
   103     5.077E-01      1   4.977E-03   0.000E+00
       104              1                 0     0.4977397E-02      0.5126823E+00  0.1000000E+09  0.0000000E+00  0.0000000E+00  0.0000000E+00
   104     5.127E-01      1   4.977E-03   0.000E+00
       105              1                 0     0.4977397E-02      0.5176597E+00  0.1000000E+09  0.0000000E+00  0.0000000E+00  0.0000000E+00
   105     5.177E-01      1   4.977E-03   0.000E+00
       106              1                 0     0.4977398E-02      0.5226371E+00  0.1000000E+09  0.0000000E+00  0.0000000E+00  0.0000000E+00
   106     5.226E-01      1   4.977E-03   0.000E+00
       107              1                 0     0.4977399E-02      0.5276145E+00  0.1000000E+09  0.0000000E+00  0.0000000E+00  0.0000000E+00
   107     5.276E-01      1   4.977E-03   0.000E+00
       108              1                 0     0.4977398E-02      0.5325919E+00  0.1000000E+09  0.0000000E+00  0.0000000E+00  0.0000000E+00
   108     5.326E-01      1   4.977E-03   0.000E+00
       109              1                 0     0.4977396E-02      0.5375693E+00  0.1000000E+09  0.0000000E+00  0.0000000E+00  0.0000000E+00
   109     5.376E-01      1   4.977E-03   0.000E+00
       110              1                 0     0.4977391E-02      0.5425467E+00  0.1000000E+09  0.0000000E+00  0.0000000E+00  0.0000000E+00
   110     5.425E-01      1   4.977E-03   0.000E+00
       111              1                 0     0.4977390E-02      0.5475241E+00  0.1000000E+09  0.0000000E+00  0.0000000E+00  0.0000000E+00
   111     5.475E-01      1   4.977E-03   0.000E+00
       112              1                 0     0.4977390E-02      0.5525015E+00  0.1000000E+09  0.0000000E+00  0.0000000E+00  0.0000000E+00
   112     5.525E-01      1   4.977E-03   0.000E+00
       113              1                 0     0.4977386E-02      0.5574789E+00  0.1000000E+09  0.0000000E+00  0.0000000E+00  0.0000000E+00
   113     5.575E-01      1   4.977E-03   0.000E+00
       114              1                 0     0.4977382E-02      0.5624563E+00  0.1000000E+09  0.0000000E+00  0.0000000E+00  0.0000000E+00
   114     5.625E-01      1   4.977E-03   0.000E+00
       115              1                 0     0.4977383E-02      0.5674336E+00  0.1000000E+09  0.0000000E+00  0.0000000E+00  0.0000000E+00
   115     5.674E-01      1   4.977E-03   0.000E+00
       116              1                 0     0.4977376E-02      0.5724110E+00  0.1000000E+09  0.0000000E+00  0.0000000E+00  0.0000000E+00
   116     5.724E-01      1   4.977E-03   0.000E+00
       117              1                 0     0.4977377E-02      0.5773884E+00  0.1000000E+09  0.0000000E+00  0.0000000E+00  0.0000000E+00
   117     5.774E-01      1   4.977E-03   0.000E+00
       118              1                 0     0.4977372E-02      0.5823658E+00  0.1000000E+09  0.0000000E+00  0.0000000E+00  0.0000000E+00
   118     5.824E-01      1   4.977E-03   0.000E+00
       119              1                 0     0.4977372E-02      0.5873431E+00  0.1000000E+09  0.0000000E+00  0.0000000E+00  0.0000000E+00
   119     5.873E-01      1   4.977E-03   0.000E+00
       120              1                 0     0.4977367E-02      0.5923205E+00  0.1000000E+09  0.0000000E+00  0.0000000E+00  0.0000000E+00
   120     5.923E-01      1   4.977E-03   0.000E+00
       121              1                 0     0.4977368E-02      0.5972979E+00  0.1000000E+09  0.0000000E+00  0.0000000E+00  0.0000000E+00
   121     5.973E-01      1   4.977E-03   0.000E+00
       122              1                 0     0.4977362E-02      0.6022752E+00  0.1000000E+09  0.0000000E+00  0.0000000E+00  0.0000000E+00
   122     6.023E-01      1   4.977E-03   0.000E+00
       123              1                 0     0.4977363E-02      0.6072526E+00  0.1000000E+09  0.0000000E+00  0.0000000E+00  0.0000000E+00
   123     6.073E-01      1   4.977E-03   0.000E+00
       124              1                 0     0.4977362E-02      0.6122300E+00  0.1000000E+09  0.0000000E+00  0.0000000E+00  0.0000000E+00
   124     6.122E-01      1   4.977E-03   0.000E+00
       125              1                 0     0.4977356E-02      0.6172073E+00  0.1000000E+09  0.0000000E+00  0.0000000E+00  0.0000000E+00
   125     6.172E-01      1   4.977E-03   0.000E+00
       126              1                 0     0.4977359E-02      0.6221847E+00  0.1000000E+09  0.0000000E+00  0.0000000E+00  0.0000000E+00
   126     6.222E-01      1   4.977E-03   0.000E+00
       127              1                 0     0.4977359E-02      0.6271620E+00  0.1000000E+09  0.0000000E+00  0.0000000E+00  0.0000000E+00
   127     6.272E-01      1   4.977E-03   0.000E+00
       128              1                 0     0.4977357E-02      0.6321394E+00  0.1000000E+09  0.0000000E+00  0.0000000E+00  0.0000000E+00
   128     6.321E-01      1   4.977E-03   0.000E+00
       129              1                 0     0.4977354E-02      0.6371167E+00  0.1000000E+09  0.0000000E+00  0.0000000E+00  0.0000000E+00
   129     6.371E-01      1   4.977E-03   0.000E+00
       130              1                 0     0.4977357E-02      0.6420941E+00  0.1000000E+09  0.0000000E+00  0.0000000E+00  0.0000000E+00
   130     6.421E-01      1   4.977E-03   0.000E+00
       131              1                 0     0.4977360E-02      0.6470715E+00  0.1000000E+09  0.0000000E+00  0.0000000E+00  0.0000000E+00
   131     6.471E-01      1   4.977E-03   0.000E+00
       132              1                 0     0.4977361E-02      0.6520488E+00  0.1000000E+09  0.0000000E+00  0.0000000E+00  0.0000000E+00
   132     6.520E-01      1   4.977E-03   0.000E+00
       133              1                 0     0.4977363E-02      0.6570262E+00  0.1000000E+09  0.0000000E+00  0.0000000E+00  0.0000000E+00
   133     6.570E-01      1   4.977E-03   0.000E+00
       134              1                 0     0.4977364E-02      0.6620035E+00  0.1000000E+09  0.0000000E+00  0.0000000E+00  0.0000000E+00
   134     6.620E-01      1   4.977E-03   0.000E+00
       135              1                 0     0.4977366E-02      0.6669809E+00  0.1000000E+09  0.0000000E+00  0.0000000E+00  0.0000000E+00
   135     6.670E-01      1   4.977E-03   0.000E+00
       136              1                 0     0.4977368E-02      0.6719583E+00  0.1000000E+09  0.0000000E+00  0.0000000E+00  0.0000000E+00
   136     6.720E-01      1   4.977E-03   0.000E+00
       137              1                 0     0.4977371E-02      0.6769357E+00  0.1000000E+09  0.0000000E+00  0.0000000E+00  0.0000000E+00
   137     6.769E-01      1   4.977E-03   0.000E+00
       138              1                 0     0.4977375E-02      0.6819130E+00  0.1000000E+09  0.0000000E+00  0.0000000E+00  0.0000000E+00
   138     6.819E-01      1   4.977E-03   0.000E+00
       139              1                 0     0.4977379E-02      0.6868904E+00  0.1000000E+09  0.0000000E+00  0.0000000E+00  0.0000000E+00
   139     6.869E-01      1   4.977E-03   0.000E+00
       140              1                 0     0.4977383E-02      0.6918678E+00  0.1000000E+09  0.0000000E+00  0.0000000E+00  0.0000000E+00
   140     6.919E-01      1   4.977E-03   0.000E+00
       141              1                 0     0.4977389E-02      0.6968452E+00  0.1000000E+09  0.0000000E+00  0.0000000E+00  0.0000000E+00
   141     6.968E-01      1   4.977E-03   0.000E+00
       142              1                 0     0.4977394E-02      0.7018226E+00  0.1000000E+09  0.0000000E+00  0.0000000E+00  0.0000000E+00
   142     7.018E-01      1   4.977E-03   0.000E+00
       143              1                 0     0.4977399E-02      0.7068000E+00  0.1000000E+09  0.0000000E+00  0.0000000E+00  0.0000000E+00
   143     7.068E-01      1   4.977E-03   0.000E+00
       144              1                 0     0.4977405E-02      0.7117774E+00  0.1000000E+09  0.0000000E+00  0.0000000E+00  0.0000000E+00
   144     7.118E-01      1   4.977E-03   0.000E+00
       145              1                 0     0.4977411E-02      0.7167548E+00  0.1000000E+09  0.0000000E+00  0.0000000E+00  0.0000000E+00
   145     7.168E-01      1   4.977E-03   0.000E+00
       146              1                 0     0.4977416E-02      0.7217322E+00  0.1000000E+09  0.0000000E+00  0.0000000E+00  0.0000000E+00
   146     7.217E-01      1   4.977E-03   0.000E+00
       147              1                 0     0.4977422E-02      0.7267096E+00  0.1000000E+09  0.0000000E+00  0.0000000E+00  0.0000000E+00
   147     7.267E-01      1   4.977E-03   0.000E+00
       148              1                 0     0.4977427E-02      0.7316871E+00  0.1000000E+09  0.0000000E+00  0.0000000E+00  0.0000000E+00
   148     7.317E-01      1   4.977E-03   0.000E+00
       149              1                 0     0.4977435E-02      0.7366645E+00  0.1000000E+09  0.0000000E+00  0.0000000E+00  0.0000000E+00
   149     7.367E-01      1   4.977E-03   0.000E+00
       150              1                 0     0.4977443E-02      0.7416419E+00  0.1000000E+09  0.0000000E+00  0.0000000E+00  0.0000000E+00
   150     7.416E-01      1   4.977E-03   0.000E+00
       151              1                 0     0.4977451E-02      0.7466194E+00  0.1000000E+09  0.0000000E+00  0.0000000E+00  0.0000000E+00
   151     7.466E-01      1   4.977E-03   0.000E+00
       152              1                 0     0.4977458E-02      0.7515968E+00  0.1000000E+09  0.0000000E+00  0.0000000E+00  0.0000000E+00
   152     7.516E-01      1   4.977E-03   0.000E+00
       153              1                 0     0.4977464E-02      0.7565743E+00  0.1000000E+09  0.0000000E+00  0.0000000E+00  0.0000000E+00
   153     7.566E-01      1   4.977E-03   0.000E+00
       154              1                 0     0.4977470E-02      0.7615518E+00  0.1000000E+09  0.0000000E+00  0.0000000E+00  0.0000000E+00
   154     7.616E-01      1   4.977E-03   0.000E+00
       155              1                 0     0.4977479E-02      0.7665293E+00  0.1000000E+09  0.0000000E+00  0.0000000E+00  0.0000000E+00
   155     7.665E-01      1   4.977E-03   0.000E+00
       156              1                 0     0.4977488E-02      0.7715067E+00  0.1000000E+09  0.0000000E+00  0.0000000E+00  0.0000000E+00
   156     7.715E-01      1   4.977E-03   0.000E+00
       157              1                 0     0.4977495E-02      0.7764842E+00  0.1000000E+09  0.0000000E+00  0.0000000E+00  0.0000000E+00
   157     7.765E-01      1   4.977E-03   0.000E+00
       158              1                 0     0.4977502E-02      0.7814617E+00  0.1000000E+09  0.0000000E+00  0.0000000E+00  0.0000000E+00
   158     7.815E-01      1   4.978E-03   0.000E+00
       159              1                 0     0.4977508E-02      0.7864392E+00  0.1000000E+09  0.0000000E+00  0.0000000E+00  0.0000000E+00
   159     7.864E-01      1   4.978E-03   0.000E+00
       160              1                 0     0.4977517E-02      0.7914168E+00  0.1000000E+09  0.0000000E+00  0.0000000E+00  0.0000000E+00
   160     7.914E-01      1   4.978E-03   0.000E+00
       161              1                 0     0.4977525E-02      0.7963943E+00  0.1000000E+09  0.0000000E+00  0.0000000E+00  0.0000000E+00
   161     7.964E-01      1   4.978E-03   0.000E+00
       162              1                 0     0.4977533E-02      0.8013718E+00  0.1000000E+09  0.0000000E+00  0.0000000E+00  0.0000000E+00
   162     8.014E-01      1   4.978E-03   0.000E+00
       163              1                 0     0.4977540E-02      0.8063494E+00  0.1000000E+09  0.0000000E+00  0.0000000E+00  0.0000000E+00
   163     8.063E-01      1   4.978E-03   0.000E+00
       164              1                 0     0.4977547E-02      0.8113269E+00  0.1000000E+09  0.0000000E+00  0.0000000E+00  0.0000000E+00
   164     8.113E-01      1   4.978E-03   0.000E+00
       165              1                 0     0.4977553E-02      0.8163045E+00  0.1000000E+09  0.0000000E+00  0.0000000E+00  0.0000000E+00
   165     8.163E-01      1   4.978E-03   0.000E+00
       166              1                 0     0.4977560E-02      0.8212820E+00  0.1000000E+09  0.0000000E+00  0.0000000E+00  0.0000000E+00
   166     8.213E-01      1   4.978E-03   0.000E+00
       167              1                 0     0.4977568E-02      0.8262596E+00  0.1000000E+09  0.0000000E+00  0.0000000E+00  0.0000000E+00
   167     8.263E-01      1   4.978E-03   0.000E+00
       168              1                 0     0.4977575E-02      0.8312372E+00  0.1000000E+09  0.0000000E+00  0.0000000E+00  0.0000000E+00
   168     8.312E-01      1   4.978E-03   0.000E+00
       169              1                 0     0.4977582E-02      0.8362147E+00  0.1000000E+09  0.0000000E+00  0.0000000E+00  0.0000000E+00
   169     8.362E-01      1   4.978E-03   0.000E+00
       170              1                 0     0.4977589E-02      0.8411923E+00  0.1000000E+09  0.0000000E+00  0.0000000E+00  0.0000000E+00
   170     8.412E-01      1   4.978E-03   0.000E+00
       171              1                 0     0.4977595E-02      0.8461699E+00  0.1000000E+09  0.0000000E+00  0.0000000E+00  0.0000000E+00
   171     8.462E-01      1   4.978E-03   0.000E+00
       172              1                 0     0.4977601E-02      0.8511475E+00  0.1000000E+09  0.0000000E+00  0.0000000E+00  0.0000000E+00
   172     8.511E-01      1   4.978E-03   0.000E+00
       173              1                 0     0.4977607E-02      0.8561251E+00  0.1000000E+09  0.0000000E+00  0.0000000E+00  0.0000000E+00
   173     8.561E-01      1   4.978E-03   0.000E+00
       174              1                 0     0.4977613E-02      0.8611028E+00  0.1000000E+09  0.0000000E+00  0.0000000E+00  0.0000000E+00
   174     8.611E-01      1   4.978E-03   0.000E+00
       175              1                 0     0.4977618E-02      0.8660804E+00  0.1000000E+09  0.0000000E+00  0.0000000E+00  0.0000000E+00
   175     8.661E-01      1   4.978E-03   0.000E+00
       176              1                 0     0.4977624E-02      0.8710580E+00  0.1000000E+09  0.0000000E+00  0.0000000E+00  0.0000000E+00
   176     8.711E-01      1   4.978E-03   0.000E+00
       177              1                 0     0.4977629E-02      0.8760356E+00  0.1000000E+09  0.0000000E+00  0.0000000E+00  0.0000000E+00
   177     8.760E-01      1   4.978E-03   0.000E+00
       178              1                 0     0.4977634E-02      0.8810133E+00  0.1000000E+09  0.0000000E+00  0.0000000E+00  0.0000000E+00
   178     8.810E-01      1   4.978E-03   0.000E+00
       179              1                 0     0.4977638E-02      0.8859909E+00  0.1000000E+09  0.0000000E+00  0.0000000E+00  0.0000000E+00
   179     8.860E-01      1   4.978E-03   0.000E+00
       180              1                 0     0.4977641E-02      0.8909685E+00  0.1000000E+09  0.0000000E+00  0.0000000E+00  0.0000000E+00
   180     8.910E-01      1   4.978E-03   0.000E+00
       181              1                 0     0.4977647E-02      0.8959462E+00  0.1000000E+09  0.0000000E+00  0.0000000E+00  0.0000000E+00
   181     8.959E-01      1   4.978E-03   0.000E+00
       182              1                 0     0.4977652E-02      0.9009238E+00  0.1000000E+09  0.0000000E+00  0.0000000E+00  0.0000000E+00
   182     9.009E-01      1   4.978E-03   0.000E+00
       183              1                 0     0.4977656E-02      0.9059015E+00  0.1000000E+09  0.0000000E+00  0.0000000E+00  0.0000000E+00
   183     9.059E-01      1   4.978E-03   0.000E+00
       184              1                 0     0.4977658E-02      0.9108791E+00  0.1000000E+09  0.0000000E+00  0.0000000E+00  0.0000000E+00
   184     9.109E-01      1   4.978E-03   0.000E+00
       185              1                 0     0.4977662E-02      0.9158568E+00  0.1000000E+09  0.0000000E+00  0.0000000E+00  0.0000000E+00
   185     9.159E-01      1   4.978E-03   0.000E+00
       186              1                 0     0.4977666E-02      0.9208345E+00  0.1000000E+09  0.0000000E+00  0.0000000E+00  0.0000000E+00
   186     9.208E-01      1   4.978E-03   0.000E+00
       187              1                 0     0.4977668E-02      0.9258121E+00  0.1000000E+09  0.0000000E+00  0.0000000E+00  0.0000000E+00
   187     9.258E-01      1   4.978E-03   0.000E+00
       188              1                 0     0.4977671E-02      0.9307898E+00  0.1000000E+09  0.0000000E+00  0.0000000E+00  0.0000000E+00
   188     9.308E-01      1   4.978E-03   0.000E+00
       189              1                 0     0.4977674E-02      0.9357675E+00  0.1000000E+09  0.0000000E+00  0.0000000E+00  0.0000000E+00
   189     9.358E-01      1   4.978E-03   0.000E+00
       190              1                 0     0.4977677E-02      0.9407452E+00  0.1000000E+09  0.0000000E+00  0.0000000E+00  0.0000000E+00
   190     9.407E-01      1   4.978E-03   0.000E+00
       191              1                 0     0.4977679E-02      0.9457228E+00  0.1000000E+09  0.0000000E+00  0.0000000E+00  0.0000000E+00
   191     9.457E-01      1   4.978E-03   0.000E+00
       192              1                 0     0.4977681E-02      0.9507005E+00  0.1000000E+09  0.0000000E+00  0.0000000E+00  0.0000000E+00
   192     9.507E-01      1   4.978E-03   0.000E+00
       193              1                 0     0.4977683E-02      0.9556782E+00  0.1000000E+09  0.0000000E+00  0.0000000E+00  0.0000000E+00
   193     9.557E-01      1   4.978E-03   0.000E+00
       194              1                 0     0.4977684E-02      0.9606559E+00  0.1000000E+09  0.0000000E+00  0.0000000E+00  0.0000000E+00
   194     9.607E-01      1   4.978E-03   0.000E+00
       195              1                 0     0.4977687E-02      0.9656336E+00  0.1000000E+09  0.0000000E+00  0.0000000E+00  0.0000000E+00
   195     9.656E-01      1   4.978E-03   0.000E+00
       196              1                 0     0.4977687E-02      0.9706113E+00  0.1000000E+09  0.0000000E+00  0.0000000E+00  0.0000000E+00
   196     9.706E-01      1   4.978E-03   0.000E+00
       197              1                 0     0.4977688E-02      0.9755890E+00  0.1000000E+09  0.0000000E+00  0.0000000E+00  0.0000000E+00
   197     9.756E-01      1   4.978E-03   0.000E+00
       198              1                 0     0.4977690E-02      0.9805666E+00  0.1000000E+09  0.0000000E+00  0.0000000E+00  0.0000000E+00
   198     9.806E-01      1   4.978E-03   0.000E+00
       199              1                 0     0.4977691E-02      0.9855443E+00  0.1000000E+09  0.0000000E+00  0.0000000E+00  0.0000000E+00
   199     9.855E-01      1   4.978E-03   0.000E+00
       200              1                 0     0.4977692E-02      0.9905220E+00  0.1000000E+09  0.0000000E+00  0.0000000E+00  0.0000000E+00
   200     9.905E-01      1   4.978E-03   0.000E+00
       201              1                 0     0.4977692E-02      0.9954997E+00  0.1000000E+09  0.0000000E+00  0.0000000E+00  0.0000000E+00
   201     9.955E-01      1   4.978E-03   0.000E+00
       202              1                 0     0.4977691E-02      0.1000477E+01  0.1000000E+09  0.0000000E+00  0.0000000E+00  0.0000000E+00
   202     1.000E+00      1   4.978E-03   0.000E+00
       203              1                 0     0.4977691E-02      0.1005455E+01  0.1000000E+09  0.0000000E+00  0.0000000E+00  0.0000000E+00
   203     1.005E+00      1   4.978E-03   0.000E+00
       204              1                 0     0.4977691E-02      0.1010433E+01  0.1000000E+09  0.0000000E+00  0.0000000E+00  0.0000000E+00
   204     1.010E+00      1   4.978E-03   0.000E+00
       205              1                 0     0.4977691E-02      0.1015410E+01  0.1000000E+09  0.0000000E+00  0.0000000E+00  0.0000000E+00
   205     1.015E+00      1   4.978E-03   0.000E+00
       206              1                 0     0.4977692E-02      0.1020388E+01  0.1000000E+09  0.0000000E+00  0.0000000E+00  0.0000000E+00
   206     1.020E+00      1   4.978E-03   0.000E+00
       207              1                 0     0.4977692E-02      0.1025366E+01  0.1000000E+09  0.0000000E+00  0.0000000E+00  0.0000000E+00
   207     1.025E+00      1   4.978E-03   0.000E+00
       208              1                 0     0.4977691E-02      0.1030344E+01  0.1000000E+09  0.0000000E+00  0.0000000E+00  0.0000000E+00
   208     1.030E+00      1   4.978E-03   0.000E+00
       209              1                 0     0.4977689E-02      0.1035321E+01  0.1000000E+09  0.0000000E+00  0.0000000E+00  0.0000000E+00
   209     1.035E+00      1   4.978E-03   0.000E+00
       210              1                 0     0.4977687E-02      0.1040299E+01  0.1000000E+09  0.0000000E+00  0.0000000E+00  0.0000000E+00
   210     1.040E+00      1   4.978E-03   0.000E+00
       211              1                 0     0.4977687E-02      0.1045277E+01  0.1000000E+09  0.0000000E+00  0.0000000E+00  0.0000000E+00
   211     1.045E+00      1   4.978E-03   0.000E+00
       212              1                 0     0.4977686E-02      0.1050254E+01  0.1000000E+09  0.0000000E+00  0.0000000E+00  0.0000000E+00
   212     1.050E+00      1   4.978E-03   0.000E+00
       213              1                 0     0.4977682E-02      0.1055232E+01  0.1000000E+09  0.0000000E+00  0.0000000E+00  0.0000000E+00
   213     1.055E+00      1   4.978E-03   0.000E+00
       214              1                 0     0.4977682E-02      0.1060210E+01  0.1000000E+09  0.0000000E+00  0.0000000E+00  0.0000000E+00
   214     1.060E+00      1   4.978E-03   0.000E+00
       215              1                 0     0.4977678E-02      0.1065187E+01  0.1000000E+09  0.0000000E+00  0.0000000E+00  0.0000000E+00
   215     1.065E+00      1   4.978E-03   0.000E+00
       216              1                 0     0.4977677E-02      0.1070165E+01  0.1000000E+09  0.0000000E+00  0.0000000E+00  0.0000000E+00
   216     1.070E+00      1   4.978E-03   0.000E+00
       217              1                 0     0.4977673E-02      0.1075143E+01  0.1000000E+09  0.0000000E+00  0.0000000E+00  0.0000000E+00
   217     1.075E+00      1   4.978E-03   0.000E+00
       218              1                 0     0.4977672E-02      0.1080120E+01  0.1000000E+09  0.0000000E+00  0.0000000E+00  0.0000000E+00
   218     1.080E+00      1   4.978E-03   0.000E+00
       219              1                 0     0.4977668E-02      0.1085098E+01  0.1000000E+09  0.0000000E+00  0.0000000E+00  0.0000000E+00
   219     1.085E+00      1   4.978E-03   0.000E+00
       220              1                 0     0.4977665E-02      0.1090076E+01  0.1000000E+09  0.0000000E+00  0.0000000E+00  0.0000000E+00
   220     1.090E+00      1   4.978E-03   0.000E+00
       221              1                 0     0.4977662E-02      0.1095053E+01  0.1000000E+09  0.0000000E+00  0.0000000E+00  0.0000000E+00
   221     1.095E+00      1   4.978E-03   0.000E+00
       222              1                 0     0.4977658E-02      0.1100031E+01  0.1000000E+09  0.0000000E+00  0.0000000E+00  0.0000000E+00
   222     1.100E+00      1   4.978E-03   0.000E+00
       223              1                 0     0.4977654E-02      0.1105009E+01  0.1000000E+09  0.0000000E+00  0.0000000E+00  0.0000000E+00
   223     1.105E+00      1   4.978E-03   0.000E+00
       224              1                 0     0.4977651E-02      0.1109986E+01  0.1000000E+09  0.0000000E+00  0.0000000E+00  0.0000000E+00
   224     1.110E+00      1   4.978E-03   0.000E+00
       225              1                 0     0.4977647E-02      0.1114964E+01  0.1000000E+09  0.0000000E+00  0.0000000E+00  0.0000000E+00
   225     1.115E+00      1   4.978E-03   0.000E+00
       226              1                 0     0.4977642E-02      0.1119942E+01  0.1000000E+09  0.0000000E+00  0.0000000E+00  0.0000000E+00
   226     1.120E+00      1   4.978E-03   0.000E+00
       227              1                 0     0.4977636E-02      0.1124919E+01  0.1000000E+09  0.0000000E+00  0.0000000E+00  0.0000000E+00
   227     1.125E+00      1   4.978E-03   0.000E+00
       228              1                 0     0.4977632E-02      0.1129897E+01  0.1000000E+09  0.0000000E+00  0.0000000E+00  0.0000000E+00
   228     1.130E+00      1   4.978E-03   0.000E+00
       229              1                 0     0.4977627E-02      0.1134875E+01  0.1000000E+09  0.0000000E+00  0.0000000E+00  0.0000000E+00
   229     1.135E+00      1   4.978E-03   0.000E+00
       230              1                 0     0.4977622E-02      0.1139852E+01  0.1000000E+09  0.0000000E+00  0.0000000E+00  0.0000000E+00
   230     1.140E+00      1   4.978E-03   0.000E+00
       231              1                 0     0.4977617E-02      0.1144830E+01  0.1000000E+09  0.0000000E+00  0.0000000E+00  0.0000000E+00
   231     1.145E+00      1   4.978E-03   0.000E+00
       232              1                 0     0.4977612E-02      0.1149807E+01  0.1000000E+09  0.0000000E+00  0.0000000E+00  0.0000000E+00
   232     1.150E+00      1   4.978E-03   0.000E+00
       233              1                 0     0.4977606E-02      0.1154785E+01  0.1000000E+09  0.0000000E+00  0.0000000E+00  0.0000000E+00
   233     1.155E+00      1   4.978E-03   0.000E+00
       234              1                 0     0.4977600E-02      0.1159763E+01  0.1000000E+09  0.0000000E+00  0.0000000E+00  0.0000000E+00
   234     1.160E+00      1   4.978E-03   0.000E+00
       235              1                 0     0.4977593E-02      0.1164740E+01  0.1000000E+09  0.0000000E+00  0.0000000E+00  0.0000000E+00
   235     1.165E+00      1   4.978E-03   0.000E+00
       236              1                 0     0.4977587E-02      0.1169718E+01  0.1000000E+09  0.0000000E+00  0.0000000E+00  0.0000000E+00
   236     1.170E+00      1   4.978E-03   0.000E+00
       237              1                 0     0.4977580E-02      0.1174695E+01  0.1000000E+09  0.0000000E+00  0.0000000E+00  0.0000000E+00
   237     1.175E+00      1   4.978E-03   0.000E+00
       238              1                 0     0.4977572E-02      0.1179673E+01  0.1000000E+09  0.0000000E+00  0.0000000E+00  0.0000000E+00
   238     1.180E+00      1   4.978E-03   0.000E+00
       239              1                 0     0.4977566E-02      0.1184650E+01  0.1000000E+09  0.0000000E+00  0.0000000E+00  0.0000000E+00
   239     1.185E+00      1   4.978E-03   0.000E+00
       240              1                 0     0.4977560E-02      0.1189628E+01  0.1000000E+09  0.0000000E+00  0.0000000E+00  0.0000000E+00
   240     1.190E+00      1   4.978E-03   0.000E+00
       241              1                 0     0.4977553E-02      0.1194606E+01  0.1000000E+09  0.0000000E+00  0.0000000E+00  0.0000000E+00
   241     1.195E+00      1   4.978E-03   0.000E+00
       242              1                 0     0.4977546E-02      0.1199583E+01  0.1000000E+09  0.0000000E+00  0.0000000E+00  0.0000000E+00
   242     1.200E+00      1   4.978E-03   0.000E+00
       243              1                 0     0.4977539E-02      0.1204561E+01  0.1000000E+09  0.0000000E+00  0.0000000E+00  0.0000000E+00
   243     1.205E+00      1   4.978E-03   0.000E+00
       244              1                 0     0.4977531E-02      0.1209538E+01  0.1000000E+09  0.0000000E+00  0.0000000E+00  0.0000000E+00
   244     1.210E+00      1   4.978E-03   0.000E+00
       245              1                 0     0.4977522E-02      0.1214516E+01  0.1000000E+09  0.0000000E+00  0.0000000E+00  0.0000000E+00
   245     1.215E+00      1   4.978E-03   0.000E+00
       246              1                 0     0.4977515E-02      0.1219493E+01  0.1000000E+09  0.0000000E+00  0.0000000E+00  0.0000000E+00
   246     1.219E+00      1   4.978E-03   0.000E+00
       247              1                 0     0.4977509E-02      0.1224471E+01  0.1000000E+09  0.0000000E+00  0.0000000E+00  0.0000000E+00
   247     1.224E+00      1   4.978E-03   0.000E+00
       248              1                 0     0.4977502E-02      0.1229448E+01  0.1000000E+09  0.0000000E+00  0.0000000E+00  0.0000000E+00
   248     1.229E+00      1   4.978E-03   0.000E+00
       249              1                 0     0.4977494E-02      0.1234426E+01  0.1000000E+09  0.0000000E+00  0.0000000E+00  0.0000000E+00
   249     1.234E+00      1   4.977E-03   0.000E+00
       250              1                 0     0.4977485E-02      0.1239403E+01  0.1000000E+09  0.0000000E+00  0.0000000E+00  0.0000000E+00
   250     1.239E+00      1   4.977E-03   0.000E+00
       251              1                 0     0.4977476E-02      0.1244381E+01  0.1000000E+09  0.0000000E+00  0.0000000E+00  0.0000000E+00
   251     1.244E+00      1   4.977E-03   0.000E+00
       252              1                 0     0.4977470E-02      0.1249358E+01  0.1000000E+09  0.0000000E+00  0.0000000E+00  0.0000000E+00
   252     1.249E+00      1   4.977E-03   0.000E+00
       253              1                 0     0.4977464E-02      0.1254336E+01  0.1000000E+09  0.0000000E+00  0.0000000E+00  0.0000000E+00
   253     1.254E+00      1   4.977E-03   0.000E+00
       254              1                 0     0.4977457E-02      0.1259313E+01  0.1000000E+09  0.0000000E+00  0.0000000E+00  0.0000000E+00
   254     1.259E+00      1   4.977E-03   0.000E+00
       255              1                 0     0.4977449E-02      0.1264291E+01  0.1000000E+09  0.0000000E+00  0.0000000E+00  0.0000000E+00
   255     1.264E+00      1   4.977E-03   0.000E+00
       256              1                 0     0.4977440E-02      0.1269268E+01  0.1000000E+09  0.0000000E+00  0.0000000E+00  0.0000000E+00
   256     1.269E+00      1   4.977E-03   0.000E+00
       257              1                 0     0.4977433E-02      0.1274245E+01  0.1000000E+09  0.0000000E+00  0.0000000E+00  0.0000000E+00
   257     1.274E+00      1   4.977E-03   0.000E+00
       258              1                 0     0.4977428E-02      0.1279223E+01  0.1000000E+09  0.0000000E+00  0.0000000E+00  0.0000000E+00
   258     1.279E+00      1   4.977E-03   0.000E+00
       259              1                 0     0.4977422E-02      0.1284200E+01  0.1000000E+09  0.0000000E+00  0.0000000E+00  0.0000000E+00
   259     1.284E+00      1   4.977E-03   0.000E+00
       260              1                 0     0.4977416E-02      0.1289178E+01  0.1000000E+09  0.0000000E+00  0.0000000E+00  0.0000000E+00
   260     1.289E+00      1   4.977E-03   0.000E+00
       261              1                 0     0.4977410E-02      0.1294155E+01  0.1000000E+09  0.0000000E+00  0.0000000E+00  0.0000000E+00
   261     1.294E+00      1   4.977E-03   0.000E+00
       262              1                 0     0.4977403E-02      0.1299132E+01  0.1000000E+09  0.0000000E+00  0.0000000E+00  0.0000000E+00
   262     1.299E+00      1   4.977E-03   0.000E+00
       263              1                 0     0.4977397E-02      0.1304110E+01  0.1000000E+09  0.0000000E+00  0.0000000E+00  0.0000000E+00
   263     1.304E+00      1   4.977E-03   0.000E+00
       264              1                 0     0.4977391E-02      0.1309087E+01  0.1000000E+09  0.0000000E+00  0.0000000E+00  0.0000000E+00
   264     1.309E+00      1   4.977E-03   0.000E+00
       265              1                 0     0.4977385E-02      0.1314065E+01  0.1000000E+09  0.0000000E+00  0.0000000E+00  0.0000000E+00
   265     1.314E+00      1   4.977E-03   0.000E+00
       266              1                 0     0.4977380E-02      0.1319042E+01  0.1000000E+09  0.0000000E+00  0.0000000E+00  0.0000000E+00
   266     1.319E+00      1   4.977E-03   0.000E+00
       267              1                 0     0.4977376E-02      0.1324019E+01  0.1000000E+09  0.0000000E+00  0.0000000E+00  0.0000000E+00
   267     1.324E+00      1   4.977E-03   0.000E+00
       268              1                 0     0.4977372E-02      0.1328997E+01  0.1000000E+09  0.0000000E+00  0.0000000E+00  0.0000000E+00
   268     1.329E+00      1   4.977E-03   0.000E+00
       269              1                 0     0.4977369E-02      0.1333974E+01  0.1000000E+09  0.0000000E+00  0.0000000E+00  0.0000000E+00
   269     1.334E+00      1   4.977E-03   0.000E+00
       270              1                 0     0.4977365E-02      0.1338952E+01  0.1000000E+09  0.0000000E+00  0.0000000E+00  0.0000000E+00
   270     1.339E+00      1   4.977E-03   0.000E+00
       271              1                 0     0.4977363E-02      0.1343929E+01  0.1000000E+09  0.0000000E+00  0.0000000E+00  0.0000000E+00
   271     1.344E+00      1   4.977E-03   0.000E+00
       272              1                 0     0.4977362E-02      0.1348906E+01  0.1000000E+09  0.0000000E+00  0.0000000E+00  0.0000000E+00
   272     1.349E+00      1   4.977E-03   0.000E+00
       273              1                 0     0.4977361E-02      0.1353884E+01  0.1000000E+09  0.0000000E+00  0.0000000E+00  0.0000000E+00
   273     1.354E+00      1   4.977E-03   0.000E+00
       274              1                 0     0.4977361E-02      0.1358861E+01  0.1000000E+09  0.0000000E+00  0.0000000E+00  0.0000000E+00
   274     1.359E+00      1   4.977E-03   0.000E+00
       275              1                 0     0.4977360E-02      0.1363838E+01  0.1000000E+09  0.0000000E+00  0.0000000E+00  0.0000000E+00
   275     1.364E+00      1   4.977E-03   0.000E+00
       276              1                 0     0.4977359E-02      0.1368816E+01  0.1000000E+09  0.0000000E+00  0.0000000E+00  0.0000000E+00
   276     1.369E+00      1   4.977E-03   0.000E+00
       277              1                 0     0.4977357E-02      0.1373793E+01  0.1000000E+09  0.0000000E+00  0.0000000E+00  0.0000000E+00
   277     1.374E+00      1   4.977E-03   0.000E+00
       278              1                 0     0.4977355E-02      0.1378770E+01  0.1000000E+09  0.0000000E+00  0.0000000E+00  0.0000000E+00
   278     1.379E+00      1   4.977E-03   0.000E+00
       279              1                 0     0.4977359E-02      0.1383748E+01  0.1000000E+09  0.0000000E+00  0.0000000E+00  0.0000000E+00
   279     1.384E+00      1   4.977E-03   0.000E+00
       280              1                 0     0.4977360E-02      0.1388725E+01  0.1000000E+09  0.0000000E+00  0.0000000E+00  0.0000000E+00
   280     1.389E+00      1   4.977E-03   0.000E+00
       281              1                 0     0.4977358E-02      0.1393702E+01  0.1000000E+09  0.0000000E+00  0.0000000E+00  0.0000000E+00
   281     1.394E+00      1   4.977E-03   0.000E+00
       282              1                 0     0.4977361E-02      0.1398680E+01  0.1000000E+09  0.0000000E+00  0.0000000E+00  0.0000000E+00
   282     1.399E+00      1   4.977E-03   0.000E+00
       283              1                 0     0.4977364E-02      0.1403657E+01  0.1000000E+09  0.0000000E+00  0.0000000E+00  0.0000000E+00
   283     1.404E+00      1   4.977E-03   0.000E+00
       284              1                 0     0.4977362E-02      0.1408635E+01  0.1000000E+09  0.0000000E+00  0.0000000E+00  0.0000000E+00
   284     1.409E+00      1   4.977E-03   0.000E+00
       285              1                 0     0.4977368E-02      0.1413612E+01  0.1000000E+09  0.0000000E+00  0.0000000E+00  0.0000000E+00
   285     1.414E+00      1   4.977E-03   0.000E+00
       286              1                 0     0.4977369E-02      0.1418589E+01  0.1000000E+09  0.0000000E+00  0.0000000E+00  0.0000000E+00
   286     1.419E+00      1   4.977E-03   0.000E+00
       287              1                 0     0.4977372E-02      0.1423567E+01  0.1000000E+09  0.0000000E+00  0.0000000E+00  0.0000000E+00
   287     1.424E+00      1   4.977E-03   0.000E+00
       288              1                 0     0.4977374E-02      0.1428544E+01  0.1000000E+09  0.0000000E+00  0.0000000E+00  0.0000000E+00
   288     1.429E+00      1   4.977E-03   0.000E+00
       289              1                 0     0.4977377E-02      0.1433521E+01  0.1000000E+09  0.0000000E+00  0.0000000E+00  0.0000000E+00
   289     1.434E+00      1   4.977E-03   0.000E+00
       290              1                 0     0.4977378E-02      0.1438499E+01  0.1000000E+09  0.0000000E+00  0.0000000E+00  0.0000000E+00
   290     1.438E+00      1   4.977E-03   0.000E+00
       291              1                 0     0.4977382E-02      0.1443476E+01  0.1000000E+09  0.0000000E+00  0.0000000E+00  0.0000000E+00
   291     1.443E+00      1   4.977E-03   0.000E+00
       292              1                 0     0.4977382E-02      0.1448454E+01  0.1000000E+09  0.0000000E+00  0.0000000E+00  0.0000000E+00
   292     1.448E+00      1   4.977E-03   0.000E+00
       293              1                 0     0.4977385E-02      0.1453431E+01  0.1000000E+09  0.0000000E+00  0.0000000E+00  0.0000000E+00
   293     1.453E+00      1   4.977E-03   0.000E+00
       294              1                 0     0.4977390E-02      0.1458408E+01  0.1000000E+09  0.0000000E+00  0.0000000E+00  0.0000000E+00
   294     1.458E+00      1   4.977E-03   0.000E+00
       295              1                 0     0.4977390E-02      0.1463386E+01  0.1000000E+09  0.0000000E+00  0.0000000E+00  0.0000000E+00
   295     1.463E+00      1   4.977E-03   0.000E+00
       296              1                 0     0.4977391E-02      0.1468363E+01  0.1000000E+09  0.0000000E+00  0.0000000E+00  0.0000000E+00
   296     1.468E+00      1   4.977E-03   0.000E+00
       297              1                 0     0.4977393E-02      0.1473341E+01  0.1000000E+09  0.0000000E+00  0.0000000E+00  0.0000000E+00
   297     1.473E+00      1   4.977E-03   0.000E+00
       298              1                 0     0.4977397E-02      0.1478318E+01  0.1000000E+09  0.0000000E+00  0.0000000E+00  0.0000000E+00
   298     1.478E+00      1   4.977E-03   0.000E+00
       299              1                 0     0.4977399E-02      0.1483295E+01  0.1000000E+09  0.0000000E+00  0.0000000E+00  0.0000000E+00
   299     1.483E+00      1   4.977E-03   0.000E+00
       300              1                 0     0.4977399E-02      0.1488273E+01  0.1000000E+09  0.0000000E+00  0.0000000E+00  0.0000000E+00
   300     1.488E+00      1   4.977E-03   0.000E+00
       301              1                 0     0.4977398E-02      0.1493250E+01  0.1000000E+09  0.0000000E+00  0.0000000E+00  0.0000000E+00
   301     1.493E+00      1   4.977E-03   0.000E+00
       302              1                 0     0.4977397E-02      0.1498228E+01  0.1000000E+09  0.0000000E+00  0.0000000E+00  0.0000000E+00
   302     1.498E+00      1   4.977E-03   0.000E+00
       303              1                 0     0.4977397E-02      0.1503205E+01  0.1000000E+09  0.0000000E+00  0.0000000E+00  0.0000000E+00
   303     1.503E+00      1   4.977E-03   0.000E+00
       304              1                 0     0.4977397E-02      0.1508182E+01  0.1000000E+09  0.0000000E+00  0.0000000E+00  0.0000000E+00
   304     1.508E+00      1   4.977E-03   0.000E+00
       305              1                 0     0.4977397E-02      0.1513160E+01  0.1000000E+09  0.0000000E+00  0.0000000E+00  0.0000000E+00
   305     1.513E+00      1   4.977E-03   0.000E+00
       306              1                 0     0.4977398E-02      0.1518137E+01  0.1000000E+09  0.0000000E+00  0.0000000E+00  0.0000000E+00
   306     1.518E+00      1   4.977E-03   0.000E+00
       307              1                 0     0.4977398E-02      0.1523115E+01  0.1000000E+09  0.0000000E+00  0.0000000E+00  0.0000000E+00
   307     1.523E+00      1   4.977E-03   0.000E+00
       308              1                 0     0.4977399E-02      0.1528092E+01  0.1000000E+09  0.0000000E+00  0.0000000E+00  0.0000000E+00
   308     1.528E+00      1   4.977E-03   0.000E+00
       309              1                 0     0.4977398E-02      0.1533069E+01  0.1000000E+09  0.0000000E+00  0.0000000E+00  0.0000000E+00
   309     1.533E+00      1   4.977E-03   0.000E+00
       310              1                 0     0.4977395E-02      0.1538047E+01  0.1000000E+09  0.0000000E+00  0.0000000E+00  0.0000000E+00
   310     1.538E+00      1   4.977E-03   0.000E+00
       311              1                 0     0.4977390E-02      0.1543024E+01  0.1000000E+09  0.0000000E+00  0.0000000E+00  0.0000000E+00
   311     1.543E+00      1   4.977E-03   0.000E+00
       312              1                 0     0.4977390E-02      0.1548001E+01  0.1000000E+09  0.0000000E+00  0.0000000E+00  0.0000000E+00
   312     1.548E+00      1   4.977E-03   0.000E+00
       313              1                 0     0.4977390E-02      0.1552979E+01  0.1000000E+09  0.0000000E+00  0.0000000E+00  0.0000000E+00
   313     1.553E+00      1   4.977E-03   0.000E+00
       314              1                 0     0.4977385E-02      0.1557956E+01  0.1000000E+09  0.0000000E+00  0.0000000E+00  0.0000000E+00
   314     1.558E+00      1   4.977E-03   0.000E+00
       315              1                 0     0.4977383E-02      0.1562934E+01  0.1000000E+09  0.0000000E+00  0.0000000E+00  0.0000000E+00
   315     1.563E+00      1   4.977E-03   0.000E+00
       316              1                 0     0.4977382E-02      0.1567911E+01  0.1000000E+09  0.0000000E+00  0.0000000E+00  0.0000000E+00
   316     1.568E+00      1   4.977E-03   0.000E+00
       317              1                 0     0.4977375E-02      0.1572888E+01  0.1000000E+09  0.0000000E+00  0.0000000E+00  0.0000000E+00
   317     1.573E+00      1   4.977E-03   0.000E+00
       318              1                 0     0.4977377E-02      0.1577866E+01  0.1000000E+09  0.0000000E+00  0.0000000E+00  0.0000000E+00
   318     1.578E+00      1   4.977E-03   0.000E+00
       319              1                 0     0.4977371E-02      0.1582843E+01  0.1000000E+09  0.0000000E+00  0.0000000E+00  0.0000000E+00
   319     1.583E+00      1   4.977E-03   0.000E+00
       320              1                 0     0.4977372E-02      0.1587821E+01  0.1000000E+09  0.0000000E+00  0.0000000E+00  0.0000000E+00
   320     1.588E+00      1   4.977E-03   0.000E+00
       321              1                 0     0.4977365E-02      0.1592798E+01  0.1000000E+09  0.0000000E+00  0.0000000E+00  0.0000000E+00
   321     1.593E+00      1   4.977E-03   0.000E+00
       322              1                 0     0.4977368E-02      0.1597775E+01  0.1000000E+09  0.0000000E+00  0.0000000E+00  0.0000000E+00
   322     1.598E+00      1   4.977E-03   0.000E+00
       323              1                 0     0.4977363E-02      0.1602753E+01  0.1000000E+09  0.0000000E+00  0.0000000E+00  0.0000000E+00
   323     1.603E+00      1   4.977E-03   0.000E+00
       324              1                 0     0.4977362E-02      0.1607730E+01  0.1000000E+09  0.0000000E+00  0.0000000E+00  0.0000000E+00
   324     1.608E+00      1   4.977E-03   0.000E+00
       325              1                 0     0.4977362E-02      0.1612707E+01  0.1000000E+09  0.0000000E+00  0.0000000E+00  0.0000000E+00
   325     1.613E+00      1   4.977E-03   0.000E+00
       326              1                 0     0.4977358E-02      0.1617685E+01  0.1000000E+09  0.0000000E+00  0.0000000E+00  0.0000000E+00
   326     1.618E+00      1   4.977E-03   0.000E+00
       327              1                 0     0.4977358E-02      0.1622662E+01  0.1000000E+09  0.0000000E+00  0.0000000E+00  0.0000000E+00
   327     1.623E+00      1   4.977E-03   0.000E+00
       328              1                 0     0.4977359E-02      0.1627639E+01  0.1000000E+09  0.0000000E+00  0.0000000E+00  0.0000000E+00
   328     1.628E+00      1   4.977E-03   0.000E+00
       329              1                 0     0.4977358E-02      0.1632617E+01  0.1000000E+09  0.0000000E+00  0.0000000E+00  0.0000000E+00
   329     1.633E+00      1   4.977E-03   0.000E+00
       330              1                 0     0.4977356E-02      0.1637594E+01  0.1000000E+09  0.0000000E+00  0.0000000E+00  0.0000000E+00
   330     1.638E+00      1   4.977E-03   0.000E+00
       331              1                 0     0.4977356E-02      0.1642571E+01  0.1000000E+09  0.0000000E+00  0.0000000E+00  0.0000000E+00
   331     1.643E+00      1   4.977E-03   0.000E+00
       332              1                 0     0.4977359E-02      0.1647549E+01  0.1000000E+09  0.0000000E+00  0.0000000E+00  0.0000000E+00
   332     1.648E+00      1   4.977E-03   0.000E+00
       333              1                 0     0.4977361E-02      0.1652526E+01  0.1000000E+09  0.0000000E+00  0.0000000E+00  0.0000000E+00
   333     1.653E+00      1   4.977E-03   0.000E+00
       334              1                 0     0.4977363E-02      0.1657504E+01  0.1000000E+09  0.0000000E+00  0.0000000E+00  0.0000000E+00
   334     1.658E+00      1   4.977E-03   0.000E+00
       335              1                 0     0.4977365E-02      0.1662481E+01  0.1000000E+09  0.0000000E+00  0.0000000E+00  0.0000000E+00
   335     1.662E+00      1   4.977E-03   0.000E+00
       336              1                 0     0.4977367E-02      0.1667458E+01  0.1000000E+09  0.0000000E+00  0.0000000E+00  0.0000000E+00
   336     1.667E+00      1   4.977E-03   0.000E+00
       337              1                 0     0.4977370E-02      0.1672436E+01  0.1000000E+09  0.0000000E+00  0.0000000E+00  0.0000000E+00
   337     1.672E+00      1   4.977E-03   0.000E+00
       338              1                 0     0.4977373E-02      0.1677413E+01  0.1000000E+09  0.0000000E+00  0.0000000E+00  0.0000000E+00
   338     1.677E+00      1   4.977E-03   0.000E+00
       339              1                 0     0.4977376E-02      0.1682390E+01  0.1000000E+09  0.0000000E+00  0.0000000E+00  0.0000000E+00
   339     1.682E+00      1   4.977E-03   0.000E+00
       340              1                 0     0.4977380E-02      0.1687368E+01  0.1000000E+09  0.0000000E+00  0.0000000E+00  0.0000000E+00
   340     1.687E+00      1   4.977E-03   0.000E+00
       341              1                 0     0.4977385E-02      0.1692345E+01  0.1000000E+09  0.0000000E+00  0.0000000E+00  0.0000000E+00
   341     1.692E+00      1   4.977E-03   0.000E+00
       342              1                 0     0.4977390E-02      0.1697323E+01  0.1000000E+09  0.0000000E+00  0.0000000E+00  0.0000000E+00
   342     1.697E+00      1   4.977E-03   0.000E+00
       343              1                 0     0.4977395E-02      0.1702300E+01  0.1000000E+09  0.0000000E+00  0.0000000E+00  0.0000000E+00
   343     1.702E+00      1   4.977E-03   0.000E+00
       344              1                 0     0.4977400E-02      0.1707277E+01  0.1000000E+09  0.0000000E+00  0.0000000E+00  0.0000000E+00
   344     1.707E+00      1   4.977E-03   0.000E+00
       345              1                 0     0.4977406E-02      0.1712255E+01  0.1000000E+09  0.0000000E+00  0.0000000E+00  0.0000000E+00
   345     1.712E+00      1   4.977E-03   0.000E+00
       346              1                 0     0.4977411E-02      0.1717232E+01  0.1000000E+09  0.0000000E+00  0.0000000E+00  0.0000000E+00
   346     1.717E+00      1   4.977E-03   0.000E+00
       347              1                 0     0.4977416E-02      0.1722210E+01  0.1000000E+09  0.0000000E+00  0.0000000E+00  0.0000000E+00
   347     1.722E+00      1   4.977E-03   0.000E+00
       348              1                 0     0.4977421E-02      0.1727187E+01  0.1000000E+09  0.0000000E+00  0.0000000E+00  0.0000000E+00
   348     1.727E+00      1   4.977E-03   0.000E+00
       349              1                 0     0.4977429E-02      0.1732164E+01  0.1000000E+09  0.0000000E+00  0.0000000E+00  0.0000000E+00
   349     1.732E+00      1   4.977E-03   0.000E+00
       350              1                 0     0.4977437E-02      0.1737142E+01  0.1000000E+09  0.0000000E+00  0.0000000E+00  0.0000000E+00
   350     1.737E+00      1   4.977E-03   0.000E+00
       351              1                 0     0.4977444E-02      0.1742119E+01  0.1000000E+09  0.0000000E+00  0.0000000E+00  0.0000000E+00
   351     1.742E+00      1   4.977E-03   0.000E+00
       352              1                 0     0.4977451E-02      0.1747097E+01  0.1000000E+09  0.0000000E+00  0.0000000E+00  0.0000000E+00
   352     1.747E+00      1   4.977E-03   0.000E+00
       353              1                 0     0.4977458E-02      0.1752074E+01  0.1000000E+09  0.0000000E+00  0.0000000E+00  0.0000000E+00
   353     1.752E+00      1   4.977E-03   0.000E+00
       354              1                 0     0.4977463E-02      0.1757052E+01  0.1000000E+09  0.0000000E+00  0.0000000E+00  0.0000000E+00
   354     1.757E+00      1   4.977E-03   0.000E+00
       355              1                 0     0.4977472E-02      0.1762029E+01  0.1000000E+09  0.0000000E+00  0.0000000E+00  0.0000000E+00
   355     1.762E+00      1   4.977E-03   0.000E+00
       356              1                 0     0.4977481E-02      0.1767007E+01  0.1000000E+09  0.0000000E+00  0.0000000E+00  0.0000000E+00
   356     1.767E+00      1   4.977E-03   0.000E+00
       357              1                 0     0.4977489E-02      0.1771984E+01  0.1000000E+09  0.0000000E+00  0.0000000E+00  0.0000000E+00
   357     1.772E+00      1   4.977E-03   0.000E+00
       358              1                 0     0.4977496E-02      0.1776962E+01  0.1000000E+09  0.0000000E+00  0.0000000E+00  0.0000000E+00
   358     1.777E+00      1   4.977E-03   0.000E+00
       359              1                 0     0.4977502E-02      0.1781939E+01  0.1000000E+09  0.0000000E+00  0.0000000E+00  0.0000000E+00
   359     1.782E+00      1   4.978E-03   0.000E+00
       360              1                 0     0.4977509E-02      0.1786917E+01  0.1000000E+09  0.0000000E+00  0.0000000E+00  0.0000000E+00
   360     1.787E+00      1   4.978E-03   0.000E+00
       361              1                 0     0.4977518E-02      0.1791894E+01  0.1000000E+09  0.0000000E+00  0.0000000E+00  0.0000000E+00
   361     1.792E+00      1   4.978E-03   0.000E+00
       362              1                 0     0.4977526E-02      0.1796872E+01  0.1000000E+09  0.0000000E+00  0.0000000E+00  0.0000000E+00
   362     1.797E+00      1   4.978E-03   0.000E+00
       363              1                 0     0.4977534E-02      0.1801849E+01  0.1000000E+09  0.0000000E+00  0.0000000E+00  0.0000000E+00
   363     1.802E+00      1   4.978E-03   0.000E+00
       364              1                 0     0.4977541E-02      0.1806827E+01  0.1000000E+09  0.0000000E+00  0.0000000E+00  0.0000000E+00
   364     1.807E+00      1   4.978E-03   0.000E+00
       365              1                 0     0.4977547E-02      0.1811804E+01  0.1000000E+09  0.0000000E+00  0.0000000E+00  0.0000000E+00
   365     1.812E+00      1   4.978E-03   0.000E+00
       366              1                 0     0.4977553E-02      0.1816782E+01  0.1000000E+09  0.0000000E+00  0.0000000E+00  0.0000000E+00
   366     1.817E+00      1   4.978E-03   0.000E+00
       367              1                 0     0.4977561E-02      0.1821759E+01  0.1000000E+09  0.0000000E+00  0.0000000E+00  0.0000000E+00
   367     1.822E+00      1   4.978E-03   0.000E+00
       368              1                 0     0.4977569E-02      0.1826737E+01  0.1000000E+09  0.0000000E+00  0.0000000E+00  0.0000000E+00
   368     1.827E+00      1   4.978E-03   0.000E+00
       369              1                 0     0.4977576E-02      0.1831715E+01  0.1000000E+09  0.0000000E+00  0.0000000E+00  0.0000000E+00
   369     1.832E+00      1   4.978E-03   0.000E+00
       370              1                 0     0.4977583E-02      0.1836692E+01  0.1000000E+09  0.0000000E+00  0.0000000E+00  0.0000000E+00
   370     1.837E+00      1   4.978E-03   0.000E+00
       371              1                 0     0.4977589E-02      0.1841670E+01  0.1000000E+09  0.0000000E+00  0.0000000E+00  0.0000000E+00
   371     1.842E+00      1   4.978E-03   0.000E+00
       372              1                 0     0.4977596E-02      0.1846647E+01  0.1000000E+09  0.0000000E+00  0.0000000E+00  0.0000000E+00
   372     1.847E+00      1   4.978E-03   0.000E+00
       373              1                 0     0.4977602E-02      0.1851625E+01  0.1000000E+09  0.0000000E+00  0.0000000E+00  0.0000000E+00
   373     1.852E+00      1   4.978E-03   0.000E+00
       374              1                 0     0.4977608E-02      0.1856603E+01  0.1000000E+09  0.0000000E+00  0.0000000E+00  0.0000000E+00
   374     1.857E+00      1   4.978E-03   0.000E+00
       375              1                 0     0.4977613E-02      0.1861580E+01  0.1000000E+09  0.0000000E+00  0.0000000E+00  0.0000000E+00
   375     1.862E+00      1   4.978E-03   0.000E+00
       376              1                 0     0.4977619E-02      0.1866558E+01  0.1000000E+09  0.0000000E+00  0.0000000E+00  0.0000000E+00
   376     1.867E+00      1   4.978E-03   0.000E+00
       377              1                 0     0.4977624E-02      0.1871535E+01  0.1000000E+09  0.0000000E+00  0.0000000E+00  0.0000000E+00
   377     1.872E+00      1   4.978E-03   0.000E+00
       378              1                 0     0.4977630E-02      0.1876513E+01  0.1000000E+09  0.0000000E+00  0.0000000E+00  0.0000000E+00
   378     1.877E+00      1   4.978E-03   0.000E+00
       379              1                 0     0.4977634E-02      0.1881491E+01  0.1000000E+09  0.0000000E+00  0.0000000E+00  0.0000000E+00
   379     1.881E+00      1   4.978E-03   0.000E+00
       380              1                 0     0.4977639E-02      0.1886468E+01  0.1000000E+09  0.0000000E+00  0.0000000E+00  0.0000000E+00
   380     1.886E+00      1   4.978E-03   0.000E+00
       381              1                 0     0.4977642E-02      0.1891446E+01  0.1000000E+09  0.0000000E+00  0.0000000E+00  0.0000000E+00
   381     1.891E+00      1   4.978E-03   0.000E+00
       382              1                 0     0.4977647E-02      0.1896424E+01  0.1000000E+09  0.0000000E+00  0.0000000E+00  0.0000000E+00
   382     1.896E+00      1   4.978E-03   0.000E+00
       383              1                 0     0.4977652E-02      0.1901401E+01  0.1000000E+09  0.0000000E+00  0.0000000E+00  0.0000000E+00
   383     1.901E+00      1   4.978E-03   0.000E+00
       384              1                 0     0.4977656E-02      0.1906379E+01  0.1000000E+09  0.0000000E+00  0.0000000E+00  0.0000000E+00
   384     1.906E+00      1   4.978E-03   0.000E+00
       385              1                 0     0.4977659E-02      0.1911357E+01  0.1000000E+09  0.0000000E+00  0.0000000E+00  0.0000000E+00
   385     1.911E+00      1   4.978E-03   0.000E+00
       386              1                 0     0.4977663E-02      0.1916334E+01  0.1000000E+09  0.0000000E+00  0.0000000E+00  0.0000000E+00
   386     1.916E+00      1   4.978E-03   0.000E+00
       387              1                 0     0.4977667E-02      0.1921312E+01  0.1000000E+09  0.0000000E+00  0.0000000E+00  0.0000000E+00
   387     1.921E+00      1   4.978E-03   0.000E+00
       388              1                 0     0.4977669E-02      0.1926290E+01  0.1000000E+09  0.0000000E+00  0.0000000E+00  0.0000000E+00
   388     1.926E+00      1   4.978E-03   0.000E+00
       389              1                 0     0.4977672E-02      0.1931267E+01  0.1000000E+09  0.0000000E+00  0.0000000E+00  0.0000000E+00
   389     1.931E+00      1   4.978E-03   0.000E+00
       390              1                 0     0.4977675E-02      0.1936245E+01  0.1000000E+09  0.0000000E+00  0.0000000E+00  0.0000000E+00
   390     1.936E+00      1   4.978E-03   0.000E+00
       391              1                 0     0.4977677E-02      0.1941223E+01  0.1000000E+09  0.0000000E+00  0.0000000E+00  0.0000000E+00
   391     1.941E+00      1   4.978E-03   0.000E+00
       392              1                 0     0.4977680E-02      0.1946200E+01  0.1000000E+09  0.0000000E+00  0.0000000E+00  0.0000000E+00
   392     1.946E+00      1   4.978E-03   0.000E+00
       393              1                 0     0.4977682E-02      0.1951178E+01  0.1000000E+09  0.0000000E+00  0.0000000E+00  0.0000000E+00
   393     1.951E+00      1   4.978E-03   0.000E+00
       394              1                 0     0.4977683E-02      0.1956156E+01  0.1000000E+09  0.0000000E+00  0.0000000E+00  0.0000000E+00
   394     1.956E+00      1   4.978E-03   0.000E+00
       395              1                 0     0.4977684E-02      0.1961133E+01  0.1000000E+09  0.0000000E+00  0.0000000E+00  0.0000000E+00
   395     1.961E+00      1   4.978E-03   0.000E+00
       396              1                 0     0.4977687E-02      0.1966111E+01  0.1000000E+09  0.0000000E+00  0.0000000E+00  0.0000000E+00
   396     1.966E+00      1   4.978E-03   0.000E+00
       397              1                 0     0.4977688E-02      0.1971089E+01  0.1000000E+09  0.0000000E+00  0.0000000E+00  0.0000000E+00
   397     1.971E+00      1   4.978E-03   0.000E+00
       398              1                 0     0.4977688E-02      0.1976066E+01  0.1000000E+09  0.0000000E+00  0.0000000E+00  0.0000000E+00
   398     1.976E+00      1   4.978E-03   0.000E+00
       399              1                 0     0.4977690E-02      0.1981044E+01  0.1000000E+09  0.0000000E+00  0.0000000E+00  0.0000000E+00
   399     1.981E+00      1   4.978E-03   0.000E+00
       400              1                 0     0.4977692E-02      0.1986022E+01  0.1000000E+09  0.0000000E+00  0.0000000E+00  0.0000000E+00
   400     1.986E+00      1   4.978E-03   0.000E+00
       401              1                 0     0.4977692E-02      0.1990999E+01  0.1000000E+09  0.0000000E+00  0.0000000E+00  0.0000000E+00
   401     1.991E+00      1   4.978E-03   0.000E+00
       402              1                 0     0.4977692E-02      0.1995977E+01  0.1000000E+09  0.0000000E+00  0.0000000E+00  0.0000000E+00
   402     1.996E+00      1   4.978E-03   0.000E+00
       402              1                 0     0.4977691E-02      0.2000000E+01  0.1000000E+09  0.0000000E+00  0.0000000E+00  0.0000000E+00
   402     2.000E+00      1   4.978E-03   0.000E+00
       402              1                 0     0.4977691E-02      0.2000000E+01  0.1000000E+09  0.0000000E+00  0.0000000E+00  0.0000000E+00
   402     2.000E+00      1   4.978E-03   0.000E+00
 End of problem: Total CPU time =            2.576 sec
                 Total CPU time =  0h  0m  2s 576ms
