
 Global mass balance
 ===================

 No. of | Total time  | Total inlet | Total outlet| Total trans.| Relation    | Deviation of
 timest.|             | massflow    | massflow    | mass incr.  | trans./inlet| mass balance
 (nstep)|   (timet)   | (m_in_tot)  | (m_out_tot) (m_stored_cool) (m..trans)  | (m..deviat) 
   [-]  |     [s]     |   [kg/s]    |   [kg/s]    |   [kg/s]    |             |
=============================================================================================
    10        0.0448        0.2705        0.2711        0.0000         0.00 %        -0.20 %
    20        0.0946        0.2686        0.2711        0.0000         0.00 %        -0.90 %
    30        0.1444        0.2656        0.2711        0.0000         0.00 %        -2.06 %
    40        0.1941        0.2616        0.2711        0.0000         0.00 %        -3.63 %
    50        0.2439        0.2569        0.2711        0.0000         0.00 %        -5.51 %
    60        0.2937        0.2520        0.2711        0.0000         0.00 %        -7.56 %
    70        0.3435        0.2474        0.2710        0.0000         0.00 %        -9.57 %
    80        0.3932        0.2435        0.2710        0.0000         0.00 %       -11.32 %
    90        0.4430        0.2408        0.2710        0.0000         0.00 %       -12.55 %
   100        0.4928        0.2397        0.2710        0.0000         0.00 %       -13.06 %
   110        0.5425        0.2403        0.2704        0.0000         0.00 %       -12.49 %
   120        0.5923        0.2426        0.2684        0.0000         0.00 %       -10.63 %
   130        0.6421        0.2461        0.2652        0.0000         0.00 %        -7.74 %
   140        0.6919        0.2506        0.2611        0.0000         0.00 %        -4.18 %
   150        0.7416        0.2555        0.2564        0.0000         0.00 %        -0.35 %
   160        0.7914        0.2603        0.2515        0.0000         0.00 %         3.37 %
   170        0.8412        0.2645        0.2469        0.0000         0.00 %         6.66 %
   180        0.8910        0.2679        0.2431        0.0000         0.00 %         9.25 %
   190        0.9407        0.2701        0.2406        0.0000         0.00 %        10.93 %
   200        0.9905        0.2710        0.2396        0.0000         0.00 %        11.58 %
   210        1.0403        0.2706        0.2404        0.0000         0.00 %        11.16 %
   220        1.0901        0.2689        0.2428        0.0000         0.00 %         9.69 %
   230        1.1399        0.2659        0.2465        0.0000         0.00 %         7.30 %
   240        1.1896        0.2620        0.2510        0.0000         0.00 %         4.17 %
   250        1.2394        0.2573        0.2559        0.0000         0.00 %         0.55 %
   260        1.2892        0.2524        0.2607        0.0000         0.00 %        -3.26 %
   270        1.3390        0.2478        0.2649        0.0000         0.00 %        -6.90 %
   280        1.3887        0.2438        0.2681        0.0000         0.00 %        -9.98 %
   290        1.4385        0.2410        0.2702        0.0000         0.00 %       -12.13 %
   300        1.4883        0.2397        0.2710        0.0000         0.00 %       -13.05 %
   310        1.5380        0.2402        0.2705        0.0000         0.00 %       -12.60 %
   320        1.5878        0.2423        0.2686        0.0000         0.00 %       -10.85 %
   330        1.6376        0.2458        0.2655        0.0000         0.00 %        -8.03 %
   340        1.6874        0.2502        0.2615        0.0000         0.00 %        -4.52 %
   350        1.7371        0.2550        0.2568        0.0000         0.00 %        -0.69 %
   360        1.7869        0.2598        0.2519        0.0000         0.00 %         3.05 %
   370        1.8367        0.2641        0.2473        0.0000         0.00 %         6.39 %
   380        1.8865        0.2676        0.2434        0.0000         0.00 %         9.05 %
   390        1.9362        0.2700        0.2407        0.0000         0.00 %        10.82 %
   400        1.9860        0.2710        0.2397        0.0000         0.00 %        11.57 %
